Using pre-set license
Built from '2022.3/release' branch; Version is '2022.3.18f1 (d29bea25151d) revision 13802474'; Using compiler version '192829333'; Build Type 'Release'
OS: 'Windows 11  (10.0.22631) 64bit CoreSingleLanguage' Language: 'ru' Physical Memory: 16121 MB
BatchMode: 1, IsHumanControllingUs: 0, StartBugReporterOnCrash: 0, Is64bit: 1, IsPro: 1

COMMAND LINE ARGUMENTS:
C:\Program Files\Unity\Hub\Editor\2022.3.18f1\Editor\Unity.exe
-adb2
-batchMode
-noUpm
-name
AssetImportWorker3
-projectPath
C:/Delta-game/Delta game
-logFile
Logs/AssetImportWorker3.log
-srvPort
63627
Successfully changed project path to: C:/Delta-game/Delta game
C:/Delta-game/Delta game
[UnityMemory] Configuration Parameters - Can be set up in boot.config
    "memorysetup-bucket-allocator-granularity=16"
    "memorysetup-bucket-allocator-bucket-count=8"
    "memorysetup-bucket-allocator-block-size=33554432"
    "memorysetup-bucket-allocator-block-count=8"
    "memorysetup-main-allocator-block-size=16777216"
    "memorysetup-thread-allocator-block-size=16777216"
    "memorysetup-gfx-main-allocator-block-size=16777216"
    "memorysetup-gfx-thread-allocator-block-size=16777216"
    "memorysetup-cache-allocator-block-size=4194304"
    "memorysetup-typetree-allocator-block-size=2097152"
    "memorysetup-profiler-bucket-allocator-granularity=16"
    "memorysetup-profiler-bucket-allocator-bucket-count=8"
    "memorysetup-profiler-bucket-allocator-block-size=33554432"
    "memorysetup-profiler-bucket-allocator-block-count=8"
    "memorysetup-profiler-allocator-block-size=16777216"
    "memorysetup-profiler-editor-allocator-block-size=1048576"
    "memorysetup-temp-allocator-size-main=16777216"
    "memorysetup-job-temp-allocator-block-size=2097152"
    "memorysetup-job-temp-allocator-block-size-background=1048576"
    "memorysetup-job-temp-allocator-reduction-small-platforms=262144"
    "memorysetup-allocator-temp-initial-block-size-main=262144"
    "memorysetup-allocator-temp-initial-block-size-worker=262144"
    "memorysetup-temp-allocator-size-background-worker=32768"
    "memorysetup-temp-allocator-size-job-worker=262144"
    "memorysetup-temp-allocator-size-preload-manager=33554432"
    "memorysetup-temp-allocator-size-nav-mesh-worker=65536"
    "memorysetup-temp-allocator-size-audio-worker=65536"
    "memorysetup-temp-allocator-size-cloud-worker=32768"
    "memorysetup-temp-allocator-size-gi-baking-worker=262144"
    "memorysetup-temp-allocator-size-gfx=262144"
Player connection [340] Host "[IP] 10.246.1.154 [Port] 0 [Flags] 2 [Guid] 3828891725 [EditorId] 3828891725 [Version] 1048832 [Id] WindowsEditor(7,LAPTOP-LK7ADK1S) [Debug] 1 [PackageName] WindowsEditor [ProjectName] Editor" joined multi-casting on [225.0.0.222:54997]...

Player connection [340] Host "[IP] 10.246.1.154 [Port] 0 [Flags] 2 [Guid] 3828891725 [EditorId] 3828891725 [Version] 1048832 [Id] WindowsEditor(7,LAPTOP-LK7ADK1S) [Debug] 1 [PackageName] WindowsEditor [ProjectName] Editor" joined alternative multi-casting on [225.0.0.222:34997]...

[Physics::Module] Initialized MultithreadedJobDispatcher with 11 workers.
Refreshing native plugins compatible for Editor in 6.19 ms, found 3 plugins.
Preloading 0 native plugins for Editor in 0.00 ms.
Initialize engine version: 2022.3.18f1 (d29bea25151d)
[Subsystems] Discovering subsystems at path C:/Program Files/Unity/Hub/Editor/2022.3.18f1/Editor/Data/Resources/UnitySubsystems
[Subsystems] Discovering subsystems at path C:/Delta-game/Delta game/Assets
GfxDevice: creating device client; threaded=0; jobified=0
Direct3D:
    Version:  Direct3D 11.0 [level 11.1]
    Renderer: NVIDIA GeForce RTX 3050 Laptop GPU (ID=0x25a2)
    Vendor:   NVIDIA
    VRAM:     3964 MB
    Driver:   31.0.15.5152
Initialize mono
Mono path[0] = 'C:/Program Files/Unity/Hub/Editor/2022.3.18f1/Editor/Data/Managed'
Mono path[1] = 'C:/Program Files/Unity/Hub/Editor/2022.3.18f1/Editor/Data/MonoBleedingEdge/lib/mono/unityjit-win32'
Mono config path = 'C:/Program Files/Unity/Hub/Editor/2022.3.18f1/Editor/Data/MonoBleedingEdge/etc'
Using monoOptions --debugger-agent=transport=dt_socket,embedding=1,server=y,suspend=n,address=127.0.0.1:56360
Begin MonoManager ReloadAssembly
Registering precompiled unity dll's ...
Register platform support module: C:/Program Files/Unity/Hub/Editor/2022.3.18f1/Editor/Data/PlaybackEngines/WebGLSupport/UnityEditor.WebGL.Extensions.dll
Register platform support module: C:/Program Files/Unity/Hub/Editor/2022.3.18f1/Editor/Data/PlaybackEngines/WindowsStandaloneSupport/UnityEditor.WindowsStandalone.Extensions.dll
Registered in 0.006704 seconds.
- Loaded All Assemblies, in  0.292 seconds
Native extension for WindowsStandalone target not found
Native extension for WebGL target not found
Mono: successfully reloaded assembly
- Finished resetting the current domain, in  0.232 seconds
Domain Reload Profiling: 523ms
	BeginReloadAssembly (87ms)
		ExecutionOrderSort (0ms)
		DisableScriptedObjects (0ms)
		BackupInstance (0ms)
		ReleaseScriptingObjects (0ms)
		CreateAndSetChildDomain (1ms)
	RebuildCommonClasses (30ms)
	RebuildNativeTypeToScriptingClass (9ms)
	initialDomainReloadingComplete (50ms)
	LoadAllAssembliesAndSetupDomain (114ms)
		LoadAssemblies (85ms)
		RebuildTransferFunctionScriptingTraits (0ms)
		AnalyzeDomain (112ms)
			TypeCache.Refresh (111ms)
				TypeCache.ScanAssembly (100ms)
			ScanForSourceGeneratedMonoScriptInfo (0ms)
			ResolveRequiredComponents (0ms)
	FinalizeReload (232ms)
		ReleaseScriptCaches (0ms)
		RebuildScriptCaches (0ms)
		SetupLoadedEditorAssemblies (181ms)
			LogAssemblyErrors (0ms)
			InitializePlatformSupportModulesInManaged (9ms)
			SetLoadedEditorAssemblies (5ms)
			RefreshPlugins (0ms)
			BeforeProcessingInitializeOnLoad (2ms)
			ProcessInitializeOnLoadAttributes (125ms)
			ProcessInitializeOnLoadMethodAttributes (40ms)
			AfterProcessingInitializeOnLoad (0ms)
			EditorAssembliesLoaded (0ms)
		ExecutionOrderSort2 (0ms)
		AwakeInstancesAfterBackupRestoration (0ms)
========================================================================
Worker process is ready to serve import requests
Begin MonoManager ReloadAssembly
- Loaded All Assemblies, in  0.537 seconds
Refreshing native plugins compatible for Editor in 2.47 ms, found 3 plugins.
Native extension for WindowsStandalone target not found
Native extension for WebGL target not found
Package Manager log level set to [2]
[Package Manager] Server::EnsureServerProcessIsRunning -- launch failed, reason: Unity was launched with the -noUpm command-line argument
[Package Manager] UpmClient::Send -- Unable to send message (not connected to UPM process).
[Package Manager] Cannot connect to Unity Package Manager local server
Mono: successfully reloaded assembly
- Finished resetting the current domain, in  0.492 seconds
Domain Reload Profiling: 1026ms
	BeginReloadAssembly (119ms)
		ExecutionOrderSort (0ms)
		DisableScriptedObjects (4ms)
		BackupInstance (0ms)
		ReleaseScriptingObjects (0ms)
		CreateAndSetChildDomain (19ms)
	RebuildCommonClasses (36ms)
	RebuildNativeTypeToScriptingClass (10ms)
	initialDomainReloadingComplete (44ms)
	LoadAllAssembliesAndSetupDomain (326ms)
		LoadAssemblies (238ms)
		RebuildTransferFunctionScriptingTraits (0ms)
		AnalyzeDomain (156ms)
			TypeCache.Refresh (139ms)
				TypeCache.ScanAssembly (126ms)
			ScanForSourceGeneratedMonoScriptInfo (12ms)
			ResolveRequiredComponents (3ms)
	FinalizeReload (492ms)
		ReleaseScriptCaches (0ms)
		RebuildScriptCaches (0ms)
		SetupLoadedEditorAssemblies (350ms)
			LogAssemblyErrors (0ms)
			InitializePlatformSupportModulesInManaged (6ms)
			SetLoadedEditorAssemblies (4ms)
			RefreshPlugins (0ms)
			BeforeProcessingInitializeOnLoad (52ms)
			ProcessInitializeOnLoadAttributes (266ms)
			ProcessInitializeOnLoadMethodAttributes (16ms)
			AfterProcessingInitializeOnLoad (5ms)
			EditorAssembliesLoaded (0ms)
		ExecutionOrderSort2 (0ms)
		AwakeInstancesAfterBackupRestoration (5ms)
Launched and connected shader compiler UnityShaderCompiler.exe after 0.04 seconds
Refreshing native plugins compatible for Editor in 3.68 ms, found 3 plugins.
Preloading 0 native plugins for Editor in 0.00 ms.
Unloading 3225 Unused Serialized files (Serialized files now loaded: 0)
Unloading 44 unused Assets / (1.8 MB). Loaded Objects now: 3682.
Memory consumption went from 139.7 MB to 137.9 MB.
Total: 3.521600 ms (FindLiveObjects: 0.325600 ms CreateObjectMapping: 0.135700 ms MarkObjects: 2.716500 ms  DeleteObjects: 0.342500 ms)

AssetImportParameters requested are different than current active one (requested -> active):
  custom:container-demuxer-ogg: 62fdf1f143b41e24485cea50d1cbac27 -> 
  custom:video-codec-MediaFoundation-h265: 746d11721c4dcdbdad8f713fa42b33f4 -> 
  custom:video-decoder-ogg-theora: a1e56fd34408186e4bbccfd4996cb3dc -> 
  custom:framework-win-MediaFoundation: 216162199b28c13a410421893ffa2e32 -> 
  custom:CustomObjectIndexerAttribute: 6d391050e5a25f67b0a2c618074f2cd9 -> 
  custom:container-demuxer-webm: 4f35f7cbe854078d1ac9338744f61a02 -> 
  custom:container-muxer-webm: aa71ff27fc2769a1b78a27578f13a17b -> 
  custom:video-decoder-webm-vp8: 9c59270c3fd7afecdb556c50c9e8de78 -> 
  custom:SearchIndexIgnoredProperties: e643bd26f0fe6173181afceb89e7c659 -> 
  custom:AudioImporter_EditorPlatform: d09bf68614088b80899f8185d706f6e7 -> 
  custom:video-encoder-webm-vp8: eb34c28f22e8b96e1ab97ce403110664 -> 
  custom:audio-decoder-ogg-vorbis: bf7c407c2cedff20999df2af8eb42d56 -> 
  custom:audio-encoder-webm-vorbis: bf7c407c2cedff20999df2af8eb42d56 -> 
========================================================================
Received Import Request.
  Time since last request: 1508405.992581 seconds.
  path: Assets/import/Sci-Fi Styled Modular Pack/Models/art_3.fbx
  artifactKey: Guid(3bfbdc734e9c13841add85180e90c4c0) Importer(815301076,1909f56bfc062723c751e8b465ee728b)
Start importing Assets/import/Sci-Fi Styled Modular Pack/Models/art_3.fbx using Guid(3bfbdc734e9c13841add85180e90c4c0) Importer(815301076,1909f56bfc062723c751e8b465ee728b)  -> (artifact id: 'f5284d7bc4f1e87eecd13bc4616d9ce2') in 0.151818 seconds
Number of updated asset objects reloaded before import = 0
Number of asset objects unloaded after import = 8
========================================================================
Received Import Request.
  Time since last request: 0.000032 seconds.
  path: Assets/import/Sci-Fi Styled Modular Pack/Models/battery_medium.fbx
  artifactKey: Guid(c1c48e1341ea35d4fa172cdb915ed140) Importer(815301076,1909f56bfc062723c751e8b465ee728b)
Start importing Assets/import/Sci-Fi Styled Modular Pack/Models/battery_medium.fbx using Guid(c1c48e1341ea35d4fa172cdb915ed140) Importer(815301076,1909f56bfc062723c751e8b465ee728b)  -> (artifact id: 'ad0d05c93187fbdb3b4b576333ebb5d7') in 0.027636 seconds
Number of updated asset objects reloaded before import = 0
Number of asset objects unloaded after import = 9
========================================================================
Received Import Request.
  Time since last request: 0.000034 seconds.
  path: Assets/import/Sci-Fi Styled Modular Pack/Models/cabinet_L_cutted.fbx
  artifactKey: Guid(ce77e936a9505b142a210040b9ab07e0) Importer(815301076,1909f56bfc062723c751e8b465ee728b)
Start importing Assets/import/Sci-Fi Styled Modular Pack/Models/cabinet_L_cutted.fbx using Guid(ce77e936a9505b142a210040b9ab07e0) Importer(815301076,1909f56bfc062723c751e8b465ee728b)  -> (artifact id: '4185763f52215321438dbd05c2a7b84f') in 0.023090 seconds
Number of updated asset objects reloaded before import = 0
Number of asset objects unloaded after import = 8
========================================================================
Received Import Request.
  Time since last request: 0.000021 seconds.
  path: Assets/import/Sci-Fi Styled Modular Pack/Models/column_end.fbx
  artifactKey: Guid(ee6694aa089caf34f87e2fc948184268) Importer(815301076,1909f56bfc062723c751e8b465ee728b)
Start importing Assets/import/Sci-Fi Styled Modular Pack/Models/column_end.fbx using Guid(ee6694aa089caf34f87e2fc948184268) Importer(815301076,1909f56bfc062723c751e8b465ee728b)  -> (artifact id: '892ad6e70b1608b6e52db523436f9da1') in 0.024665 seconds
Number of updated asset objects reloaded before import = 0
Number of asset objects unloaded after import = 8
========================================================================
Received Import Request.
  Time since last request: 0.000026 seconds.
  path: Assets/import/Sci-Fi Styled Modular Pack/Models/Cube_2x2_extended.fbx
  artifactKey: Guid(ec74d4db4ff77cd4ea59472a32ad58d0) Importer(815301076,1909f56bfc062723c751e8b465ee728b)
Start importing Assets/import/Sci-Fi Styled Modular Pack/Models/Cube_2x2_extended.fbx using Guid(ec74d4db4ff77cd4ea59472a32ad58d0) Importer(815301076,1909f56bfc062723c751e8b465ee728b)  -> (artifact id: 'eb2fa656907482e9dbaf91d0cfa05101') in 0.022534 seconds
Number of updated asset objects reloaded before import = 0
Number of asset objects unloaded after import = 8
========================================================================
Received Import Request.
  Time since last request: 0.000095 seconds.
  path: Assets/import/Sci-Fi Styled Modular Pack/Models/decorative_half_wall_3_LOD1.fbx
  artifactKey: Guid(7cf879aac24523744a5b0aad3fea1dbf) Importer(815301076,1909f56bfc062723c751e8b465ee728b)
Start importing Assets/import/Sci-Fi Styled Modular Pack/Models/decorative_half_wall_3_LOD1.fbx using Guid(7cf879aac24523744a5b0aad3fea1dbf) Importer(815301076,1909f56bfc062723c751e8b465ee728b)  -> (artifact id: 'c9777efb614eb85c149f48cc45f66bfe') in 0.020784 seconds
Number of updated asset objects reloaded before import = 0
Number of asset objects unloaded after import = 8
========================================================================
Received Import Request.
  Time since last request: 0.000022 seconds.
  path: Assets/import/Sci-Fi Styled Modular Pack/Models/decorative_plant_desk.fbx
  artifactKey: Guid(3112b0e09a01a2f4abd3ff0277d70a78) Importer(815301076,1909f56bfc062723c751e8b465ee728b)
Start importing Assets/import/Sci-Fi Styled Modular Pack/Models/decorative_plant_desk.fbx using Guid(3112b0e09a01a2f4abd3ff0277d70a78) Importer(815301076,1909f56bfc062723c751e8b465ee728b)  -> (artifact id: '362826a5466774f4f6b0b4137749f9e7') in 0.038708 seconds
Number of updated asset objects reloaded before import = 0
Number of asset objects unloaded after import = 12
========================================================================
Received Import Request.
  Time since last request: 0.000024 seconds.
  path: Assets/import/Sci-Fi Styled Modular Pack/Models/decorative_chair_LOD0.fbx
  artifactKey: Guid(812faa734d6a8c24bb3a23792b50221f) Importer(815301076,1909f56bfc062723c751e8b465ee728b)
Start importing Assets/import/Sci-Fi Styled Modular Pack/Models/decorative_chair_LOD0.fbx using Guid(812faa734d6a8c24bb3a23792b50221f) Importer(815301076,1909f56bfc062723c751e8b465ee728b)  -> (artifact id: '471b0e367b0a5fd0d439b6a787149db0') in 0.022944 seconds
Number of updated asset objects reloaded before import = 0
Number of asset objects unloaded after import = 8
========================================================================
Received Import Request.
  Time since last request: 0.000033 seconds.
  path: Assets/import/Sci-Fi Styled Modular Pack/Models/art_6.fbx
  artifactKey: Guid(a39d814f15db1874aa26081d239b1b10) Importer(815301076,1909f56bfc062723c751e8b465ee728b)
Start importing Assets/import/Sci-Fi Styled Modular Pack/Models/art_6.fbx using Guid(a39d814f15db1874aa26081d239b1b10) Importer(815301076,1909f56bfc062723c751e8b465ee728b)  -> (artifact id: 'ef3ba7bd14ea9065fb15fffa12eeff9c') in 0.023706 seconds
Number of updated asset objects reloaded before import = 0
Number of asset objects unloaded after import = 8
========================================================================
Received Import Request.
  Time since last request: 0.000027 seconds.
  path: Assets/import/Sci-Fi Styled Modular Pack/Models/decorative_half_wall_1_LOD1.fbx
  artifactKey: Guid(aa82f952555438f45a16e519c23f9b0f) Importer(815301076,1909f56bfc062723c751e8b465ee728b)
Start importing Assets/import/Sci-Fi Styled Modular Pack/Models/decorative_half_wall_1_LOD1.fbx using Guid(aa82f952555438f45a16e519c23f9b0f) Importer(815301076,1909f56bfc062723c751e8b465ee728b)  -> (artifact id: 'a51ba335d53680a331009103074bbb5b') in 0.021952 seconds
Number of updated asset objects reloaded before import = 0
Number of asset objects unloaded after import = 8
========================================================================
Received Import Request.
  Time since last request: 0.000021 seconds.
  path: Assets/import/Sci-Fi Styled Modular Pack/Models/console.fbx
  artifactKey: Guid(7d22befb952c070459bc8f06ba0a5f84) Importer(815301076,1909f56bfc062723c751e8b465ee728b)
Start importing Assets/import/Sci-Fi Styled Modular Pack/Models/console.fbx using Guid(7d22befb952c070459bc8f06ba0a5f84) Importer(815301076,1909f56bfc062723c751e8b465ee728b)  -> (artifact id: '9dad47e9381cf57ce38b6f111e03e3d7') in 0.019436 seconds
Number of updated asset objects reloaded before import = 0
Number of asset objects unloaded after import = 9
========================================================================
Received Import Request.
  Time since last request: 0.000128 seconds.
  path: Assets/import/Sci-Fi Styled Modular Pack/Models/decorative_pilow.fbx
  artifactKey: Guid(dd574b0211f8115498c621597dbe7485) Importer(815301076,1909f56bfc062723c751e8b465ee728b)
Start importing Assets/import/Sci-Fi Styled Modular Pack/Models/decorative_pilow.fbx using Guid(dd574b0211f8115498c621597dbe7485) Importer(815301076,1909f56bfc062723c751e8b465ee728b)  -> (artifact id: 'b52cb79311da1bc233a7b29ab057b979') in 0.019801 seconds
Number of updated asset objects reloaded before import = 0
Number of asset objects unloaded after import = 8
========================================================================
Received Import Request.
  Time since last request: 0.000034 seconds.
  path: Assets/import/Sci-Fi Styled Modular Pack/Models/column_middle.fbx
  artifactKey: Guid(6c1e1578589b5f84c82931f52c63f41d) Importer(815301076,1909f56bfc062723c751e8b465ee728b)
Start importing Assets/import/Sci-Fi Styled Modular Pack/Models/column_middle.fbx using Guid(6c1e1578589b5f84c82931f52c63f41d) Importer(815301076,1909f56bfc062723c751e8b465ee728b)  -> (artifact id: '7cabd19b2a2bf6a06c4750b20c91796f') in 0.030181 seconds
Number of updated asset objects reloaded before import = 0
Number of asset objects unloaded after import = 8
========================================================================
Received Import Request.
  Time since last request: 0.000028 seconds.
  path: Assets/import/Sci-Fi Styled Modular Pack/Models/container_small.fbx
  artifactKey: Guid(13f31c8427fd865429e533cea99b63c2) Importer(815301076,1909f56bfc062723c751e8b465ee728b)
Start importing Assets/import/Sci-Fi Styled Modular Pack/Models/container_small.fbx using Guid(13f31c8427fd865429e533cea99b63c2) Importer(815301076,1909f56bfc062723c751e8b465ee728b)  -> (artifact id: '1d261b68b3be87cda42e5400e87944ae') in 0.023992 seconds
Number of updated asset objects reloaded before import = 0
Number of asset objects unloaded after import = 8
========================================================================
Received Import Request.
  Time since last request: 0.000021 seconds.
  path: Assets/import/Sci-Fi Styled Modular Pack/Models/Cylinder_16_extended.fbx
  artifactKey: Guid(d62ba206d6f3125429f5213d81c32eb0) Importer(815301076,1909f56bfc062723c751e8b465ee728b)
Start importing Assets/import/Sci-Fi Styled Modular Pack/Models/Cylinder_16_extended.fbx using Guid(d62ba206d6f3125429f5213d81c32eb0) Importer(815301076,1909f56bfc062723c751e8b465ee728b)  -> (artifact id: 'af4f4d368312539fcc2ad28fae26cfb6') in 0.023278 seconds
Number of updated asset objects reloaded before import = 0
Number of asset objects unloaded after import = 8
========================================================================
Received Import Request.
  Time since last request: 0.000029 seconds.
  path: Assets/import/Sci-Fi Styled Modular Pack/Models/decorative_half_wall_2_LOD1.fbx
  artifactKey: Guid(763877bc2c66e6641ad695116685b5a8) Importer(815301076,1909f56bfc062723c751e8b465ee728b)
Start importing Assets/import/Sci-Fi Styled Modular Pack/Models/decorative_half_wall_2_LOD1.fbx using Guid(763877bc2c66e6641ad695116685b5a8) Importer(815301076,1909f56bfc062723c751e8b465ee728b)  -> (artifact id: '2af162972622bf586efc40bb47cb115c') in 0.021390 seconds
Number of updated asset objects reloaded before import = 0
Number of asset objects unloaded after import = 8
========================================================================
Received Import Request.
  Time since last request: 0.420403 seconds.
  path: Assets/import/Sci-Fi Styled Modular Pack/Models/decorative_table_glass_only_top.fbx
  artifactKey: Guid(ff8f8f75adfd48d4991367a973d14ad3) Importer(815301076,1909f56bfc062723c751e8b465ee728b)
Start importing Assets/import/Sci-Fi Styled Modular Pack/Models/decorative_table_glass_only_top.fbx using Guid(ff8f8f75adfd48d4991367a973d14ad3) Importer(815301076,1909f56bfc062723c751e8b465ee728b)  -> (artifact id: 'a08f2b55539e48ae09322eefeb174bb3') in 0.033998 seconds
Number of updated asset objects reloaded before import = 0
Number of asset objects unloaded after import = 9
========================================================================
Received Import Request.
  Time since last request: 0.000028 seconds.
  path: Assets/import/Sci-Fi Styled Modular Pack/Models/decorative_wall_3_LOD1.fbx
  artifactKey: Guid(a140b27441a26454b823cd2bbd6ed96a) Importer(815301076,1909f56bfc062723c751e8b465ee728b)
Start importing Assets/import/Sci-Fi Styled Modular Pack/Models/decorative_wall_3_LOD1.fbx using Guid(a140b27441a26454b823cd2bbd6ed96a) Importer(815301076,1909f56bfc062723c751e8b465ee728b)  -> (artifact id: '8d691b8cc3ab72206311bd4cec83acd0') in 0.022060 seconds
Number of updated asset objects reloaded before import = 0
Number of asset objects unloaded after import = 8
========================================================================
Received Import Request.
  Time since last request: 0.000038 seconds.
  path: Assets/import/Sci-Fi Styled Modular Pack/Models/decorative_table_small_glass.fbx
  artifactKey: Guid(104ded7e93806b744a1364d38f56238c) Importer(815301076,1909f56bfc062723c751e8b465ee728b)
Start importing Assets/import/Sci-Fi Styled Modular Pack/Models/decorative_table_small_glass.fbx using Guid(104ded7e93806b744a1364d38f56238c) Importer(815301076,1909f56bfc062723c751e8b465ee728b)  -> (artifact id: '9165c04352fdcca1188769fbb373cb4d') in 0.022682 seconds
Number of updated asset objects reloaded before import = 0
Number of asset objects unloaded after import = 9
========================================================================
Received Import Request.
  Time since last request: 0.000049 seconds.
  path: Assets/import/Sci-Fi Styled Modular Pack/Models/decorative_wall_1_LOD0.fbx
  artifactKey: Guid(cfaae91c0468de14fa52db2da7d5746a) Importer(815301076,1909f56bfc062723c751e8b465ee728b)
Start importing Assets/import/Sci-Fi Styled Modular Pack/Models/decorative_wall_1_LOD0.fbx using Guid(cfaae91c0468de14fa52db2da7d5746a) Importer(815301076,1909f56bfc062723c751e8b465ee728b)  -> (artifact id: 'dee764fbb4afc568cc7ced5665cb0fd0') in 0.020915 seconds
Number of updated asset objects reloaded before import = 0
Number of asset objects unloaded after import = 8
========================================================================
Received Import Request.
  Time since last request: 0.000035 seconds.
  path: Assets/import/Sci-Fi Styled Modular Pack/Models/decorative_wall_3_LOD0.fbx
  artifactKey: Guid(6503a922a0ea44849b460610b2ab6d83) Importer(815301076,1909f56bfc062723c751e8b465ee728b)
Start importing Assets/import/Sci-Fi Styled Modular Pack/Models/decorative_wall_3_LOD0.fbx using Guid(6503a922a0ea44849b460610b2ab6d83) Importer(815301076,1909f56bfc062723c751e8b465ee728b)  -> (artifact id: 'b96bb765d6bc5faef67705f406b917c1') in 0.022633 seconds
Number of updated asset objects reloaded before import = 0
Number of asset objects unloaded after import = 8
========================================================================
Received Import Request.
  Time since last request: 0.410218 seconds.
  path: Assets/import/Sci-Fi Styled Modular Pack/Models/decorative_wall_4_no_computer_LOD1.fbx
  artifactKey: Guid(5d3d38b9dc0d8f64db55c838c959297a) Importer(815301076,1909f56bfc062723c751e8b465ee728b)
Start importing Assets/import/Sci-Fi Styled Modular Pack/Models/decorative_wall_4_no_computer_LOD1.fbx using Guid(5d3d38b9dc0d8f64db55c838c959297a) Importer(815301076,1909f56bfc062723c751e8b465ee728b)  -> (artifact id: 'ed4fbc3d1f4d615a25cedd957cbe6905') in 0.020778 seconds
Number of updated asset objects reloaded before import = 0
Number of asset objects unloaded after import = 11
========================================================================
Received Import Request.
  Time since last request: 0.000030 seconds.
  path: Assets/import/Sci-Fi Styled Modular Pack/Models/desk_no_computer.fbx
  artifactKey: Guid(2b266aa81ca5c3c4fa93f8e7f25793d0) Importer(815301076,1909f56bfc062723c751e8b465ee728b)
Start importing Assets/import/Sci-Fi Styled Modular Pack/Models/desk_no_computer.fbx using Guid(2b266aa81ca5c3c4fa93f8e7f25793d0) Importer(815301076,1909f56bfc062723c751e8b465ee728b)  -> (artifact id: 'f832ccb18a73bcde751a5741e8d122fb') in 0.017278 seconds
Number of updated asset objects reloaded before import = 0
Number of asset objects unloaded after import = 8
========================================================================
Received Import Request.
  Time since last request: 0.000018 seconds.
  path: Assets/import/Sci-Fi Styled Modular Pack/Models/door_1_right.fbx
  artifactKey: Guid(b34895a5cbeae0246af9c017f7df4b1b) Importer(815301076,1909f56bfc062723c751e8b465ee728b)
Start importing Assets/import/Sci-Fi Styled Modular Pack/Models/door_1_right.fbx using Guid(b34895a5cbeae0246af9c017f7df4b1b) Importer(815301076,1909f56bfc062723c751e8b465ee728b)  -> (artifact id: 'e508ed686e44d26d348c27c627a0639c') in 0.020223 seconds
Number of updated asset objects reloaded before import = 0
Number of asset objects unloaded after import = 10
========================================================================
Received Import Request.
  Time since last request: 0.000021 seconds.
  path: Assets/import/Sci-Fi Styled Modular Pack/Models/decorative_wall_G.fbx
  artifactKey: Guid(08dbef46dec1e104cbd67ed53900e56d) Importer(815301076,1909f56bfc062723c751e8b465ee728b)
Start importing Assets/import/Sci-Fi Styled Modular Pack/Models/decorative_wall_G.fbx using Guid(08dbef46dec1e104cbd67ed53900e56d) Importer(815301076,1909f56bfc062723c751e8b465ee728b)  -> (artifact id: '321aadb17637c498c69fe04ccaabe4c3') in 0.015248 seconds
Number of updated asset objects reloaded before import = 0
Number of asset objects unloaded after import = 8
========================================================================
Received Import Request.
  Time since last request: 0.000029 seconds.
  path: Assets/import/Sci-Fi Styled Modular Pack/Models/door_1_left.fbx
  artifactKey: Guid(2107a071ee618844a887d2f12ada9fd3) Importer(815301076,1909f56bfc062723c751e8b465ee728b)
Start importing Assets/import/Sci-Fi Styled Modular Pack/Models/door_1_left.fbx using Guid(2107a071ee618844a887d2f12ada9fd3) Importer(815301076,1909f56bfc062723c751e8b465ee728b)  -> (artifact id: '1920c622415b08e062f92d5f1519204a') in 0.022424 seconds
Number of updated asset objects reloaded before import = 0
Number of asset objects unloaded after import = 10
========================================================================
Received Import Request.
  Time since last request: 0.240263 seconds.
  path: Assets/import/Sci-Fi Styled Modular Pack/Models/door_3_bottom_A.fbx
  artifactKey: Guid(433547009282eae47a18a43ae4f16587) Importer(815301076,1909f56bfc062723c751e8b465ee728b)
Start importing Assets/import/Sci-Fi Styled Modular Pack/Models/door_3_bottom_A.fbx using Guid(433547009282eae47a18a43ae4f16587) Importer(815301076,1909f56bfc062723c751e8b465ee728b)  -> (artifact id: '996f7aec39304b3765b9d9d1700e609d') in 0.016962 seconds
Number of updated asset objects reloaded before import = 0
Number of asset objects unloaded after import = 10
========================================================================
Received Import Request.
  Time since last request: 0.000021 seconds.
  path: Assets/import/Sci-Fi Styled Modular Pack/Models/floor_2_blank.fbx
  artifactKey: Guid(6b5e3e371019b014c8a1782fd047102e) Importer(815301076,1909f56bfc062723c751e8b465ee728b)
Start importing Assets/import/Sci-Fi Styled Modular Pack/Models/floor_2_blank.fbx using Guid(6b5e3e371019b014c8a1782fd047102e) Importer(815301076,1909f56bfc062723c751e8b465ee728b)  -> (artifact id: '011bb722f23b69ad4f28f2831c4e6d02') in 0.021628 seconds
Number of updated asset objects reloaded before import = 0
Number of asset objects unloaded after import = 8
========================================================================
Received Import Request.
  Time since last request: 0.000065 seconds.
  path: Assets/import/Sci-Fi Styled Modular Pack/Models/floor_2_L_LOD0.fbx
  artifactKey: Guid(dd0e6c5981600b342aae11c813c53c17) Importer(815301076,1909f56bfc062723c751e8b465ee728b)
Start importing Assets/import/Sci-Fi Styled Modular Pack/Models/floor_2_L_LOD0.fbx using Guid(dd0e6c5981600b342aae11c813c53c17) Importer(815301076,1909f56bfc062723c751e8b465ee728b)  -> (artifact id: 'f0d0d3339b77af2de99010b2f5e22398') in 0.020850 seconds
Number of updated asset objects reloaded before import = 0
Number of asset objects unloaded after import = 11
========================================================================
Received Import Request.
  Time since last request: 0.000037 seconds.
  path: Assets/import/Sci-Fi Styled Modular Pack/Models/floor_1_LOD0.fbx
  artifactKey: Guid(2497a48cf43e1554aa0c4feb1c7e9d69) Importer(815301076,1909f56bfc062723c751e8b465ee728b)
Start importing Assets/import/Sci-Fi Styled Modular Pack/Models/floor_1_LOD0.fbx using Guid(2497a48cf43e1554aa0c4feb1c7e9d69) Importer(815301076,1909f56bfc062723c751e8b465ee728b)  -> (artifact id: 'a17b0050d785eee65640349ca4ae5208') in 0.022420 seconds
Number of updated asset objects reloaded before import = 0
Number of asset objects unloaded after import = 10
========================================================================
Received Import Request.
  Time since last request: 0.000033 seconds.
  path: Assets/import/Sci-Fi Styled Modular Pack/Models/floor_1.fbx
  artifactKey: Guid(d48aaf8e2d925ae4d97369f487b2834c) Importer(815301076,1909f56bfc062723c751e8b465ee728b)
Start importing Assets/import/Sci-Fi Styled Modular Pack/Models/floor_1.fbx using Guid(d48aaf8e2d925ae4d97369f487b2834c) Importer(815301076,1909f56bfc062723c751e8b465ee728b)  -> (artifact id: '28356021524db0c773f7e60defc7d0a9') in 0.018496 seconds
Number of updated asset objects reloaded before import = 0
Number of asset objects unloaded after import = 10
========================================================================
Received Import Request.
  Time since last request: 0.292690 seconds.
  path: Assets/import/Sci-Fi Styled Modular Pack/Models/floor_2_no_lattice.fbx
  artifactKey: Guid(7f962bb89688620469dbe0e850e34b3a) Importer(815301076,1909f56bfc062723c751e8b465ee728b)
Start importing Assets/import/Sci-Fi Styled Modular Pack/Models/floor_2_no_lattice.fbx using Guid(7f962bb89688620469dbe0e850e34b3a) Importer(815301076,1909f56bfc062723c751e8b465ee728b)  -> (artifact id: '03183d0d69acfbc6f225b1c365b2c3bd') in 0.019504 seconds
Number of updated asset objects reloaded before import = 0
Number of asset objects unloaded after import = 11
========================================================================
Received Import Request.
  Time since last request: 0.000020 seconds.
  path: Assets/import/Sci-Fi Styled Modular Pack/Models/floor_4.fbx
  artifactKey: Guid(106d47cb2df648043a2127f1a030963f) Importer(815301076,1909f56bfc062723c751e8b465ee728b)
Start importing Assets/import/Sci-Fi Styled Modular Pack/Models/floor_4.fbx using Guid(106d47cb2df648043a2127f1a030963f) Importer(815301076,1909f56bfc062723c751e8b465ee728b)  -> (artifact id: '298f84ebc6981f0f586961ac4c053e9a') in 0.019658 seconds
Number of updated asset objects reloaded before import = 0
Number of asset objects unloaded after import = 8
========================================================================
Received Import Request.
  Time since last request: 0.000030 seconds.
  path: Assets/import/Sci-Fi Styled Modular Pack/Models/floor_5.fbx
  artifactKey: Guid(d33b92b4d2f9ca8409480ae83478fd61) Importer(815301076,1909f56bfc062723c751e8b465ee728b)
Start importing Assets/import/Sci-Fi Styled Modular Pack/Models/floor_5.fbx using Guid(d33b92b4d2f9ca8409480ae83478fd61) Importer(815301076,1909f56bfc062723c751e8b465ee728b)  -> (artifact id: '2a8497d84bc884375eee673be23cd972') in 0.031127 seconds
Number of updated asset objects reloaded before import = 0
Number of asset objects unloaded after import = 11
========================================================================
Received Import Request.
  Time since last request: 0.000030 seconds.
  path: Assets/import/Sci-Fi Styled Modular Pack/Models/frame_door_1.fbx
  artifactKey: Guid(5ef3bd15c7a0fda4a917c80a4797b8aa) Importer(815301076,1909f56bfc062723c751e8b465ee728b)
Start importing Assets/import/Sci-Fi Styled Modular Pack/Models/frame_door_1.fbx using Guid(5ef3bd15c7a0fda4a917c80a4797b8aa) Importer(815301076,1909f56bfc062723c751e8b465ee728b)  -> (artifact id: '655835aea6bddce55bd987c50ce39dfb') in 0.021525 seconds
Number of updated asset objects reloaded before import = 0
Number of asset objects unloaded after import = 10
========================================================================
Received Import Request.
  Time since last request: 0.000050 seconds.
  path: Assets/import/Sci-Fi Styled Modular Pack/Models/generator.fbx
  artifactKey: Guid(6cd83fcc4adf4ed4a8c93b3706ff1da1) Importer(815301076,1909f56bfc062723c751e8b465ee728b)
Start importing Assets/import/Sci-Fi Styled Modular Pack/Models/generator.fbx using Guid(6cd83fcc4adf4ed4a8c93b3706ff1da1) Importer(815301076,1909f56bfc062723c751e8b465ee728b)  -> (artifact id: '6f5603434755408308a924861f3e9552') in 0.028746 seconds
Number of updated asset objects reloaded before import = 0
Number of asset objects unloaded after import = 8
========================================================================
Received Import Request.
  Time since last request: 0.000029 seconds.
  path: Assets/import/Sci-Fi Styled Modular Pack/Models/frame_door_3_colision_mesh.fbx
  artifactKey: Guid(e497b40124d368543a1971d44952f2d5) Importer(815301076,1909f56bfc062723c751e8b465ee728b)
Start importing Assets/import/Sci-Fi Styled Modular Pack/Models/frame_door_3_colision_mesh.fbx using Guid(e497b40124d368543a1971d44952f2d5) Importer(815301076,1909f56bfc062723c751e8b465ee728b)  -> (artifact id: '873799600f01a0f2a06bef84aef64227') in 0.026825 seconds
Number of updated asset objects reloaded before import = 0
Number of asset objects unloaded after import = 8
========================================================================
Received Import Request.
  Time since last request: 0.000028 seconds.
  path: Assets/import/Sci-Fi Styled Modular Pack/Models/glass_panel_1_door.fbx
  artifactKey: Guid(37fb91b59d4d2ba4da8fbcf15d055ebe) Importer(815301076,1909f56bfc062723c751e8b465ee728b)
Start importing Assets/import/Sci-Fi Styled Modular Pack/Models/glass_panel_1_door.fbx using Guid(37fb91b59d4d2ba4da8fbcf15d055ebe) Importer(815301076,1909f56bfc062723c751e8b465ee728b)  -> (artifact id: '8023f9b6bfd325e3f075fdf585dc2c1a') in 0.033125 seconds
Number of updated asset objects reloaded before import = 0
Number of asset objects unloaded after import = 12
========================================================================
Received Import Request.
  Time since last request: 0.000024 seconds.
  path: Assets/import/Sci-Fi Styled Modular Pack/Models/floor_3_LOD0.fbx
  artifactKey: Guid(098298ac5885d644b88e23acae396497) Importer(815301076,1909f56bfc062723c751e8b465ee728b)
Start importing Assets/import/Sci-Fi Styled Modular Pack/Models/floor_3_LOD0.fbx using Guid(098298ac5885d644b88e23acae396497) Importer(815301076,1909f56bfc062723c751e8b465ee728b)  -> (artifact id: '90f0c233fb2e52a104b815298ded1432') in 0.017245 seconds
Number of updated asset objects reloaded before import = 0
Number of asset objects unloaded after import = 8
========================================================================
Received Import Request.
  Time since last request: 0.000020 seconds.
  path: Assets/import/Sci-Fi Styled Modular Pack/Models/frame_door_1_colision_mesh.fbx
  artifactKey: Guid(4bffff855c108e34c83d8605893f4c51) Importer(815301076,1909f56bfc062723c751e8b465ee728b)
Start importing Assets/import/Sci-Fi Styled Modular Pack/Models/frame_door_1_colision_mesh.fbx using Guid(4bffff855c108e34c83d8605893f4c51) Importer(815301076,1909f56bfc062723c751e8b465ee728b)  -> (artifact id: '51f2e912842416b4429eb27bb1733b50') in 0.015024 seconds
Number of updated asset objects reloaded before import = 0
Number of asset objects unloaded after import = 8
========================================================================
Received Import Request.
  Time since last request: 0.000017 seconds.
  path: Assets/import/Sci-Fi Styled Modular Pack/Models/floor_3_no_clamps.fbx
  artifactKey: Guid(822e513722ef97840bad7ea57952a676) Importer(815301076,1909f56bfc062723c751e8b465ee728b)
Start importing Assets/import/Sci-Fi Styled Modular Pack/Models/floor_3_no_clamps.fbx using Guid(822e513722ef97840bad7ea57952a676) Importer(815301076,1909f56bfc062723c751e8b465ee728b)  -> (artifact id: '06aa21eb2d85da604a1cb433522a1c4d') in 0.020577 seconds
Number of updated asset objects reloaded before import = 0
Number of asset objects unloaded after import = 8
========================================================================
Received Import Request.
  Time since last request: 0.283917 seconds.
  path: Assets/import/Sci-Fi Styled Modular Pack/Models/Joint_T_6.fbx
  artifactKey: Guid(382e07d7d5bfdd54a942468dd962b16b) Importer(815301076,1909f56bfc062723c751e8b465ee728b)
Start importing Assets/import/Sci-Fi Styled Modular Pack/Models/Joint_T_6.fbx using Guid(382e07d7d5bfdd54a942468dd962b16b) Importer(815301076,1909f56bfc062723c751e8b465ee728b)  -> (artifact id: '12dc9ec462628b6361f26fe776de7e57') in 0.019631 seconds
Number of updated asset objects reloaded before import = 0
Number of asset objects unloaded after import = 8
========================================================================
Received Import Request.
  Time since last request: 0.000026 seconds.
  path: Assets/import/Sci-Fi Styled Modular Pack/Models/light_wall_3.fbx
  artifactKey: Guid(4b423724c4892d6438d29cb37b373290) Importer(815301076,1909f56bfc062723c751e8b465ee728b)
Start importing Assets/import/Sci-Fi Styled Modular Pack/Models/light_wall_3.fbx using Guid(4b423724c4892d6438d29cb37b373290) Importer(815301076,1909f56bfc062723c751e8b465ee728b)  -> (artifact id: '2b8f75033f9f25d907b4b8975c5621d7') in 0.024676 seconds
Number of updated asset objects reloaded before import = 0
Number of asset objects unloaded after import = 9
========================================================================
Received Import Request.
  Time since last request: 0.000067 seconds.
  path: Assets/import/Sci-Fi Styled Modular Pack/Models/light_wall_2_blue.fbx
  artifactKey: Guid(d3a1262c7f860b5439d4734d0d8786fb) Importer(815301076,1909f56bfc062723c751e8b465ee728b)
Start importing Assets/import/Sci-Fi Styled Modular Pack/Models/light_wall_2_blue.fbx using Guid(d3a1262c7f860b5439d4734d0d8786fb) Importer(815301076,1909f56bfc062723c751e8b465ee728b)  -> (artifact id: '1a0ac1961cf68c118a9df6c149865860') in 0.024869 seconds
Number of updated asset objects reloaded before import = 0
Number of asset objects unloaded after import = 9
========================================================================
Received Import Request.
  Time since last request: 0.000034 seconds.
  path: Assets/import/Sci-Fi Styled Modular Pack/Models/Joint_Y_6.fbx
  artifactKey: Guid(904be4b57549ec146a70ee2ea74168f0) Importer(815301076,1909f56bfc062723c751e8b465ee728b)
Start importing Assets/import/Sci-Fi Styled Modular Pack/Models/Joint_Y_6.fbx using Guid(904be4b57549ec146a70ee2ea74168f0) Importer(815301076,1909f56bfc062723c751e8b465ee728b)  -> (artifact id: 'e8a3c4ca283cbb6723b558b68771ea80') in 0.022061 seconds
Number of updated asset objects reloaded before import = 0
Number of asset objects unloaded after import = 8
========================================================================
Received Import Request.
  Time since last request: 0.000024 seconds.
  path: Assets/import/Sci-Fi Styled Modular Pack/Models/light_wall_1.fbx
  artifactKey: Guid(7f4bb4ae1f8094c47abdd09a12d0a39c) Importer(815301076,1909f56bfc062723c751e8b465ee728b)
Start importing Assets/import/Sci-Fi Styled Modular Pack/Models/light_wall_1.fbx using Guid(7f4bb4ae1f8094c47abdd09a12d0a39c) Importer(815301076,1909f56bfc062723c751e8b465ee728b)  -> (artifact id: 'd9bd3fc10b3e67430cddf849e11d16b7') in 0.025252 seconds
Number of updated asset objects reloaded before import = 0
Number of asset objects unloaded after import = 9
========================================================================
Received Import Request.
  Time since last request: 0.229486 seconds.
  path: Assets/import/Sci-Fi Styled Modular Pack/Models/projector.fbx
  artifactKey: Guid(6e13b9f43374cc8499e762339fc31b45) Importer(815301076,1909f56bfc062723c751e8b465ee728b)
Start importing Assets/import/Sci-Fi Styled Modular Pack/Models/projector.fbx using Guid(6e13b9f43374cc8499e762339fc31b45) Importer(815301076,1909f56bfc062723c751e8b465ee728b)  -> (artifact id: '443411864f18b61a3ec35ecdb56aff3e') in 0.023263 seconds
Number of updated asset objects reloaded before import = 0
Number of asset objects unloaded after import = 12
========================================================================
Received Import Request.
  Time since last request: 0.000021 seconds.
  path: Assets/import/Sci-Fi Styled Modular Pack/Models/projector_LOD1.fbx
  artifactKey: Guid(b94be10dedfa9c246b5c439440e580f5) Importer(815301076,1909f56bfc062723c751e8b465ee728b)
Start importing Assets/import/Sci-Fi Styled Modular Pack/Models/projector_LOD1.fbx using Guid(b94be10dedfa9c246b5c439440e580f5) Importer(815301076,1909f56bfc062723c751e8b465ee728b)  -> (artifact id: '9bad7cb754096cc2a5ee4292b0ee3030') in 0.023488 seconds
Number of updated asset objects reloaded before import = 0
Number of asset objects unloaded after import = 11
========================================================================
Received Import Request.
  Time since last request: 0.000031 seconds.
  path: Assets/import/Sci-Fi Styled Modular Pack/Models/sing.fbx
  artifactKey: Guid(f9bde7d801e91fc4e806fa4827eb7ac2) Importer(815301076,1909f56bfc062723c751e8b465ee728b)
Start importing Assets/import/Sci-Fi Styled Modular Pack/Models/sing.fbx using Guid(f9bde7d801e91fc4e806fa4827eb7ac2) Importer(815301076,1909f56bfc062723c751e8b465ee728b)  -> (artifact id: '595d1aa30972f278f050cfbc153177a8') in 0.024877 seconds
Number of updated asset objects reloaded before import = 0
Number of asset objects unloaded after import = 8
========================================================================
Received Import Request.
  Time since last request: 0.000020 seconds.
  path: Assets/import/Sci-Fi Styled Modular Pack/Models/stairs_big.fbx
  artifactKey: Guid(1330a94ad5ebc0a4295b698b250f8ce9) Importer(815301076,1909f56bfc062723c751e8b465ee728b)
Start importing Assets/import/Sci-Fi Styled Modular Pack/Models/stairs_big.fbx using Guid(1330a94ad5ebc0a4295b698b250f8ce9) Importer(815301076,1909f56bfc062723c751e8b465ee728b)  -> (artifact id: '03b817b3310f6a15885cc377ddad1b85') in 0.020217 seconds
Number of updated asset objects reloaded before import = 0
Number of asset objects unloaded after import = 8
========================================================================
Received Import Request.
  Time since last request: 0.000027 seconds.
  path: Assets/import/Sci-Fi Styled Modular Pack/Models/storage_container_small.fbx
  artifactKey: Guid(d6354010388f6a94281a09f8fe9c6790) Importer(815301076,1909f56bfc062723c751e8b465ee728b)
Start importing Assets/import/Sci-Fi Styled Modular Pack/Models/storage_container_small.fbx using Guid(d6354010388f6a94281a09f8fe9c6790) Importer(815301076,1909f56bfc062723c751e8b465ee728b)  -> (artifact id: '224237f9c582a00269997fdcd86e6b8f') in 0.023498 seconds
Number of updated asset objects reloaded before import = 0
Number of asset objects unloaded after import = 8
========================================================================
Received Import Request.
  Time since last request: 0.000038 seconds.
  path: Assets/import/Sci-Fi Styled Modular Pack/Models/window_big_corner_far_LOD0.fbx
  artifactKey: Guid(254583c05ed99994fa03f4a03e218dae) Importer(815301076,1909f56bfc062723c751e8b465ee728b)
Start importing Assets/import/Sci-Fi Styled Modular Pack/Models/window_big_corner_far_LOD0.fbx using Guid(254583c05ed99994fa03f4a03e218dae) Importer(815301076,1909f56bfc062723c751e8b465ee728b)  -> (artifact id: '04b24582a6afe002a7df754c271bdb94') in 0.021980 seconds
Number of updated asset objects reloaded before import = 0
Number of asset objects unloaded after import = 8
========================================================================
Received Import Request.
  Time since last request: 0.000073 seconds.
  path: Assets/import/Sci-Fi Styled Modular Pack/Models/window_big_blocker.fbx
  artifactKey: Guid(f1f8b886020c45442804bfb2a3995b9e) Importer(815301076,1909f56bfc062723c751e8b465ee728b)
Start importing Assets/import/Sci-Fi Styled Modular Pack/Models/window_big_blocker.fbx using Guid(f1f8b886020c45442804bfb2a3995b9e) Importer(815301076,1909f56bfc062723c751e8b465ee728b)  -> (artifact id: '06058e1ae231e5668be8d768fddba7da') in 0.022607 seconds
Number of updated asset objects reloaded before import = 0
Number of asset objects unloaded after import = 8
========================================================================
Received Import Request.
  Time since last request: 0.000023 seconds.
  path: Assets/import/Sci-Fi Styled Modular Pack/Models/wall_small_no_side_full_LOD0.fbx
  artifactKey: Guid(49147130b2b7fa449bbe4566bde06e1d) Importer(815301076,1909f56bfc062723c751e8b465ee728b)
Start importing Assets/import/Sci-Fi Styled Modular Pack/Models/wall_small_no_side_full_LOD0.fbx using Guid(49147130b2b7fa449bbe4566bde06e1d) Importer(815301076,1909f56bfc062723c751e8b465ee728b)  -> (artifact id: '3a7f42815da6707e145f12570958cc9c') in 0.027394 seconds
Number of updated asset objects reloaded before import = 0
Number of asset objects unloaded after import = 12
========================================================================
Received Import Request.
  Time since last request: 0.000037 seconds.
  path: Assets/import/Sci-Fi Styled Modular Pack/Models/torpedo.fbx
  artifactKey: Guid(dd04980a43cc8ed45a5f9ff0f231bdee) Importer(815301076,1909f56bfc062723c751e8b465ee728b)
Start importing Assets/import/Sci-Fi Styled Modular Pack/Models/torpedo.fbx using Guid(dd04980a43cc8ed45a5f9ff0f231bdee) Importer(815301076,1909f56bfc062723c751e8b465ee728b)  -> (artifact id: '6a4892564cb871f838462986c13cf1d8') in 0.023231 seconds
Number of updated asset objects reloaded before import = 0
Number of asset objects unloaded after import = 8
========================================================================
Received Import Request.
  Time since last request: 0.000030 seconds.
  path: Assets/import/Sci-Fi Styled Modular Pack/Models/stairs_small_no_emmision.fbx
  artifactKey: Guid(38b52066b4ac23b48bc1af6d369ddcd2) Importer(815301076,1909f56bfc062723c751e8b465ee728b)
Start importing Assets/import/Sci-Fi Styled Modular Pack/Models/stairs_small_no_emmision.fbx using Guid(38b52066b4ac23b48bc1af6d369ddcd2) Importer(815301076,1909f56bfc062723c751e8b465ee728b)  -> (artifact id: 'c54d5241b84a49ccb8aff5dd25cc0de8') in 0.022183 seconds
Number of updated asset objects reloaded before import = 0
Number of asset objects unloaded after import = 8
========================================================================
Received Import Request.
  Time since last request: 0.000051 seconds.
  path: Assets/import/Sci-Fi Styled Modular Pack/Models/stairs_small_with_emmision.fbx
  artifactKey: Guid(33adaeab20ce0114cb29d69b5324f02d) Importer(815301076,1909f56bfc062723c751e8b465ee728b)
Start importing Assets/import/Sci-Fi Styled Modular Pack/Models/stairs_small_with_emmision.fbx using Guid(33adaeab20ce0114cb29d69b5324f02d) Importer(815301076,1909f56bfc062723c751e8b465ee728b)  -> (artifact id: 'adcd7b85dca060a8e7f352022018b80a') in 0.024004 seconds
Number of updated asset objects reloaded before import = 0
Number of asset objects unloaded after import = 9
========================================================================
Received Import Request.
  Time since last request: 0.000028 seconds.
  path: Assets/import/Sci-Fi Styled Modular Pack/Models/sing_small.fbx
  artifactKey: Guid(7364b60afe0462741bed3c6b259737d5) Importer(815301076,1909f56bfc062723c751e8b465ee728b)
Start importing Assets/import/Sci-Fi Styled Modular Pack/Models/sing_small.fbx using Guid(7364b60afe0462741bed3c6b259737d5) Importer(815301076,1909f56bfc062723c751e8b465ee728b)  -> (artifact id: 'ad6dc76d00b6fe6caeb0ab5b5d0a3e46') in 0.021735 seconds
Number of updated asset objects reloaded before import = 0
Number of asset objects unloaded after import = 8
========================================================================
Received Import Request.
  Time since last request: 0.000032 seconds.
  path: Assets/import/Sci-Fi Styled Modular Pack/Models/torpedo_docking_station_2_side.fbx
  artifactKey: Guid(3766aa24a4449cc479232884d95db281) Importer(815301076,1909f56bfc062723c751e8b465ee728b)
Start importing Assets/import/Sci-Fi Styled Modular Pack/Models/torpedo_docking_station_2_side.fbx using Guid(3766aa24a4449cc479232884d95db281) Importer(815301076,1909f56bfc062723c751e8b465ee728b)  -> (artifact id: 'a89f74ec9d94496bcb387916b9406470') in 0.020618 seconds
Number of updated asset objects reloaded before import = 0
Number of asset objects unloaded after import = 8
========================================================================
Received Import Request.
  Time since last request: 0.000041 seconds.
  path: Assets/import/Sci-Fi Styled Modular Pack/Models/sign.fbx
  artifactKey: Guid(0408209e84f13ea468a6199efe18a92e) Importer(815301076,1909f56bfc062723c751e8b465ee728b)
Start importing Assets/import/Sci-Fi Styled Modular Pack/Models/sign.fbx using Guid(0408209e84f13ea468a6199efe18a92e) Importer(815301076,1909f56bfc062723c751e8b465ee728b)  -> (artifact id: '660c0488a4c6b7288e08952314dbd153') in 0.016832 seconds
Number of updated asset objects reloaded before import = 0
Number of asset objects unloaded after import = 8
========================================================================
Received Import Request.
  Time since last request: 0.609638 seconds.
  path: Assets/import/Sci-Fi Styled Modular Pack/Models/window_big_no_side_full_LOD0.fbx
  artifactKey: Guid(c93a7b6fab490314f9f3471aa2616c70) Importer(815301076,1909f56bfc062723c751e8b465ee728b)
Start importing Assets/import/Sci-Fi Styled Modular Pack/Models/window_big_no_side_full_LOD0.fbx using Guid(c93a7b6fab490314f9f3471aa2616c70) Importer(815301076,1909f56bfc062723c751e8b465ee728b)  -> (artifact id: '4902c67f9fb24cc46d2fad8d502cfa0f') in 0.018607 seconds
Number of updated asset objects reloaded before import = 0
Number of asset objects unloaded after import = 12
========================================================================
Received Import Request.
  Time since last request: 0.000030 seconds.
  path: Assets/import/Sci-Fi Styled Modular Pack/Models/window_big_with_side_full_offset.fbx
  artifactKey: Guid(ded28afd628a69b4683cdc663cd39d56) Importer(815301076,1909f56bfc062723c751e8b465ee728b)
Start importing Assets/import/Sci-Fi Styled Modular Pack/Models/window_big_with_side_full_offset.fbx using Guid(ded28afd628a69b4683cdc663cd39d56) Importer(815301076,1909f56bfc062723c751e8b465ee728b)  -> (artifact id: '7b9c4d1ebb2c44a2fdfdf50c8b1df3f7') in 0.021867 seconds
Number of updated asset objects reloaded before import = 0
Number of asset objects unloaded after import = 12
========================================================================
Received Import Request.
  Time since last request: 0.000021 seconds.
  path: Assets/import/Sci-Fi Styled Modular Pack/Models/window_big_with_side_full.fbx
  artifactKey: Guid(7b44f19fc6bf9f44285a9282209eb7df) Importer(815301076,1909f56bfc062723c751e8b465ee728b)
Start importing Assets/import/Sci-Fi Styled Modular Pack/Models/window_big_with_side_full.fbx using Guid(7b44f19fc6bf9f44285a9282209eb7df) Importer(815301076,1909f56bfc062723c751e8b465ee728b)  -> (artifact id: '2f68d4f61080ff9d871ebe688b881842') in 0.023005 seconds
Number of updated asset objects reloaded before import = 0
Number of asset objects unloaded after import = 12
========================================================================
Received Import Request.
  Time since last request: 0.000099 seconds.
  path: Assets/import/Sci-Fi Styled Modular Pack/Models/window_big_with_side_full_LOD1.fbx
  artifactKey: Guid(9c194dd4ed464d942a98b94222b7d507) Importer(815301076,1909f56bfc062723c751e8b465ee728b)
Start importing Assets/import/Sci-Fi Styled Modular Pack/Models/window_big_with_side_full_LOD1.fbx using Guid(9c194dd4ed464d942a98b94222b7d507) Importer(815301076,1909f56bfc062723c751e8b465ee728b)  -> (artifact id: '5f3daf4c360a3d341b56786f709dc22d') in 0.028126 seconds
Number of updated asset objects reloaded before import = 0
Number of asset objects unloaded after import = 12
========================================================================
Received Import Request.
  Time since last request: 0.000027 seconds.
  path: Assets/import/Sci-Fi Styled Modular Pack/Models/window_big_with_side_full_offset_LOD0.fbx
  artifactKey: Guid(dec2715a465c13a4fb11430962ea610f) Importer(815301076,1909f56bfc062723c751e8b465ee728b)
Start importing Assets/import/Sci-Fi Styled Modular Pack/Models/window_big_with_side_full_offset_LOD0.fbx using Guid(dec2715a465c13a4fb11430962ea610f) Importer(815301076,1909f56bfc062723c751e8b465ee728b)  -> (artifact id: '93cb1ed68a204addd49c6a198d1f3008') in 0.024428 seconds
Number of updated asset objects reloaded before import = 0
Number of asset objects unloaded after import = 12
========================================================================
Received Import Request.
  Time since last request: 0.120834 seconds.
  path: Assets/import/Sci-Fi Styled Modular Pack/Models/window_big_with_side_LOD1.fbx
  artifactKey: Guid(7dbc85eb39ce2b940b22b0063918e3ac) Importer(815301076,1909f56bfc062723c751e8b465ee728b)
Start importing Assets/import/Sci-Fi Styled Modular Pack/Models/window_big_with_side_LOD1.fbx using Guid(7dbc85eb39ce2b940b22b0063918e3ac) Importer(815301076,1909f56bfc062723c751e8b465ee728b)  -> (artifact id: '74bfede49c5c625e1954068cbd4ff1ef') in 0.024165 seconds
Number of updated asset objects reloaded before import = 0
Number of asset objects unloaded after import = 12
========================================================================
Received Import Request.
  Time since last request: 0.000025 seconds.
  path: Assets/import/Sci-Fi Styled Modular Pack/Models/window_big_with_side_offset_LOD1.fbx
  artifactKey: Guid(ea33750d8062a5f40853d5a678f98727) Importer(815301076,1909f56bfc062723c751e8b465ee728b)
Start importing Assets/import/Sci-Fi Styled Modular Pack/Models/window_big_with_side_offset_LOD1.fbx using Guid(ea33750d8062a5f40853d5a678f98727) Importer(815301076,1909f56bfc062723c751e8b465ee728b)  -> (artifact id: '9b69dc1b830a8c970441ad9deb4b93ea') in 0.023300 seconds
Number of updated asset objects reloaded before import = 0
Number of asset objects unloaded after import = 12
========================================================================
Received Import Request.
  Time since last request: 14.206032 seconds.
  path: Assets/import/Sci-Fi Styled Modular Pack/Prefabs/Lights/light_corner_1.prefab
  artifactKey: Guid(43373d8b4f572cf468859751b9dcbbfd) Importer(815301076,1909f56bfc062723c751e8b465ee728b)
Start importing Assets/import/Sci-Fi Styled Modular Pack/Prefabs/Lights/light_corner_1.prefab using Guid(43373d8b4f572cf468859751b9dcbbfd) Importer(815301076,1909f56bfc062723c751e8b465ee728b)  -> (artifact id: '8ad0dfc4619d3da5392e43299cc58558') in 0.028640 seconds
Number of updated asset objects reloaded before import = 0
Number of asset objects unloaded after import = 16
========================================================================
Received Import Request.
  Time since last request: 0.000023 seconds.
  path: Assets/import/Sci-Fi Styled Modular Pack/Prefabs/Lights/light_wall_1_blue.prefab
  artifactKey: Guid(7bfca64f0cf4ef248b199077f3f98357) Importer(815301076,1909f56bfc062723c751e8b465ee728b)
Start importing Assets/import/Sci-Fi Styled Modular Pack/Prefabs/Lights/light_wall_1_blue.prefab using Guid(7bfca64f0cf4ef248b199077f3f98357) Importer(815301076,1909f56bfc062723c751e8b465ee728b)  -> (artifact id: '314b59599eb7f1118cc46c363fe2ea0e') in 0.025988 seconds
Number of updated asset objects reloaded before import = 0
Number of asset objects unloaded after import = 16
========================================================================
Received Import Request.
  Time since last request: 0.000026 seconds.
  path: Assets/import/Sci-Fi Styled Modular Pack/Prefabs/Lights/light_wall_2.prefab
  artifactKey: Guid(8e32be8f06ec06448ac537b609c2d7f7) Importer(815301076,1909f56bfc062723c751e8b465ee728b)
Start importing Assets/import/Sci-Fi Styled Modular Pack/Prefabs/Lights/light_wall_2.prefab using Guid(8e32be8f06ec06448ac537b609c2d7f7) Importer(815301076,1909f56bfc062723c751e8b465ee728b)  -> (artifact id: '980dc3592274a2613348dc867f492dd1') in 0.027966 seconds
Number of updated asset objects reloaded before import = 0
Number of asset objects unloaded after import = 16
========================================================================
Received Prepare
Begin MonoManager ReloadAssembly
- Loaded All Assemblies, in  0.422 seconds
Refreshing native plugins compatible for Editor in 3.46 ms, found 3 plugins.
Native extension for WindowsStandalone target not found
Native extension for WebGL target not found
[Package Manager] Server::EnsureServerProcessIsRunning -- launch failed, reason: Unity was launched with the -noUpm command-line argument
[Package Manager] UpmClient::Send -- Unable to send message (not connected to UPM process).
[Package Manager] Cannot connect to Unity Package Manager local server
Mono: successfully reloaded assembly
- Finished resetting the current domain, in  0.896 seconds
Domain Reload Profiling: 1316ms
	BeginReloadAssembly (153ms)
		ExecutionOrderSort (0ms)
		DisableScriptedObjects (4ms)
		BackupInstance (0ms)
		ReleaseScriptingObjects (0ms)
		CreateAndSetChildDomain (37ms)
	RebuildCommonClasses (36ms)
	RebuildNativeTypeToScriptingClass (15ms)
	initialDomainReloadingComplete (26ms)
	LoadAllAssembliesAndSetupDomain (189ms)
		LoadAssemblies (253ms)
		RebuildTransferFunctionScriptingTraits (0ms)
		AnalyzeDomain (16ms)
			TypeCache.Refresh (7ms)
				TypeCache.ScanAssembly (0ms)
			ScanForSourceGeneratedMonoScriptInfo (0ms)
			ResolveRequiredComponents (6ms)
	FinalizeReload (897ms)
		ReleaseScriptCaches (0ms)
		RebuildScriptCaches (0ms)
		SetupLoadedEditorAssemblies (415ms)
			LogAssemblyErrors (0ms)
			InitializePlatformSupportModulesInManaged (7ms)
			SetLoadedEditorAssemblies (5ms)
			RefreshPlugins (0ms)
			BeforeProcessingInitializeOnLoad (58ms)
			ProcessInitializeOnLoadAttributes (313ms)
			ProcessInitializeOnLoadMethodAttributes (24ms)
			AfterProcessingInitializeOnLoad (8ms)
			EditorAssembliesLoaded (0ms)
		ExecutionOrderSort2 (0ms)
		AwakeInstancesAfterBackupRestoration (7ms)
Refreshing native plugins compatible for Editor in 3.92 ms, found 3 plugins.
Preloading 0 native plugins for Editor in 0.00 ms.
Unloading 3190 Unused Serialized files (Serialized files now loaded: 0)
Unloading 35 unused Assets / (1.8 MB). Loaded Objects now: 3696.
Memory consumption went from 138.6 MB to 136.8 MB.
Total: 3.654100 ms (FindLiveObjects: 0.356200 ms CreateObjectMapping: 0.156700 ms MarkObjects: 2.586000 ms  DeleteObjects: 0.553400 ms)

Prepare: number of updated asset objects reloaded= 0
AssetImportParameters requested are different than current active one (requested -> active):
  custom:container-demuxer-ogg: 62fdf1f143b41e24485cea50d1cbac27 -> 
  custom:video-codec-MediaFoundation-h265: 746d11721c4dcdbdad8f713fa42b33f4 -> 
  custom:video-decoder-ogg-theora: a1e56fd34408186e4bbccfd4996cb3dc -> 
  custom:framework-win-MediaFoundation: 216162199b28c13a410421893ffa2e32 -> 
  custom:CustomObjectIndexerAttribute: 6d391050e5a25f67b0a2c618074f2cd9 -> 
  custom:container-demuxer-webm: 4f35f7cbe854078d1ac9338744f61a02 -> 
  custom:container-muxer-webm: aa71ff27fc2769a1b78a27578f13a17b -> 
  custom:video-decoder-webm-vp8: 9c59270c3fd7afecdb556c50c9e8de78 -> 
  custom:SearchIndexIgnoredProperties: e643bd26f0fe6173181afceb89e7c659 -> 
  custom:AudioImporter_EditorPlatform: d09bf68614088b80899f8185d706f6e7 -> 
  custom:video-encoder-webm-vp8: eb34c28f22e8b96e1ab97ce403110664 -> 
  custom:audio-decoder-ogg-vorbis: bf7c407c2cedff20999df2af8eb42d56 -> 
  custom:audio-encoder-webm-vorbis: bf7c407c2cedff20999df2af8eb42d56 -> 
========================================================================
Received Prepare
Begin MonoManager ReloadAssembly
- Loaded All Assemblies, in  0.407 seconds
Refreshing native plugins compatible for Editor in 2.48 ms, found 3 plugins.
Native extension for WindowsStandalone target not found
Native extension for WebGL target not found
[Package Manager] Server::EnsureServerProcessIsRunning -- launch failed, reason: Unity was launched with the -noUpm command-line argument
[Package Manager] UpmClient::Send -- Unable to send message (not connected to UPM process).
[Package Manager] Cannot connect to Unity Package Manager local server
Mono: successfully reloaded assembly
- Finished resetting the current domain, in  0.880 seconds
Domain Reload Profiling: 1285ms
	BeginReloadAssembly (140ms)
		ExecutionOrderSort (0ms)
		DisableScriptedObjects (4ms)
		BackupInstance (0ms)
		ReleaseScriptingObjects (0ms)
		CreateAndSetChildDomain (34ms)
	RebuildCommonClasses (29ms)
	RebuildNativeTypeToScriptingClass (10ms)
	initialDomainReloadingComplete (34ms)
	LoadAllAssembliesAndSetupDomain (191ms)
		LoadAssemblies (252ms)
		RebuildTransferFunctionScriptingTraits (0ms)
		AnalyzeDomain (11ms)
			TypeCache.Refresh (6ms)
				TypeCache.ScanAssembly (0ms)
			ScanForSourceGeneratedMonoScriptInfo (0ms)
			ResolveRequiredComponents (4ms)
	FinalizeReload (881ms)
		ReleaseScriptCaches (0ms)
		RebuildScriptCaches (0ms)
		SetupLoadedEditorAssemblies (427ms)
			LogAssemblyErrors (0ms)
			InitializePlatformSupportModulesInManaged (7ms)
			SetLoadedEditorAssemblies (4ms)
			RefreshPlugins (0ms)
			BeforeProcessingInitializeOnLoad (62ms)
			ProcessInitializeOnLoadAttributes (321ms)
			ProcessInitializeOnLoadMethodAttributes (25ms)
			AfterProcessingInitializeOnLoad (8ms)
			EditorAssembliesLoaded (0ms)
		ExecutionOrderSort2 (0ms)
		AwakeInstancesAfterBackupRestoration (7ms)
Refreshing native plugins compatible for Editor in 2.88 ms, found 3 plugins.
Preloading 0 native plugins for Editor in 0.00 ms.
Unloading 3191 Unused Serialized files (Serialized files now loaded: 0)
Unloading 35 unused Assets / (1.8 MB). Loaded Objects now: 3699.
Memory consumption went from 140.7 MB to 139.0 MB.
Total: 3.285600 ms (FindLiveObjects: 0.281900 ms CreateObjectMapping: 0.184900 ms MarkObjects: 2.478500 ms  DeleteObjects: 0.338800 ms)

Prepare: number of updated asset objects reloaded= 0
AssetImportParameters requested are different than current active one (requested -> active):
  custom:container-demuxer-ogg: 62fdf1f143b41e24485cea50d1cbac27 -> 
  custom:video-codec-MediaFoundation-h265: 746d11721c4dcdbdad8f713fa42b33f4 -> 
  custom:video-decoder-ogg-theora: a1e56fd34408186e4bbccfd4996cb3dc -> 
  custom:framework-win-MediaFoundation: 216162199b28c13a410421893ffa2e32 -> 
  custom:CustomObjectIndexerAttribute: 6d391050e5a25f67b0a2c618074f2cd9 -> 
  custom:container-demuxer-webm: 4f35f7cbe854078d1ac9338744f61a02 -> 
  custom:container-muxer-webm: aa71ff27fc2769a1b78a27578f13a17b -> 
  custom:video-decoder-webm-vp8: 9c59270c3fd7afecdb556c50c9e8de78 -> 
  custom:SearchIndexIgnoredProperties: e643bd26f0fe6173181afceb89e7c659 -> 
  custom:AudioImporter_EditorPlatform: d09bf68614088b80899f8185d706f6e7 -> 
  custom:video-encoder-webm-vp8: eb34c28f22e8b96e1ab97ce403110664 -> 
  custom:audio-decoder-ogg-vorbis: bf7c407c2cedff20999df2af8eb42d56 -> 
  custom:audio-encoder-webm-vorbis: bf7c407c2cedff20999df2af8eb42d56 -> 
========================================================================
Received Import Request.
  Time since last request: 1164.874845 seconds.
  path: Assets/import/Sci_Fi_Pistol_#1/Textures/Textures_4096/Sci-Fi Pistol 1_Sci-fi_Pistol_mat_Emission.png
  artifactKey: Guid(b98d4272f9dfb7547ba9989456066941) Importer(815301076,1909f56bfc062723c751e8b465ee728b)
Start importing Assets/import/Sci_Fi_Pistol_#1/Textures/Textures_4096/Sci-Fi Pistol 1_Sci-fi_Pistol_mat_Emission.png using Guid(b98d4272f9dfb7547ba9989456066941) Importer(815301076,1909f56bfc062723c751e8b465ee728b)  -> (artifact id: 'cad10bf46f5b272369ddf148a3954263') in 0.084205 seconds
Number of updated asset objects reloaded before import = 0
Number of asset objects unloaded after import = 2
========================================================================
Received Import Request.
  Time since last request: 2.377593 seconds.
  path: Assets/import/Sci_Fi_Pistol_#1/Textures/Textures_2048/Sci-Fi Pistol 1_Sci-fi_Pistol_mat_Emission.png
  artifactKey: Guid(b717823cf5189704387fb7e39ad04029) Importer(815301076,1909f56bfc062723c751e8b465ee728b)
Start importing Assets/import/Sci_Fi_Pistol_#1/Textures/Textures_2048/Sci-Fi Pistol 1_Sci-fi_Pistol_mat_Emission.png using Guid(b717823cf5189704387fb7e39ad04029) Importer(815301076,1909f56bfc062723c751e8b465ee728b)  -> (artifact id: '61617af61b401ad273b12c5c9ea01e92') in 0.026065 seconds
Number of updated asset objects reloaded before import = 0
Number of asset objects unloaded after import = 2
========================================================================
Received Import Request.
  Time since last request: 0.000021 seconds.
  path: Assets/import/Sci_Fi_Pistol_#1/Textures/Textures_2048/Sci-Fi Pistol 1_Sci-fi_Pistol_mat_Normal.png
  artifactKey: Guid(b60c78470d0026e48b2af8ee1d1fb819) Importer(815301076,1909f56bfc062723c751e8b465ee728b)
Start importing Assets/import/Sci_Fi_Pistol_#1/Textures/Textures_2048/Sci-Fi Pistol 1_Sci-fi_Pistol_mat_Normal.png using Guid(b60c78470d0026e48b2af8ee1d1fb819) Importer(815301076,1909f56bfc062723c751e8b465ee728b)  -> (artifact id: '4da559db1a2e232c4a4c4cacb5c6487c') in 0.026179 seconds
Number of updated asset objects reloaded before import = 0
Number of asset objects unloaded after import = 2
========================================================================
Received Prepare
Begin MonoManager ReloadAssembly
- Loaded All Assemblies, in  0.407 seconds
Refreshing native plugins compatible for Editor in 2.48 ms, found 3 plugins.
Native extension for WindowsStandalone target not found
Native extension for WebGL target not found
[Package Manager] Server::EnsureServerProcessIsRunning -- launch failed, reason: Unity was launched with the -noUpm command-line argument
[Package Manager] UpmClient::Send -- Unable to send message (not connected to UPM process).
[Package Manager] Cannot connect to Unity Package Manager local server
Mono: successfully reloaded assembly
- Finished resetting the current domain, in  0.909 seconds
Domain Reload Profiling: 1314ms
	BeginReloadAssembly (146ms)
		ExecutionOrderSort (0ms)
		DisableScriptedObjects (4ms)
		BackupInstance (0ms)
		ReleaseScriptingObjects (0ms)
		CreateAndSetChildDomain (36ms)
	RebuildCommonClasses (28ms)
	RebuildNativeTypeToScriptingClass (9ms)
	initialDomainReloadingComplete (25ms)
	LoadAllAssembliesAndSetupDomain (196ms)
		LoadAssemblies (262ms)
		RebuildTransferFunctionScriptingTraits (0ms)
		AnalyzeDomain (12ms)
			TypeCache.Refresh (7ms)
				TypeCache.ScanAssembly (0ms)
			ScanForSourceGeneratedMonoScriptInfo (0ms)
			ResolveRequiredComponents (4ms)
	FinalizeReload (910ms)
		ReleaseScriptCaches (0ms)
		RebuildScriptCaches (0ms)
		SetupLoadedEditorAssemblies (408ms)
			LogAssemblyErrors (0ms)
			InitializePlatformSupportModulesInManaged (7ms)
			SetLoadedEditorAssemblies (4ms)
			RefreshPlugins (0ms)
			BeforeProcessingInitializeOnLoad (57ms)
			ProcessInitializeOnLoadAttributes (306ms)
			ProcessInitializeOnLoadMethodAttributes (25ms)
			AfterProcessingInitializeOnLoad (8ms)
			EditorAssembliesLoaded (0ms)
		ExecutionOrderSort2 (0ms)
		AwakeInstancesAfterBackupRestoration (8ms)
Refreshing native plugins compatible for Editor in 3.16 ms, found 3 plugins.
Preloading 0 native plugins for Editor in 0.00 ms.
Unloading 3190 Unused Serialized files (Serialized files now loaded: 0)
Unloading 35 unused Assets / (1.8 MB). Loaded Objects now: 3703.
Memory consumption went from 142.4 MB to 140.7 MB.
Total: 3.932000 ms (FindLiveObjects: 0.398100 ms CreateObjectMapping: 0.268100 ms MarkObjects: 2.845000 ms  DeleteObjects: 0.419200 ms)

Prepare: number of updated asset objects reloaded= 0
AssetImportParameters requested are different than current active one (requested -> active):
  custom:container-demuxer-ogg: 62fdf1f143b41e24485cea50d1cbac27 -> 
  custom:video-codec-MediaFoundation-h265: 746d11721c4dcdbdad8f713fa42b33f4 -> 
  custom:video-decoder-ogg-theora: a1e56fd34408186e4bbccfd4996cb3dc -> 
  custom:framework-win-MediaFoundation: 216162199b28c13a410421893ffa2e32 -> 
  custom:CustomObjectIndexerAttribute: 6d391050e5a25f67b0a2c618074f2cd9 -> 
  custom:container-demuxer-webm: 4f35f7cbe854078d1ac9338744f61a02 -> 
  custom:container-muxer-webm: aa71ff27fc2769a1b78a27578f13a17b -> 
  custom:video-decoder-webm-vp8: 9c59270c3fd7afecdb556c50c9e8de78 -> 
  custom:SearchIndexIgnoredProperties: e643bd26f0fe6173181afceb89e7c659 -> 
  custom:AudioImporter_EditorPlatform: d09bf68614088b80899f8185d706f6e7 -> 
  custom:video-encoder-webm-vp8: eb34c28f22e8b96e1ab97ce403110664 -> 
  custom:audio-decoder-ogg-vorbis: bf7c407c2cedff20999df2af8eb42d56 -> 
  custom:audio-encoder-webm-vorbis: bf7c407c2cedff20999df2af8eb42d56 -> 
========================================================================
Received Prepare
Begin MonoManager ReloadAssembly
- Loaded All Assemblies, in  0.405 seconds
Refreshing native plugins compatible for Editor in 2.71 ms, found 3 plugins.
Native extension for WindowsStandalone target not found
Native extension for WebGL target not found
[Package Manager] Server::EnsureServerProcessIsRunning -- launch failed, reason: Unity was launched with the -noUpm command-line argument
[Package Manager] UpmClient::Send -- Unable to send message (not connected to UPM process).
[Package Manager] Cannot connect to Unity Package Manager local server
Mono: successfully reloaded assembly
- Finished resetting the current domain, in  0.864 seconds
Domain Reload Profiling: 1267ms
	BeginReloadAssembly (141ms)
		ExecutionOrderSort (0ms)
		DisableScriptedObjects (4ms)
		BackupInstance (0ms)
		ReleaseScriptingObjects (0ms)
		CreateAndSetChildDomain (31ms)
	RebuildCommonClasses (30ms)
	RebuildNativeTypeToScriptingClass (9ms)
	initialDomainReloadingComplete (26ms)
	LoadAllAssembliesAndSetupDomain (196ms)
		LoadAssemblies (251ms)
		RebuildTransferFunctionScriptingTraits (0ms)
		AnalyzeDomain (19ms)
			TypeCache.Refresh (11ms)
				TypeCache.ScanAssembly (0ms)
			ScanForSourceGeneratedMonoScriptInfo (0ms)
			ResolveRequiredComponents (6ms)
	FinalizeReload (865ms)
		ReleaseScriptCaches (0ms)
		RebuildScriptCaches (0ms)
		SetupLoadedEditorAssemblies (418ms)
			LogAssemblyErrors (0ms)
			InitializePlatformSupportModulesInManaged (7ms)
			SetLoadedEditorAssemblies (4ms)
			RefreshPlugins (0ms)
			BeforeProcessingInitializeOnLoad (60ms)
			ProcessInitializeOnLoadAttributes (319ms)
			ProcessInitializeOnLoadMethodAttributes (19ms)
			AfterProcessingInitializeOnLoad (8ms)
			EditorAssembliesLoaded (0ms)
		ExecutionOrderSort2 (0ms)
		AwakeInstancesAfterBackupRestoration (9ms)
Refreshing native plugins compatible for Editor in 3.50 ms, found 3 plugins.
Preloading 0 native plugins for Editor in 0.00 ms.
Unloading 3191 Unused Serialized files (Serialized files now loaded: 0)
Unloading 35 unused Assets / (1.8 MB). Loaded Objects now: 3706.
Memory consumption went from 144.6 MB to 142.9 MB.
Total: 3.679700 ms (FindLiveObjects: 0.397700 ms CreateObjectMapping: 0.177100 ms MarkObjects: 2.777300 ms  DeleteObjects: 0.325600 ms)

Prepare: number of updated asset objects reloaded= 0
AssetImportParameters requested are different than current active one (requested -> active):
  custom:container-demuxer-ogg: 62fdf1f143b41e24485cea50d1cbac27 -> 
  custom:video-codec-MediaFoundation-h265: 746d11721c4dcdbdad8f713fa42b33f4 -> 
  custom:video-decoder-ogg-theora: a1e56fd34408186e4bbccfd4996cb3dc -> 
  custom:framework-win-MediaFoundation: 216162199b28c13a410421893ffa2e32 -> 
  custom:CustomObjectIndexerAttribute: 6d391050e5a25f67b0a2c618074f2cd9 -> 
  custom:container-demuxer-webm: 4f35f7cbe854078d1ac9338744f61a02 -> 
  custom:container-muxer-webm: aa71ff27fc2769a1b78a27578f13a17b -> 
  custom:video-decoder-webm-vp8: 9c59270c3fd7afecdb556c50c9e8de78 -> 
  custom:SearchIndexIgnoredProperties: e643bd26f0fe6173181afceb89e7c659 -> 
  custom:AudioImporter_EditorPlatform: d09bf68614088b80899f8185d706f6e7 -> 
  custom:video-encoder-webm-vp8: eb34c28f22e8b96e1ab97ce403110664 -> 
  custom:audio-decoder-ogg-vorbis: bf7c407c2cedff20999df2af8eb42d56 -> 
  custom:audio-encoder-webm-vorbis: bf7c407c2cedff20999df2af8eb42d56 -> 
========================================================================
Received Prepare
Begin MonoManager ReloadAssembly
- Loaded All Assemblies, in  0.404 seconds
Refreshing native plugins compatible for Editor in 3.10 ms, found 3 plugins.
Native extension for WindowsStandalone target not found
Native extension for WebGL target not found
[Package Manager] Server::EnsureServerProcessIsRunning -- launch failed, reason: Unity was launched with the -noUpm command-line argument
[Package Manager] UpmClient::Send -- Unable to send message (not connected to UPM process).
[Package Manager] Cannot connect to Unity Package Manager local server
Mono: successfully reloaded assembly
- Finished resetting the current domain, in  0.873 seconds
Domain Reload Profiling: 1275ms
	BeginReloadAssembly (145ms)
		ExecutionOrderSort (0ms)
		DisableScriptedObjects (7ms)
		BackupInstance (0ms)
		ReleaseScriptingObjects (0ms)
		CreateAndSetChildDomain (33ms)
	RebuildCommonClasses (29ms)
	RebuildNativeTypeToScriptingClass (9ms)
	initialDomainReloadingComplete (26ms)
	LoadAllAssembliesAndSetupDomain (192ms)
		LoadAssemblies (253ms)
		RebuildTransferFunctionScriptingTraits (0ms)
		AnalyzeDomain (13ms)
			TypeCache.Refresh (7ms)
				TypeCache.ScanAssembly (0ms)
			ScanForSourceGeneratedMonoScriptInfo (0ms)
			ResolveRequiredComponents (4ms)
	FinalizeReload (874ms)
		ReleaseScriptCaches (0ms)
		RebuildScriptCaches (0ms)
		SetupLoadedEditorAssemblies (422ms)
			LogAssemblyErrors (0ms)
			InitializePlatformSupportModulesInManaged (9ms)
			SetLoadedEditorAssemblies (6ms)
			RefreshPlugins (0ms)
			BeforeProcessingInitializeOnLoad (68ms)
			ProcessInitializeOnLoadAttributes (309ms)
			ProcessInitializeOnLoadMethodAttributes (22ms)
			AfterProcessingInitializeOnLoad (7ms)
			EditorAssembliesLoaded (0ms)
		ExecutionOrderSort2 (0ms)
		AwakeInstancesAfterBackupRestoration (8ms)
Refreshing native plugins compatible for Editor in 4.68 ms, found 3 plugins.
Preloading 0 native plugins for Editor in 0.00 ms.
Unloading 3191 Unused Serialized files (Serialized files now loaded: 0)
Unloading 35 unused Assets / (1.8 MB). Loaded Objects now: 3709.
Memory consumption went from 146.5 MB to 144.8 MB.
Total: 3.585300 ms (FindLiveObjects: 0.313600 ms CreateObjectMapping: 0.104400 ms MarkObjects: 2.705600 ms  DeleteObjects: 0.460000 ms)

Prepare: number of updated asset objects reloaded= 0
AssetImportParameters requested are different than current active one (requested -> active):
  custom:container-demuxer-ogg: 62fdf1f143b41e24485cea50d1cbac27 -> 
  custom:video-codec-MediaFoundation-h265: 746d11721c4dcdbdad8f713fa42b33f4 -> 
  custom:video-decoder-ogg-theora: a1e56fd34408186e4bbccfd4996cb3dc -> 
  custom:framework-win-MediaFoundation: 216162199b28c13a410421893ffa2e32 -> 
  custom:CustomObjectIndexerAttribute: 6d391050e5a25f67b0a2c618074f2cd9 -> 
  custom:container-demuxer-webm: 4f35f7cbe854078d1ac9338744f61a02 -> 
  custom:container-muxer-webm: aa71ff27fc2769a1b78a27578f13a17b -> 
  custom:video-decoder-webm-vp8: 9c59270c3fd7afecdb556c50c9e8de78 -> 
  custom:SearchIndexIgnoredProperties: e643bd26f0fe6173181afceb89e7c659 -> 
  custom:AudioImporter_EditorPlatform: d09bf68614088b80899f8185d706f6e7 -> 
  custom:video-encoder-webm-vp8: eb34c28f22e8b96e1ab97ce403110664 -> 
  custom:audio-decoder-ogg-vorbis: bf7c407c2cedff20999df2af8eb42d56 -> 
  custom:audio-encoder-webm-vorbis: bf7c407c2cedff20999df2af8eb42d56 -> 
========================================================================
Received Prepare
Begin MonoManager ReloadAssembly
- Loaded All Assemblies, in  0.409 seconds
Refreshing native plugins compatible for Editor in 2.54 ms, found 3 plugins.
Native extension for WindowsStandalone target not found
Native extension for WebGL target not found
[Package Manager] Server::EnsureServerProcessIsRunning -- launch failed, reason: Unity was launched with the -noUpm command-line argument
[Package Manager] UpmClient::Send -- Unable to send message (not connected to UPM process).
[Package Manager] Cannot connect to Unity Package Manager local server
Mono: successfully reloaded assembly
- Finished resetting the current domain, in  0.873 seconds
Domain Reload Profiling: 1280ms
	BeginReloadAssembly (145ms)
		ExecutionOrderSort (0ms)
		DisableScriptedObjects (6ms)
		BackupInstance (0ms)
		ReleaseScriptingObjects (0ms)
		CreateAndSetChildDomain (34ms)
	RebuildCommonClasses (29ms)
	RebuildNativeTypeToScriptingClass (12ms)
	initialDomainReloadingComplete (29ms)
	LoadAllAssembliesAndSetupDomain (190ms)
		LoadAssemblies (249ms)
		RebuildTransferFunctionScriptingTraits (0ms)
		AnalyzeDomain (16ms)
			TypeCache.Refresh (11ms)
				TypeCache.ScanAssembly (0ms)
			ScanForSourceGeneratedMonoScriptInfo (0ms)
			ResolveRequiredComponents (4ms)
	FinalizeReload (874ms)
		ReleaseScriptCaches (0ms)
		RebuildScriptCaches (0ms)
		SetupLoadedEditorAssemblies (420ms)
			LogAssemblyErrors (0ms)
			InitializePlatformSupportModulesInManaged (7ms)
			SetLoadedEditorAssemblies (5ms)
			RefreshPlugins (0ms)
			BeforeProcessingInitializeOnLoad (58ms)
			ProcessInitializeOnLoadAttributes (323ms)
			ProcessInitializeOnLoadMethodAttributes (21ms)
			AfterProcessingInitializeOnLoad (7ms)
			EditorAssembliesLoaded (0ms)
		ExecutionOrderSort2 (0ms)
		AwakeInstancesAfterBackupRestoration (8ms)
Refreshing native plugins compatible for Editor in 3.78 ms, found 3 plugins.
Preloading 0 native plugins for Editor in 0.00 ms.
Unloading 3191 Unused Serialized files (Serialized files now loaded: 0)
Unloading 35 unused Assets / (1.8 MB). Loaded Objects now: 3712.
Memory consumption went from 148.5 MB to 146.7 MB.
Total: 4.647800 ms (FindLiveObjects: 0.421500 ms CreateObjectMapping: 0.129000 ms MarkObjects: 3.550400 ms  DeleteObjects: 0.543500 ms)

Prepare: number of updated asset objects reloaded= 0
AssetImportParameters requested are different than current active one (requested -> active):
  custom:container-demuxer-ogg: 62fdf1f143b41e24485cea50d1cbac27 -> 
  custom:video-codec-MediaFoundation-h265: 746d11721c4dcdbdad8f713fa42b33f4 -> 
  custom:video-decoder-ogg-theora: a1e56fd34408186e4bbccfd4996cb3dc -> 
  custom:framework-win-MediaFoundation: 216162199b28c13a410421893ffa2e32 -> 
  custom:CustomObjectIndexerAttribute: 6d391050e5a25f67b0a2c618074f2cd9 -> 
  custom:container-demuxer-webm: 4f35f7cbe854078d1ac9338744f61a02 -> 
  custom:container-muxer-webm: aa71ff27fc2769a1b78a27578f13a17b -> 
  custom:video-decoder-webm-vp8: 9c59270c3fd7afecdb556c50c9e8de78 -> 
  custom:SearchIndexIgnoredProperties: e643bd26f0fe6173181afceb89e7c659 -> 
  custom:AudioImporter_EditorPlatform: d09bf68614088b80899f8185d706f6e7 -> 
  custom:video-encoder-webm-vp8: eb34c28f22e8b96e1ab97ce403110664 -> 
  custom:audio-decoder-ogg-vorbis: bf7c407c2cedff20999df2af8eb42d56 -> 
  custom:audio-encoder-webm-vorbis: bf7c407c2cedff20999df2af8eb42d56 -> 
========================================================================
Received Prepare
Begin MonoManager ReloadAssembly
- Loaded All Assemblies, in  0.406 seconds
Refreshing native plugins compatible for Editor in 2.79 ms, found 3 plugins.
Native extension for WindowsStandalone target not found
Native extension for WebGL target not found
[Package Manager] Server::EnsureServerProcessIsRunning -- launch failed, reason: Unity was launched with the -noUpm command-line argument
[Package Manager] UpmClient::Send -- Unable to send message (not connected to UPM process).
[Package Manager] Cannot connect to Unity Package Manager local server
Mono: successfully reloaded assembly
- Finished resetting the current domain, in  0.894 seconds
Domain Reload Profiling: 1297ms
	BeginReloadAssembly (143ms)
		ExecutionOrderSort (0ms)
		DisableScriptedObjects (5ms)
		BackupInstance (0ms)
		ReleaseScriptingObjects (0ms)
		CreateAndSetChildDomain (32ms)
	RebuildCommonClasses (28ms)
	RebuildNativeTypeToScriptingClass (9ms)
	initialDomainReloadingComplete (26ms)
	LoadAllAssembliesAndSetupDomain (196ms)
		LoadAssemblies (262ms)
		RebuildTransferFunctionScriptingTraits (0ms)
		AnalyzeDomain (12ms)
			TypeCache.Refresh (7ms)
				TypeCache.ScanAssembly (0ms)
			ScanForSourceGeneratedMonoScriptInfo (0ms)
			ResolveRequiredComponents (4ms)
	FinalizeReload (894ms)
		ReleaseScriptCaches (0ms)
		RebuildScriptCaches (0ms)
		SetupLoadedEditorAssemblies (420ms)
			LogAssemblyErrors (0ms)
			InitializePlatformSupportModulesInManaged (8ms)
			SetLoadedEditorAssemblies (3ms)
			RefreshPlugins (0ms)
			BeforeProcessingInitializeOnLoad (60ms)
			ProcessInitializeOnLoadAttributes (319ms)
			ProcessInitializeOnLoadMethodAttributes (24ms)
			AfterProcessingInitializeOnLoad (7ms)
			EditorAssembliesLoaded (0ms)
		ExecutionOrderSort2 (0ms)
		AwakeInstancesAfterBackupRestoration (9ms)
Refreshing native plugins compatible for Editor in 3.27 ms, found 3 plugins.
Preloading 0 native plugins for Editor in 0.00 ms.
Unloading 3191 Unused Serialized files (Serialized files now loaded: 0)
Unloading 35 unused Assets / (1.8 MB). Loaded Objects now: 3715.
Memory consumption went from 150.4 MB to 148.6 MB.
Total: 3.376700 ms (FindLiveObjects: 0.239100 ms CreateObjectMapping: 0.083900 ms MarkObjects: 2.519700 ms  DeleteObjects: 0.532200 ms)

Prepare: number of updated asset objects reloaded= 0
AssetImportParameters requested are different than current active one (requested -> active):
  custom:container-demuxer-ogg: 62fdf1f143b41e24485cea50d1cbac27 -> 
  custom:video-codec-MediaFoundation-h265: 746d11721c4dcdbdad8f713fa42b33f4 -> 
  custom:video-decoder-ogg-theora: a1e56fd34408186e4bbccfd4996cb3dc -> 
  custom:framework-win-MediaFoundation: 216162199b28c13a410421893ffa2e32 -> 
  custom:CustomObjectIndexerAttribute: 6d391050e5a25f67b0a2c618074f2cd9 -> 
  custom:container-demuxer-webm: 4f35f7cbe854078d1ac9338744f61a02 -> 
  custom:container-muxer-webm: aa71ff27fc2769a1b78a27578f13a17b -> 
  custom:video-decoder-webm-vp8: 9c59270c3fd7afecdb556c50c9e8de78 -> 
  custom:SearchIndexIgnoredProperties: e643bd26f0fe6173181afceb89e7c659 -> 
  custom:AudioImporter_EditorPlatform: d09bf68614088b80899f8185d706f6e7 -> 
  custom:video-encoder-webm-vp8: eb34c28f22e8b96e1ab97ce403110664 -> 
  custom:audio-decoder-ogg-vorbis: bf7c407c2cedff20999df2af8eb42d56 -> 
  custom:audio-encoder-webm-vorbis: bf7c407c2cedff20999df2af8eb42d56 -> 
========================================================================
Received Prepare
Begin MonoManager ReloadAssembly
- Loaded All Assemblies, in  0.418 seconds
Refreshing native plugins compatible for Editor in 2.64 ms, found 3 plugins.
Native extension for WindowsStandalone target not found
Native extension for WebGL target not found
[Package Manager] Server::EnsureServerProcessIsRunning -- launch failed, reason: Unity was launched with the -noUpm command-line argument
[Package Manager] UpmClient::Send -- Unable to send message (not connected to UPM process).
[Package Manager] Cannot connect to Unity Package Manager local server
Mono: successfully reloaded assembly
- Finished resetting the current domain, in  0.910 seconds
Domain Reload Profiling: 1325ms
	BeginReloadAssembly (149ms)
		ExecutionOrderSort (0ms)
		DisableScriptedObjects (4ms)
		BackupInstance (0ms)
		ReleaseScriptingObjects (0ms)
		CreateAndSetChildDomain (37ms)
	RebuildCommonClasses (28ms)
	RebuildNativeTypeToScriptingClass (9ms)
	initialDomainReloadingComplete (31ms)
	LoadAllAssembliesAndSetupDomain (198ms)
		LoadAssemblies (265ms)
		RebuildTransferFunctionScriptingTraits (0ms)
		AnalyzeDomain (11ms)
			TypeCache.Refresh (6ms)
				TypeCache.ScanAssembly (0ms)
			ScanForSourceGeneratedMonoScriptInfo (0ms)
			ResolveRequiredComponents (4ms)
	FinalizeReload (910ms)
		ReleaseScriptCaches (0ms)
		RebuildScriptCaches (0ms)
		SetupLoadedEditorAssemblies (450ms)
			LogAssemblyErrors (0ms)
			InitializePlatformSupportModulesInManaged (7ms)
			SetLoadedEditorAssemblies (5ms)
			RefreshPlugins (0ms)
			BeforeProcessingInitializeOnLoad (65ms)
			ProcessInitializeOnLoadAttributes (341ms)
			ProcessInitializeOnLoadMethodAttributes (25ms)
			AfterProcessingInitializeOnLoad (7ms)
			EditorAssembliesLoaded (0ms)
		ExecutionOrderSort2 (0ms)
		AwakeInstancesAfterBackupRestoration (7ms)
Refreshing native plugins compatible for Editor in 3.95 ms, found 3 plugins.
Preloading 0 native plugins for Editor in 0.00 ms.
Unloading 3191 Unused Serialized files (Serialized files now loaded: 0)
Unloading 35 unused Assets / (1.8 MB). Loaded Objects now: 3718.
Memory consumption went from 152.3 MB to 150.6 MB.
Total: 3.166300 ms (FindLiveObjects: 0.262700 ms CreateObjectMapping: 0.118000 ms MarkObjects: 2.321100 ms  DeleteObjects: 0.463100 ms)

Prepare: number of updated asset objects reloaded= 0
AssetImportParameters requested are different than current active one (requested -> active):
  custom:container-demuxer-ogg: 62fdf1f143b41e24485cea50d1cbac27 -> 
  custom:video-codec-MediaFoundation-h265: 746d11721c4dcdbdad8f713fa42b33f4 -> 
  custom:video-decoder-ogg-theora: a1e56fd34408186e4bbccfd4996cb3dc -> 
  custom:framework-win-MediaFoundation: 216162199b28c13a410421893ffa2e32 -> 
  custom:CustomObjectIndexerAttribute: 6d391050e5a25f67b0a2c618074f2cd9 -> 
  custom:container-demuxer-webm: 4f35f7cbe854078d1ac9338744f61a02 -> 
  custom:container-muxer-webm: aa71ff27fc2769a1b78a27578f13a17b -> 
  custom:video-decoder-webm-vp8: 9c59270c3fd7afecdb556c50c9e8de78 -> 
  custom:SearchIndexIgnoredProperties: e643bd26f0fe6173181afceb89e7c659 -> 
  custom:AudioImporter_EditorPlatform: d09bf68614088b80899f8185d706f6e7 -> 
  custom:video-encoder-webm-vp8: eb34c28f22e8b96e1ab97ce403110664 -> 
  custom:audio-decoder-ogg-vorbis: bf7c407c2cedff20999df2af8eb42d56 -> 
  custom:audio-encoder-webm-vorbis: bf7c407c2cedff20999df2af8eb42d56 -> 
