Using pre-set license
Built from '2022.3/release' branch; Version is '2022.3.18f1 (d29bea25151d) revision 13802474'; Using compiler version '192829333'; Build Type 'Release'
OS: 'Windows 11  (10.0.22631) 64bit Core' Language: 'ru' Physical Memory: 16243 MB
BatchMode: 1, IsHumanControllingUs: 0, StartBugReporterOnCrash: 0, Is64bit: 1, IsPro: 1

COMMAND LINE ARGUMENTS:
C:\Users\pv010\Documents\Unity Hub\2022.3.18f1\Editor\Unity.exe
-adb2
-batchMode
-noUpm
-name
AssetImportWorker4
-projectPath
C:/Users/pv010/OneDrive/Рабочий стол/Delta-game/Delta game
-logFile
Logs/AssetImportWorker4.log
-srvPort
55123
Successfully changed project path to: C:/Users/pv010/OneDrive/Рабочий стол/Delta-game/Delta game
C:/Users/pv010/OneDrive/Рабочий стол/Delta-game/Delta game
[UnityMemory] Configuration Parameters - Can be set up in boot.config
    "memorysetup-bucket-allocator-granularity=16"
    "memorysetup-bucket-allocator-bucket-count=8"
    "memorysetup-bucket-allocator-block-size=33554432"
    "memorysetup-bucket-allocator-block-count=8"
    "memorysetup-main-allocator-block-size=16777216"
    "memorysetup-thread-allocator-block-size=16777216"
    "memorysetup-gfx-main-allocator-block-size=16777216"
    "memorysetup-gfx-thread-allocator-block-size=16777216"
    "memorysetup-cache-allocator-block-size=4194304"
    "memorysetup-typetree-allocator-block-size=2097152"
    "memorysetup-profiler-bucket-allocator-granularity=16"
    "memorysetup-profiler-bucket-allocator-bucket-count=8"
    "memorysetup-profiler-bucket-allocator-block-size=33554432"
    "memorysetup-profiler-bucket-allocator-block-count=8"
    "memorysetup-profiler-allocator-block-size=16777216"
    "memorysetup-profiler-editor-allocator-block-size=1048576"
    "memorysetup-temp-allocator-size-main=16777216"
    "memorysetup-job-temp-allocator-block-size=2097152"
    "memorysetup-job-temp-allocator-block-size-background=1048576"
    "memorysetup-job-temp-allocator-reduction-small-platforms=262144"
    "memorysetup-allocator-temp-initial-block-size-main=262144"
    "memorysetup-allocator-temp-initial-block-size-worker=262144"
    "memorysetup-temp-allocator-size-background-worker=32768"
    "memorysetup-temp-allocator-size-job-worker=262144"
    "memorysetup-temp-allocator-size-preload-manager=33554432"
    "memorysetup-temp-allocator-size-nav-mesh-worker=65536"
    "memorysetup-temp-allocator-size-audio-worker=65536"
    "memorysetup-temp-allocator-size-cloud-worker=32768"
    "memorysetup-temp-allocator-size-gi-baking-worker=262144"
    "memorysetup-temp-allocator-size-gfx=262144"
Player connection [22408] Host "[IP] 10.248.1.148 [Port] 0 [Flags] 2 [Guid] 3155968556 [EditorId] 3155968556 [Version] 1048832 [Id] WindowsEditor(7,Vladislav) [Debug] 1 [PackageName] WindowsEditor [ProjectName] Editor" joined multi-casting on [225.0.0.222:54997]...

Player connection [22408] Host "[IP] 10.248.1.148 [Port] 0 [Flags] 2 [Guid] 3155968556 [EditorId] 3155968556 [Version] 1048832 [Id] WindowsEditor(7,Vladislav) [Debug] 1 [PackageName] WindowsEditor [ProjectName] Editor" joined alternative multi-casting on [225.0.0.222:34997]...

[Physics::Module] Initialized MultithreadedJobDispatcher with 7 workers.
Refreshing native plugins compatible for Editor in 4.47 ms, found 3 plugins.
Preloading 0 native plugins for Editor in 0.00 ms.
Initialize engine version: 2022.3.18f1 (d29bea25151d)
[Subsystems] Discovering subsystems at path C:/Users/pv010/Documents/Unity Hub/2022.3.18f1/Editor/Data/Resources/UnitySubsystems
[Subsystems] Discovering subsystems at path C:/Users/pv010/OneDrive/Рабочий стол/Delta-game/Delta game/Assets
GfxDevice: creating device client; threaded=0; jobified=0
Direct3D:
    Version:  Direct3D 11.0 [level 11.1]
    Renderer: AMD Radeon RX 6600 (ID=0x73ff)
    Vendor:   ATI
    VRAM:     8147 MB
    Driver:   31.0.21031.1005
Initialize mono
Mono path[0] = 'C:/Users/pv010/Documents/Unity Hub/2022.3.18f1/Editor/Data/Managed'
Mono path[1] = 'C:/Users/pv010/Documents/Unity Hub/2022.3.18f1/Editor/Data/MonoBleedingEdge/lib/mono/unityjit-win32'
Mono config path = 'C:/Users/pv010/Documents/Unity Hub/2022.3.18f1/Editor/Data/MonoBleedingEdge/etc'
Using monoOptions --debugger-agent=transport=dt_socket,embedding=1,server=y,suspend=n,address=127.0.0.1:56220
Begin MonoManager ReloadAssembly
Registering precompiled unity dll's ...
Register platform support module: C:/Users/pv010/Documents/Unity Hub/2022.3.18f1/Editor/Data/PlaybackEngines/WebGLSupport/UnityEditor.WebGL.Extensions.dll
Register platform support module: C:/Users/pv010/Documents/Unity Hub/2022.3.18f1/Editor/Data/PlaybackEngines/WindowsStandaloneSupport/UnityEditor.WindowsStandalone.Extensions.dll
Registered in 0.004201 seconds.
- Loaded All Assemblies, in  0.239 seconds
Native extension for WindowsStandalone target not found
Native extension for WebGL target not found
Mono: successfully reloaded assembly
- Finished resetting the current domain, in  0.189 seconds
Domain Reload Profiling: 428ms
	BeginReloadAssembly (77ms)
		ExecutionOrderSort (0ms)
		DisableScriptedObjects (0ms)
		BackupInstance (0ms)
		ReleaseScriptingObjects (0ms)
		CreateAndSetChildDomain (1ms)
	RebuildCommonClasses (24ms)
	RebuildNativeTypeToScriptingClass (7ms)
	initialDomainReloadingComplete (39ms)
	LoadAllAssembliesAndSetupDomain (92ms)
		LoadAssemblies (76ms)
		RebuildTransferFunctionScriptingTraits (0ms)
		AnalyzeDomain (90ms)
			TypeCache.Refresh (89ms)
				TypeCache.ScanAssembly (80ms)
			ScanForSourceGeneratedMonoScriptInfo (0ms)
			ResolveRequiredComponents (0ms)
	FinalizeReload (190ms)
		ReleaseScriptCaches (0ms)
		RebuildScriptCaches (0ms)
		SetupLoadedEditorAssemblies (149ms)
			LogAssemblyErrors (0ms)
			InitializePlatformSupportModulesInManaged (6ms)
			SetLoadedEditorAssemblies (4ms)
			RefreshPlugins (0ms)
			BeforeProcessingInitializeOnLoad (2ms)
			ProcessInitializeOnLoadAttributes (104ms)
			ProcessInitializeOnLoadMethodAttributes (32ms)
			AfterProcessingInitializeOnLoad (0ms)
			EditorAssembliesLoaded (0ms)
		ExecutionOrderSort2 (0ms)
		AwakeInstancesAfterBackupRestoration (0ms)
========================================================================
Worker process is ready to serve import requests
Begin MonoManager ReloadAssembly
- Loaded All Assemblies, in  0.418 seconds
Refreshing native plugins compatible for Editor in 1.59 ms, found 3 plugins.
Native extension for WindowsStandalone target not found
Native extension for WebGL target not found
Package Manager log level set to [2]
[Package Manager] Server::EnsureServerProcessIsRunning -- launch failed, reason: Unity was launched with the -noUpm command-line argument
[Package Manager] UpmClient::Send -- Unable to send message (not connected to UPM process).
[Package Manager] Cannot connect to Unity Package Manager local server
Mono: successfully reloaded assembly
- Finished resetting the current domain, in  0.412 seconds
Domain Reload Profiling: 829ms
	BeginReloadAssembly (98ms)
		ExecutionOrderSort (0ms)
		DisableScriptedObjects (3ms)
		BackupInstance (0ms)
		ReleaseScriptingObjects (0ms)
		CreateAndSetChildDomain (15ms)
	RebuildCommonClasses (22ms)
	RebuildNativeTypeToScriptingClass (7ms)
	initialDomainReloadingComplete (28ms)
	LoadAllAssembliesAndSetupDomain (262ms)
		LoadAssemblies (198ms)
		RebuildTransferFunctionScriptingTraits (0ms)
		AnalyzeDomain (121ms)
			TypeCache.Refresh (105ms)
				TypeCache.ScanAssembly (94ms)
			ScanForSourceGeneratedMonoScriptInfo (11ms)
			ResolveRequiredComponents (4ms)
	FinalizeReload (413ms)
		ReleaseScriptCaches (0ms)
		RebuildScriptCaches (0ms)
		SetupLoadedEditorAssemblies (306ms)
			LogAssemblyErrors (0ms)
			InitializePlatformSupportModulesInManaged (5ms)
			SetLoadedEditorAssemblies (4ms)
			RefreshPlugins (0ms)
			BeforeProcessingInitializeOnLoad (44ms)
			ProcessInitializeOnLoadAttributes (236ms)
			ProcessInitializeOnLoadMethodAttributes (14ms)
			AfterProcessingInitializeOnLoad (3ms)
			EditorAssembliesLoaded (0ms)
		ExecutionOrderSort2 (0ms)
		AwakeInstancesAfterBackupRestoration (5ms)
Launched and connected shader compiler UnityShaderCompiler.exe after 0.03 seconds
Refreshing native plugins compatible for Editor in 1.61 ms, found 3 plugins.
Preloading 0 native plugins for Editor in 0.00 ms.
Unloading 3509 Unused Serialized files (Serialized files now loaded: 0)
Unloading 49 unused Assets / (2.1 MB). Loaded Objects now: 3990.
Memory consumption went from 179.7 MB to 177.7 MB.
Total: 2.593400 ms (FindLiveObjects: 0.190100 ms CreateObjectMapping: 0.091300 ms MarkObjects: 1.924300 ms  DeleteObjects: 0.386200 ms)

AssetImportParameters requested are different than current active one (requested -> active):
  custom:container-demuxer-ogg: 62fdf1f143b41e24485cea50d1cbac27 -> 
  custom:video-codec-MediaFoundation-h265: 746d11721c4dcdbdad8f713fa42b33f4 -> 
  custom:video-decoder-ogg-theora: a1e56fd34408186e4bbccfd4996cb3dc -> 
  custom:framework-win-MediaFoundation: 216162199b28c13a410421893ffa2e32 -> 
  custom:scripting/monoscript/fileName/MoveAndAttack.cs: 945907239a2c1aeadc587c8df8944964 -> 1d49073defc2f77683af04d48d98c8d8
  custom:scripting/monoscript/fileName/AgentLinkMover.cs: 78b08b75f617248e3019fe7c63db68ca -> 
  custom:scripting/monoscript/fileName/EnemyScript.cs: 3e60caf6fb62aa4558c8a6ed8fc6694f -> 99ea20e3aae7e4d6436777609d6ec091
  custom:scripting/monoscript/fileName/HomingBullet.cs: 864f7f5b651bb6d052536f1d7d72e58d -> 
  custom:scripting/monoscript/fileName/EnemyController.cs: 95cdb6bff3c5e80df3375de5026c231f -> 5b8537652ebdaba4b35050797ce3ce8d
  custom:scripting/monoscript/fileName/PoolableObject.cs: 8d092a881df5fcdfaf09232738ef1b42 -> 
  custom:CustomObjectIndexerAttribute: 6d391050e5a25f67b0a2c618074f2cd9 -> 
  custom:scripting/monoscript/fileName/PlayerManager.cs: fa278fc629bee650391d87d1007e9d4f -> 
  custom:scripting/monoscript/fileName/CanvasLook.cs: 1b4a6b5ad45ce36be586c16f1c89aaf9 -> 5f05025472832989a1a9295fbe11df0e
  custom:container-demuxer-webm: 4f35f7cbe854078d1ac9338744f61a02 -> 
  custom:scripting/monoscript/fileName/EnemyController1FR.cs: 9f5be5fdcbd5460ddbde52baf72e1eb2 -> b32f367e1fe0322aa1ca71eeb2913799
  custom:scripting/monoscript/fileName/EnemyScriptableObject.cs: 1cd2bbbb21b7eb42f51eaff0124f6eb8 -> 
  custom:container-muxer-webm: aa71ff27fc2769a1b78a27578f13a17b -> 
  custom:scripting/monoscript/fileName/ObjectPool.cs: 98a870194297d9d23268cdd4786bec27 -> 
  custom:video-decoder-webm-vp8: 9c59270c3fd7afecdb556c50c9e8de78 -> 
  custom:SearchIndexIgnoredProperties: e643bd26f0fe6173181afceb89e7c659 -> 
  custom:AudioImporter_EditorPlatform: d09bf68614088b80899f8185d706f6e7 -> 
  custom:scripting/monoscript/fileName/EnemyController1_1.cs: cd8ac74080be9d7b03e37bb2644ea51a -> 1b4611598c74f766cb00ca9bf49cf8c8
  custom:scripting/monoscript/fileName/AttackRadius.cs: 89b11f4b49c65637d8df67d417a68c22 -> 
  custom:scripting/monoscript/fileName/EnemyController1_1FR.cs: 3713cfefa2cb9bdc62a853205039dc1e -> 7b5c47a0af34e6f025a0356c9b5d54fb
  custom:scripting/monoscript/fileName/Enemy.cs: 8448538d4f104f9acda18da16679c4ac -> 
  custom:video-encoder-webm-vp8: eb34c28f22e8b96e1ab97ce403110664 -> 
  custom:scripting/monoscript/fileName/IDamageable.cs: e64f76ace9702e1e0c6016368cb48d14 -> 
  custom:scripting/monoscript/fileName/RangedAttackRadius.cs: eebb1a67253819defcacf88fc2bdbcaf -> 
  custom:audio-decoder-ogg-vorbis: bf7c407c2cedff20999df2af8eb42d56 -> 
  custom:scripting/monoscript/fileName/Bullet.cs: a4f5918e799041ba1f6608f13912eb8b -> 
  custom:scripting/monoscript/fileName/EnemyMovement.cs: 412fe8bfc02b303367e86c00beafba4d -> 
  custom:scripting/monoscript/fileName/Ranged Attack Radius.cs: eebb1a67253819defcacf88fc2bdbcaf -> 
  custom:audio-encoder-webm-vorbis: bf7c407c2cedff20999df2af8eb42d56 -> 
  custom:scripting/monoscript/fileName/EnemySpawner.cs: a9fea330da2ea253142424fd9aa964ea -> 
  custom:scripting/monoscript/fileName/AttackScriptableObject.cs: f43c8252e58285381ecb3bea9e54192b -> 
========================================================================
Received Import Request.
  Time since last request: 59667.316936 seconds.
  path: Assets/Scenes/2Level.unity
  artifactKey: Guid(ad34cc71d391b204a9cac5544d2bfc02) Importer(815301076,1909f56bfc062723c751e8b465ee728b)
Start importing Assets/Scenes/2Level.unity using Guid(ad34cc71d391b204a9cac5544d2bfc02) Importer(815301076,1909f56bfc062723c751e8b465ee728b)  -> (artifact id: 'ee8fd8ac70f2fa82c50ea204d4187dfc') in 0.003203 seconds
Number of updated asset objects reloaded before import = 0
Number of asset objects unloaded after import = 0
========================================================================
Received Import Request.
  Time since last request: 85.152315 seconds.
  path: Assets/Scenes/2Level.unity
  artifactKey: Guid(ad34cc71d391b204a9cac5544d2bfc02) Importer(815301076,1909f56bfc062723c751e8b465ee728b)
Start importing Assets/Scenes/2Level.unity using Guid(ad34cc71d391b204a9cac5544d2bfc02) Importer(815301076,1909f56bfc062723c751e8b465ee728b)  -> (artifact id: '307ec8a89932965a88b85d2d7ca29eb8') in 0.000528 seconds
Number of updated asset objects reloaded before import = 0
Number of asset objects unloaded after import = 0
========================================================================
Received Prepare
Begin MonoManager ReloadAssembly
- Loaded All Assemblies, in  0.378 seconds
Refreshing native plugins compatible for Editor in 1.71 ms, found 3 plugins.
Native extension for WindowsStandalone target not found
Native extension for WebGL target not found
[Package Manager] Server::EnsureServerProcessIsRunning -- launch failed, reason: Unity was launched with the -noUpm command-line argument
[Package Manager] UpmClient::Send -- Unable to send message (not connected to UPM process).
[Package Manager] Cannot connect to Unity Package Manager local server
Mono: successfully reloaded assembly
- Finished resetting the current domain, in  0.651 seconds
Domain Reload Profiling: 1027ms
	BeginReloadAssembly (140ms)
		ExecutionOrderSort (0ms)
		DisableScriptedObjects (6ms)
		BackupInstance (0ms)
		ReleaseScriptingObjects (0ms)
		CreateAndSetChildDomain (29ms)
	RebuildCommonClasses (37ms)
	RebuildNativeTypeToScriptingClass (11ms)
	initialDomainReloadingComplete (22ms)
	LoadAllAssembliesAndSetupDomain (165ms)
		LoadAssemblies (233ms)
		RebuildTransferFunctionScriptingTraits (0ms)
		AnalyzeDomain (11ms)
			TypeCache.Refresh (5ms)
				TypeCache.ScanAssembly (0ms)
			ScanForSourceGeneratedMonoScriptInfo (0ms)
			ResolveRequiredComponents (4ms)
	FinalizeReload (651ms)
		ReleaseScriptCaches (0ms)
		RebuildScriptCaches (0ms)
		SetupLoadedEditorAssemblies (338ms)
			LogAssemblyErrors (0ms)
			InitializePlatformSupportModulesInManaged (5ms)
			SetLoadedEditorAssemblies (4ms)
			RefreshPlugins (0ms)
			BeforeProcessingInitializeOnLoad (45ms)
			ProcessInitializeOnLoadAttributes (257ms)
			ProcessInitializeOnLoadMethodAttributes (23ms)
			AfterProcessingInitializeOnLoad (4ms)
			EditorAssembliesLoaded (0ms)
		ExecutionOrderSort2 (0ms)
		AwakeInstancesAfterBackupRestoration (7ms)
Refreshing native plugins compatible for Editor in 2.27 ms, found 3 plugins.
Preloading 0 native plugins for Editor in 0.00 ms.
Unloading 3389 Unused Serialized files (Serialized files now loaded: 0)
Unloading 40 unused Assets / (2.1 MB). Loaded Objects now: 3993.
Memory consumption went from 153.7 MB to 151.7 MB.
Total: 2.905800 ms (FindLiveObjects: 0.242000 ms CreateObjectMapping: 0.166800 ms MarkObjects: 2.071600 ms  DeleteObjects: 0.424300 ms)

Prepare: number of updated asset objects reloaded= 0
AssetImportParameters requested are different than current active one (requested -> active):
  custom:container-demuxer-ogg: 62fdf1f143b41e24485cea50d1cbac27 -> 
  custom:video-codec-MediaFoundation-h265: 746d11721c4dcdbdad8f713fa42b33f4 -> 
  custom:video-decoder-ogg-theora: a1e56fd34408186e4bbccfd4996cb3dc -> 
  custom:framework-win-MediaFoundation: 216162199b28c13a410421893ffa2e32 -> 
  custom:scripting/monoscript/fileName/MoveAndAttack.cs: 945907239a2c1aeadc587c8df8944964 -> 1d49073defc2f77683af04d48d98c8d8
  custom:scripting/monoscript/fileName/AgentLinkMover.cs: 78b08b75f617248e3019fe7c63db68ca -> 
  custom:scripting/monoscript/fileName/EnemyScript.cs: 3e60caf6fb62aa4558c8a6ed8fc6694f -> 99ea20e3aae7e4d6436777609d6ec091
  custom:scripting/monoscript/fileName/HomingBullet.cs: 864f7f5b651bb6d052536f1d7d72e58d -> 
  custom:scripting/monoscript/fileName/EnemyController.cs: 95cdb6bff3c5e80df3375de5026c231f -> 5b8537652ebdaba4b35050797ce3ce8d
  custom:scripting/monoscript/fileName/PoolableObject.cs: 8d092a881df5fcdfaf09232738ef1b42 -> 
  custom:CustomObjectIndexerAttribute: 6d391050e5a25f67b0a2c618074f2cd9 -> 
  custom:scripting/monoscript/fileName/PlayerManager.cs: fa278fc629bee650391d87d1007e9d4f -> 
  custom:scripting/monoscript/fileName/CanvasLook.cs: 1b4a6b5ad45ce36be586c16f1c89aaf9 -> 5f05025472832989a1a9295fbe11df0e
  custom:container-demuxer-webm: 4f35f7cbe854078d1ac9338744f61a02 -> 
  custom:scripting/monoscript/fileName/EnemyController1FR.cs: 9f5be5fdcbd5460ddbde52baf72e1eb2 -> b32f367e1fe0322aa1ca71eeb2913799
  custom:scripting/monoscript/fileName/EnemyScriptableObject.cs: 1cd2bbbb21b7eb42f51eaff0124f6eb8 -> 
  custom:container-muxer-webm: aa71ff27fc2769a1b78a27578f13a17b -> 
  custom:scripting/monoscript/fileName/ObjectPool.cs: 98a870194297d9d23268cdd4786bec27 -> 
  custom:video-decoder-webm-vp8: 9c59270c3fd7afecdb556c50c9e8de78 -> 
  custom:SearchIndexIgnoredProperties: e643bd26f0fe6173181afceb89e7c659 -> 
  custom:AudioImporter_EditorPlatform: d09bf68614088b80899f8185d706f6e7 -> 
  custom:scripting/monoscript/fileName/EnemyController1_1.cs: cd8ac74080be9d7b03e37bb2644ea51a -> 1b4611598c74f766cb00ca9bf49cf8c8
  custom:scripting/monoscript/fileName/AttackRadius.cs: 89b11f4b49c65637d8df67d417a68c22 -> 
  custom:scripting/monoscript/fileName/EnemyController1_1FR.cs: 3713cfefa2cb9bdc62a853205039dc1e -> 7b5c47a0af34e6f025a0356c9b5d54fb
  custom:scripting/monoscript/fileName/Enemy.cs: 8448538d4f104f9acda18da16679c4ac -> 
  custom:video-encoder-webm-vp8: eb34c28f22e8b96e1ab97ce403110664 -> 
  custom:scripting/monoscript/fileName/IDamageable.cs: e64f76ace9702e1e0c6016368cb48d14 -> 
  custom:scripting/monoscript/fileName/RangedAttackRadius.cs: eebb1a67253819defcacf88fc2bdbcaf -> 
  custom:audio-decoder-ogg-vorbis: bf7c407c2cedff20999df2af8eb42d56 -> 
  custom:scripting/monoscript/fileName/Bullet.cs: a4f5918e799041ba1f6608f13912eb8b -> 
  custom:scripting/monoscript/fileName/EnemyMovement.cs: 412fe8bfc02b303367e86c00beafba4d -> 
  custom:scripting/monoscript/fileName/Ranged Attack Radius.cs: eebb1a67253819defcacf88fc2bdbcaf -> 
  custom:audio-encoder-webm-vorbis: bf7c407c2cedff20999df2af8eb42d56 -> 
  custom:scripting/monoscript/fileName/EnemySpawner.cs: a9fea330da2ea253142424fd9aa964ea -> 
  custom:scripting/monoscript/fileName/AttackScriptableObject.cs: f43c8252e58285381ecb3bea9e54192b -> 
========================================================================
Received Prepare
Begin MonoManager ReloadAssembly
- Loaded All Assemblies, in  0.376 seconds
Refreshing native plugins compatible for Editor in 1.84 ms, found 3 plugins.
Native extension for WindowsStandalone target not found
Native extension for WebGL target not found
[Package Manager] Server::EnsureServerProcessIsRunning -- launch failed, reason: Unity was launched with the -noUpm command-line argument
[Package Manager] UpmClient::Send -- Unable to send message (not connected to UPM process).
[Package Manager] Cannot connect to Unity Package Manager local server
Mono: successfully reloaded assembly
- Finished resetting the current domain, in  0.673 seconds
Domain Reload Profiling: 1048ms
	BeginReloadAssembly (124ms)
		ExecutionOrderSort (0ms)
		DisableScriptedObjects (6ms)
		BackupInstance (0ms)
		ReleaseScriptingObjects (0ms)
		CreateAndSetChildDomain (27ms)
	RebuildCommonClasses (28ms)
	RebuildNativeTypeToScriptingClass (12ms)
	initialDomainReloadingComplete (20ms)
	LoadAllAssembliesAndSetupDomain (191ms)
		LoadAssemblies (233ms)
		RebuildTransferFunctionScriptingTraits (0ms)
		AnalyzeDomain (20ms)
			TypeCache.Refresh (9ms)
				TypeCache.ScanAssembly (1ms)
			ScanForSourceGeneratedMonoScriptInfo (5ms)
			ResolveRequiredComponents (4ms)
	FinalizeReload (674ms)
		ReleaseScriptCaches (0ms)
		RebuildScriptCaches (0ms)
		SetupLoadedEditorAssemblies (345ms)
			LogAssemblyErrors (0ms)
			InitializePlatformSupportModulesInManaged (7ms)
			SetLoadedEditorAssemblies (4ms)
			RefreshPlugins (0ms)
			BeforeProcessingInitializeOnLoad (52ms)
			ProcessInitializeOnLoadAttributes (257ms)
			ProcessInitializeOnLoadMethodAttributes (22ms)
			AfterProcessingInitializeOnLoad (3ms)
			EditorAssembliesLoaded (0ms)
		ExecutionOrderSort2 (0ms)
		AwakeInstancesAfterBackupRestoration (6ms)
Refreshing native plugins compatible for Editor in 1.73 ms, found 3 plugins.
Preloading 0 native plugins for Editor in 0.00 ms.
Unloading 3390 Unused Serialized files (Serialized files now loaded: 0)
Unloading 40 unused Assets / (2.1 MB). Loaded Objects now: 3996.
Memory consumption went from 156.0 MB to 153.9 MB.
Total: 2.588000 ms (FindLiveObjects: 0.181900 ms CreateObjectMapping: 0.086300 ms MarkObjects: 1.803300 ms  DeleteObjects: 0.515600 ms)

Prepare: number of updated asset objects reloaded= 0
AssetImportParameters requested are different than current active one (requested -> active):
  custom:container-demuxer-ogg: 62fdf1f143b41e24485cea50d1cbac27 -> 
  custom:video-codec-MediaFoundation-h265: 746d11721c4dcdbdad8f713fa42b33f4 -> 
  custom:video-decoder-ogg-theora: a1e56fd34408186e4bbccfd4996cb3dc -> 
  custom:framework-win-MediaFoundation: 216162199b28c13a410421893ffa2e32 -> 
  custom:scripting/monoscript/fileName/MoveAndAttack.cs: 945907239a2c1aeadc587c8df8944964 -> 1d49073defc2f77683af04d48d98c8d8
  custom:scripting/monoscript/fileName/AgentLinkMover.cs: 78b08b75f617248e3019fe7c63db68ca -> 
  custom:scripting/monoscript/fileName/EnemyScript.cs: 3e60caf6fb62aa4558c8a6ed8fc6694f -> 99ea20e3aae7e4d6436777609d6ec091
  custom:scripting/monoscript/fileName/HomingBullet.cs: 864f7f5b651bb6d052536f1d7d72e58d -> 
  custom:scripting/monoscript/fileName/EnemyController.cs: 95cdb6bff3c5e80df3375de5026c231f -> 5b8537652ebdaba4b35050797ce3ce8d
  custom:scripting/monoscript/fileName/PoolableObject.cs: 8d092a881df5fcdfaf09232738ef1b42 -> 
  custom:CustomObjectIndexerAttribute: 6d391050e5a25f67b0a2c618074f2cd9 -> 
  custom:scripting/monoscript/fileName/PlayerManager.cs: fa278fc629bee650391d87d1007e9d4f -> 
  custom:scripting/monoscript/fileName/CanvasLook.cs: 1b4a6b5ad45ce36be586c16f1c89aaf9 -> 5f05025472832989a1a9295fbe11df0e
  custom:container-demuxer-webm: 4f35f7cbe854078d1ac9338744f61a02 -> 
  custom:scripting/monoscript/fileName/EnemyController1FR.cs: 9f5be5fdcbd5460ddbde52baf72e1eb2 -> b32f367e1fe0322aa1ca71eeb2913799
  custom:scripting/monoscript/fileName/EnemyScriptableObject.cs: 1cd2bbbb21b7eb42f51eaff0124f6eb8 -> 
  custom:container-muxer-webm: aa71ff27fc2769a1b78a27578f13a17b -> 
  custom:scripting/monoscript/fileName/ObjectPool.cs: 98a870194297d9d23268cdd4786bec27 -> 
  custom:video-decoder-webm-vp8: 9c59270c3fd7afecdb556c50c9e8de78 -> 
  custom:SearchIndexIgnoredProperties: e643bd26f0fe6173181afceb89e7c659 -> 
  custom:AudioImporter_EditorPlatform: d09bf68614088b80899f8185d706f6e7 -> 
  custom:scripting/monoscript/fileName/EnemyController1_1.cs: cd8ac74080be9d7b03e37bb2644ea51a -> 1b4611598c74f766cb00ca9bf49cf8c8
  custom:scripting/monoscript/fileName/AttackRadius.cs: 89b11f4b49c65637d8df67d417a68c22 -> 
  custom:scripting/monoscript/fileName/EnemyController1_1FR.cs: 3713cfefa2cb9bdc62a853205039dc1e -> 7b5c47a0af34e6f025a0356c9b5d54fb
  custom:scripting/monoscript/fileName/Enemy.cs: 8448538d4f104f9acda18da16679c4ac -> 
  custom:video-encoder-webm-vp8: eb34c28f22e8b96e1ab97ce403110664 -> 
  custom:scripting/monoscript/fileName/IDamageable.cs: e64f76ace9702e1e0c6016368cb48d14 -> 
  custom:scripting/monoscript/fileName/RangedAttackRadius.cs: eebb1a67253819defcacf88fc2bdbcaf -> 
  custom:audio-decoder-ogg-vorbis: bf7c407c2cedff20999df2af8eb42d56 -> 
  custom:scripting/monoscript/fileName/Bullet.cs: a4f5918e799041ba1f6608f13912eb8b -> 
  custom:scripting/monoscript/fileName/EnemyMovement.cs: 412fe8bfc02b303367e86c00beafba4d -> 
  custom:scripting/monoscript/fileName/Ranged Attack Radius.cs: eebb1a67253819defcacf88fc2bdbcaf -> 
  custom:audio-encoder-webm-vorbis: bf7c407c2cedff20999df2af8eb42d56 -> 
  custom:scripting/monoscript/fileName/EnemySpawner.cs: a9fea330da2ea253142424fd9aa964ea -> 
  custom:scripting/monoscript/fileName/AttackScriptableObject.cs: f43c8252e58285381ecb3bea9e54192b -> 
========================================================================
Received Prepare
Begin MonoManager ReloadAssembly
- Loaded All Assemblies, in  0.354 seconds
Refreshing native plugins compatible for Editor in 2.07 ms, found 3 plugins.
Native extension for WindowsStandalone target not found
Native extension for WebGL target not found
[Package Manager] Server::EnsureServerProcessIsRunning -- launch failed, reason: Unity was launched with the -noUpm command-line argument
[Package Manager] UpmClient::Send -- Unable to send message (not connected to UPM process).
[Package Manager] Cannot connect to Unity Package Manager local server
Mono: successfully reloaded assembly
- Finished resetting the current domain, in  0.680 seconds
Domain Reload Profiling: 1033ms
	BeginReloadAssembly (128ms)
		ExecutionOrderSort (0ms)
		DisableScriptedObjects (5ms)
		BackupInstance (0ms)
		ReleaseScriptingObjects (0ms)
		CreateAndSetChildDomain (32ms)
	RebuildCommonClasses (25ms)
	RebuildNativeTypeToScriptingClass (8ms)
	initialDomainReloadingComplete (22ms)
	LoadAllAssembliesAndSetupDomain (170ms)
		LoadAssemblies (216ms)
		RebuildTransferFunctionScriptingTraits (0ms)
		AnalyzeDomain (14ms)
			TypeCache.Refresh (6ms)
				TypeCache.ScanAssembly (0ms)
			ScanForSourceGeneratedMonoScriptInfo (0ms)
			ResolveRequiredComponents (7ms)
	FinalizeReload (680ms)
		ReleaseScriptCaches (0ms)
		RebuildScriptCaches (0ms)
		SetupLoadedEditorAssemblies (361ms)
			LogAssemblyErrors (0ms)
			InitializePlatformSupportModulesInManaged (5ms)
			SetLoadedEditorAssemblies (4ms)
			RefreshPlugins (0ms)
			BeforeProcessingInitializeOnLoad (49ms)
			ProcessInitializeOnLoadAttributes (278ms)
			ProcessInitializeOnLoadMethodAttributes (21ms)
			AfterProcessingInitializeOnLoad (5ms)
			EditorAssembliesLoaded (0ms)
		ExecutionOrderSort2 (0ms)
		AwakeInstancesAfterBackupRestoration (7ms)
Refreshing native plugins compatible for Editor in 2.04 ms, found 3 plugins.
Preloading 0 native plugins for Editor in 0.00 ms.
Unloading 3390 Unused Serialized files (Serialized files now loaded: 0)
Unloading 40 unused Assets / (2.1 MB). Loaded Objects now: 3999.
Memory consumption went from 157.8 MB to 155.8 MB.
Total: 3.966800 ms (FindLiveObjects: 0.308900 ms CreateObjectMapping: 0.123500 ms MarkObjects: 2.882000 ms  DeleteObjects: 0.650600 ms)

Prepare: number of updated asset objects reloaded= 0
AssetImportParameters requested are different than current active one (requested -> active):
  custom:container-demuxer-ogg: 62fdf1f143b41e24485cea50d1cbac27 -> 
  custom:video-codec-MediaFoundation-h265: 746d11721c4dcdbdad8f713fa42b33f4 -> 
  custom:video-decoder-ogg-theora: a1e56fd34408186e4bbccfd4996cb3dc -> 
  custom:framework-win-MediaFoundation: 216162199b28c13a410421893ffa2e32 -> 
  custom:scripting/monoscript/fileName/MoveAndAttack.cs: 945907239a2c1aeadc587c8df8944964 -> 1d49073defc2f77683af04d48d98c8d8
  custom:scripting/monoscript/fileName/AgentLinkMover.cs: 78b08b75f617248e3019fe7c63db68ca -> 
  custom:scripting/monoscript/fileName/EnemyScript.cs: 3e60caf6fb62aa4558c8a6ed8fc6694f -> 99ea20e3aae7e4d6436777609d6ec091
  custom:scripting/monoscript/fileName/HomingBullet.cs: 864f7f5b651bb6d052536f1d7d72e58d -> 
  custom:scripting/monoscript/fileName/EnemyController.cs: 95cdb6bff3c5e80df3375de5026c231f -> 5b8537652ebdaba4b35050797ce3ce8d
  custom:scripting/monoscript/fileName/PoolableObject.cs: 8d092a881df5fcdfaf09232738ef1b42 -> 
  custom:CustomObjectIndexerAttribute: 6d391050e5a25f67b0a2c618074f2cd9 -> 
  custom:scripting/monoscript/fileName/PlayerManager.cs: fa278fc629bee650391d87d1007e9d4f -> 
  custom:scripting/monoscript/fileName/CanvasLook.cs: 1b4a6b5ad45ce36be586c16f1c89aaf9 -> 5f05025472832989a1a9295fbe11df0e
  custom:container-demuxer-webm: 4f35f7cbe854078d1ac9338744f61a02 -> 
  custom:scripting/monoscript/fileName/EnemyController1FR.cs: 9f5be5fdcbd5460ddbde52baf72e1eb2 -> b32f367e1fe0322aa1ca71eeb2913799
  custom:scripting/monoscript/fileName/EnemyScriptableObject.cs: 1cd2bbbb21b7eb42f51eaff0124f6eb8 -> 
  custom:container-muxer-webm: aa71ff27fc2769a1b78a27578f13a17b -> 
  custom:scripting/monoscript/fileName/ObjectPool.cs: 98a870194297d9d23268cdd4786bec27 -> 
  custom:video-decoder-webm-vp8: 9c59270c3fd7afecdb556c50c9e8de78 -> 
  custom:SearchIndexIgnoredProperties: e643bd26f0fe6173181afceb89e7c659 -> 
  custom:AudioImporter_EditorPlatform: d09bf68614088b80899f8185d706f6e7 -> 
  custom:scripting/monoscript/fileName/EnemyController1_1.cs: cd8ac74080be9d7b03e37bb2644ea51a -> 1b4611598c74f766cb00ca9bf49cf8c8
  custom:scripting/monoscript/fileName/AttackRadius.cs: 89b11f4b49c65637d8df67d417a68c22 -> 
  custom:scripting/monoscript/fileName/EnemyController1_1FR.cs: 3713cfefa2cb9bdc62a853205039dc1e -> 7b5c47a0af34e6f025a0356c9b5d54fb
  custom:scripting/monoscript/fileName/Enemy.cs: 8448538d4f104f9acda18da16679c4ac -> 
  custom:video-encoder-webm-vp8: eb34c28f22e8b96e1ab97ce403110664 -> 
  custom:scripting/monoscript/fileName/IDamageable.cs: e64f76ace9702e1e0c6016368cb48d14 -> 
  custom:scripting/monoscript/fileName/RangedAttackRadius.cs: eebb1a67253819defcacf88fc2bdbcaf -> 
  custom:audio-decoder-ogg-vorbis: bf7c407c2cedff20999df2af8eb42d56 -> 
  custom:scripting/monoscript/fileName/Bullet.cs: a4f5918e799041ba1f6608f13912eb8b -> 
  custom:scripting/monoscript/fileName/EnemyMovement.cs: 412fe8bfc02b303367e86c00beafba4d -> 
  custom:scripting/monoscript/fileName/Ranged Attack Radius.cs: eebb1a67253819defcacf88fc2bdbcaf -> 
  custom:audio-encoder-webm-vorbis: bf7c407c2cedff20999df2af8eb42d56 -> 
  custom:scripting/monoscript/fileName/EnemySpawner.cs: a9fea330da2ea253142424fd9aa964ea -> 
  custom:scripting/monoscript/fileName/AttackScriptableObject.cs: f43c8252e58285381ecb3bea9e54192b -> 
========================================================================
Received Prepare
Begin MonoManager ReloadAssembly
- Loaded All Assemblies, in  0.394 seconds
Refreshing native plugins compatible for Editor in 1.56 ms, found 3 plugins.
Native extension for WindowsStandalone target not found
Native extension for WebGL target not found
[Package Manager] Server::EnsureServerProcessIsRunning -- launch failed, reason: Unity was launched with the -noUpm command-line argument
[Package Manager] UpmClient::Send -- Unable to send message (not connected to UPM process).
[Package Manager] Cannot connect to Unity Package Manager local server
Mono: successfully reloaded assembly
- Finished resetting the current domain, in  0.677 seconds
Domain Reload Profiling: 1069ms
	BeginReloadAssembly (132ms)
		ExecutionOrderSort (0ms)
		DisableScriptedObjects (6ms)
		BackupInstance (0ms)
		ReleaseScriptingObjects (0ms)
		CreateAndSetChildDomain (32ms)
	RebuildCommonClasses (32ms)
	RebuildNativeTypeToScriptingClass (11ms)
	initialDomainReloadingComplete (21ms)
	LoadAllAssembliesAndSetupDomain (196ms)
		LoadAssemblies (240ms)
		RebuildTransferFunctionScriptingTraits (0ms)
		AnalyzeDomain (21ms)
			TypeCache.Refresh (10ms)
				TypeCache.ScanAssembly (2ms)
			ScanForSourceGeneratedMonoScriptInfo (5ms)
			ResolveRequiredComponents (4ms)
	FinalizeReload (677ms)
		ReleaseScriptCaches (0ms)
		RebuildScriptCaches (0ms)
		SetupLoadedEditorAssemblies (366ms)
			LogAssemblyErrors (0ms)
			InitializePlatformSupportModulesInManaged (5ms)
			SetLoadedEditorAssemblies (4ms)
			RefreshPlugins (0ms)
			BeforeProcessingInitializeOnLoad (59ms)
			ProcessInitializeOnLoadAttributes (272ms)
			ProcessInitializeOnLoadMethodAttributes (21ms)
			AfterProcessingInitializeOnLoad (5ms)
			EditorAssembliesLoaded (0ms)
		ExecutionOrderSort2 (0ms)
		AwakeInstancesAfterBackupRestoration (6ms)
Refreshing native plugins compatible for Editor in 2.01 ms, found 3 plugins.
Preloading 0 native plugins for Editor in 0.00 ms.
Unloading 3390 Unused Serialized files (Serialized files now loaded: 0)
Unloading 40 unused Assets / (2.1 MB). Loaded Objects now: 4002.
Memory consumption went from 159.8 MB to 157.7 MB.
Total: 2.538900 ms (FindLiveObjects: 0.200100 ms CreateObjectMapping: 0.084600 ms MarkObjects: 1.832600 ms  DeleteObjects: 0.419900 ms)

Prepare: number of updated asset objects reloaded= 0
AssetImportParameters requested are different than current active one (requested -> active):
  custom:container-demuxer-ogg: 62fdf1f143b41e24485cea50d1cbac27 -> 
  custom:video-codec-MediaFoundation-h265: 746d11721c4dcdbdad8f713fa42b33f4 -> 
  custom:video-decoder-ogg-theora: a1e56fd34408186e4bbccfd4996cb3dc -> 
  custom:framework-win-MediaFoundation: 216162199b28c13a410421893ffa2e32 -> 
  custom:scripting/monoscript/fileName/MoveAndAttack.cs: 945907239a2c1aeadc587c8df8944964 -> 1d49073defc2f77683af04d48d98c8d8
  custom:scripting/monoscript/fileName/AgentLinkMover.cs: 78b08b75f617248e3019fe7c63db68ca -> 
  custom:scripting/monoscript/fileName/EnemyScript.cs: 3e60caf6fb62aa4558c8a6ed8fc6694f -> 99ea20e3aae7e4d6436777609d6ec091
  custom:scripting/monoscript/fileName/HomingBullet.cs: 864f7f5b651bb6d052536f1d7d72e58d -> 
  custom:scripting/monoscript/fileName/EnemyController.cs: 95cdb6bff3c5e80df3375de5026c231f -> 5b8537652ebdaba4b35050797ce3ce8d
  custom:scripting/monoscript/fileName/PoolableObject.cs: 8d092a881df5fcdfaf09232738ef1b42 -> 
  custom:CustomObjectIndexerAttribute: 6d391050e5a25f67b0a2c618074f2cd9 -> 
  custom:scripting/monoscript/fileName/PlayerManager.cs: fa278fc629bee650391d87d1007e9d4f -> 
  custom:scripting/monoscript/fileName/CanvasLook.cs: 1b4a6b5ad45ce36be586c16f1c89aaf9 -> 5f05025472832989a1a9295fbe11df0e
  custom:container-demuxer-webm: 4f35f7cbe854078d1ac9338744f61a02 -> 
  custom:scripting/monoscript/fileName/EnemyController1FR.cs: 9f5be5fdcbd5460ddbde52baf72e1eb2 -> b32f367e1fe0322aa1ca71eeb2913799
  custom:scripting/monoscript/fileName/EnemyScriptableObject.cs: 1cd2bbbb21b7eb42f51eaff0124f6eb8 -> 
  custom:container-muxer-webm: aa71ff27fc2769a1b78a27578f13a17b -> 
  custom:scripting/monoscript/fileName/ObjectPool.cs: 98a870194297d9d23268cdd4786bec27 -> 
  custom:video-decoder-webm-vp8: 9c59270c3fd7afecdb556c50c9e8de78 -> 
  custom:SearchIndexIgnoredProperties: e643bd26f0fe6173181afceb89e7c659 -> 
  custom:AudioImporter_EditorPlatform: d09bf68614088b80899f8185d706f6e7 -> 
  custom:scripting/monoscript/fileName/EnemyController1_1.cs: cd8ac74080be9d7b03e37bb2644ea51a -> 1b4611598c74f766cb00ca9bf49cf8c8
  custom:scripting/monoscript/fileName/AttackRadius.cs: 89b11f4b49c65637d8df67d417a68c22 -> 
  custom:scripting/monoscript/fileName/EnemyController1_1FR.cs: 3713cfefa2cb9bdc62a853205039dc1e -> 7b5c47a0af34e6f025a0356c9b5d54fb
  custom:scripting/monoscript/fileName/Enemy.cs: 8448538d4f104f9acda18da16679c4ac -> 
  custom:video-encoder-webm-vp8: eb34c28f22e8b96e1ab97ce403110664 -> 
  custom:scripting/monoscript/fileName/IDamageable.cs: e64f76ace9702e1e0c6016368cb48d14 -> 
  custom:scripting/monoscript/fileName/RangedAttackRadius.cs: eebb1a67253819defcacf88fc2bdbcaf -> 
  custom:audio-decoder-ogg-vorbis: bf7c407c2cedff20999df2af8eb42d56 -> 
  custom:scripting/monoscript/fileName/Bullet.cs: a4f5918e799041ba1f6608f13912eb8b -> 
  custom:scripting/monoscript/fileName/EnemyMovement.cs: 412fe8bfc02b303367e86c00beafba4d -> 
  custom:scripting/monoscript/fileName/Ranged Attack Radius.cs: eebb1a67253819defcacf88fc2bdbcaf -> 
  custom:audio-encoder-webm-vorbis: bf7c407c2cedff20999df2af8eb42d56 -> 
  custom:scripting/monoscript/fileName/EnemySpawner.cs: a9fea330da2ea253142424fd9aa964ea -> 
  custom:scripting/monoscript/fileName/AttackScriptableObject.cs: f43c8252e58285381ecb3bea9e54192b -> 
========================================================================
Received Prepare
Begin MonoManager ReloadAssembly
- Loaded All Assemblies, in  0.381 seconds
Refreshing native plugins compatible for Editor in 2.04 ms, found 3 plugins.
Native extension for WindowsStandalone target not found
Native extension for WebGL target not found
[Package Manager] Server::EnsureServerProcessIsRunning -- launch failed, reason: Unity was launched with the -noUpm command-line argument
[Package Manager] UpmClient::Send -- Unable to send message (not connected to UPM process).
[Package Manager] Cannot connect to Unity Package Manager local server
Mono: successfully reloaded assembly
- Finished resetting the current domain, in  0.636 seconds
Domain Reload Profiling: 1016ms
	BeginReloadAssembly (129ms)
		ExecutionOrderSort (0ms)
		DisableScriptedObjects (4ms)
		BackupInstance (0ms)
		ReleaseScriptingObjects (0ms)
		CreateAndSetChildDomain (31ms)
	RebuildCommonClasses (29ms)
	RebuildNativeTypeToScriptingClass (11ms)
	initialDomainReloadingComplete (22ms)
	LoadAllAssembliesAndSetupDomain (187ms)
		LoadAssemblies (231ms)
		RebuildTransferFunctionScriptingTraits (0ms)
		AnalyzeDomain (24ms)
			TypeCache.Refresh (11ms)
				TypeCache.ScanAssembly (2ms)
			ScanForSourceGeneratedMonoScriptInfo (7ms)
			ResolveRequiredComponents (5ms)
	FinalizeReload (637ms)
		ReleaseScriptCaches (0ms)
		RebuildScriptCaches (0ms)
		SetupLoadedEditorAssemblies (330ms)
			LogAssemblyErrors (0ms)
			InitializePlatformSupportModulesInManaged (5ms)
			SetLoadedEditorAssemblies (3ms)
			RefreshPlugins (0ms)
			BeforeProcessingInitializeOnLoad (49ms)
			ProcessInitializeOnLoadAttributes (250ms)
			ProcessInitializeOnLoadMethodAttributes (18ms)
			AfterProcessingInitializeOnLoad (5ms)
			EditorAssembliesLoaded (0ms)
		ExecutionOrderSort2 (0ms)
		AwakeInstancesAfterBackupRestoration (6ms)
Refreshing native plugins compatible for Editor in 2.34 ms, found 3 plugins.
Preloading 0 native plugins for Editor in 0.00 ms.
Unloading 3390 Unused Serialized files (Serialized files now loaded: 0)
Unloading 40 unused Assets / (2.1 MB). Loaded Objects now: 4005.
Memory consumption went from 161.7 MB to 159.6 MB.
Total: 2.425900 ms (FindLiveObjects: 0.181900 ms CreateObjectMapping: 0.090600 ms MarkObjects: 1.784200 ms  DeleteObjects: 0.367900 ms)

Prepare: number of updated asset objects reloaded= 0
AssetImportParameters requested are different than current active one (requested -> active):
  custom:container-demuxer-ogg: 62fdf1f143b41e24485cea50d1cbac27 -> 
  custom:video-codec-MediaFoundation-h265: 746d11721c4dcdbdad8f713fa42b33f4 -> 
  custom:video-decoder-ogg-theora: a1e56fd34408186e4bbccfd4996cb3dc -> 
  custom:framework-win-MediaFoundation: 216162199b28c13a410421893ffa2e32 -> 
  custom:scripting/monoscript/fileName/MoveAndAttack.cs: 945907239a2c1aeadc587c8df8944964 -> 1d49073defc2f77683af04d48d98c8d8
  custom:scripting/monoscript/fileName/AgentLinkMover.cs: 78b08b75f617248e3019fe7c63db68ca -> 
  custom:scripting/monoscript/fileName/EnemyScript.cs: 3e60caf6fb62aa4558c8a6ed8fc6694f -> 99ea20e3aae7e4d6436777609d6ec091
  custom:scripting/monoscript/fileName/HomingBullet.cs: 864f7f5b651bb6d052536f1d7d72e58d -> 
  custom:scripting/monoscript/fileName/EnemyController.cs: 95cdb6bff3c5e80df3375de5026c231f -> 5b8537652ebdaba4b35050797ce3ce8d
  custom:scripting/monoscript/fileName/PoolableObject.cs: 8d092a881df5fcdfaf09232738ef1b42 -> 
  custom:CustomObjectIndexerAttribute: 6d391050e5a25f67b0a2c618074f2cd9 -> 
  custom:scripting/monoscript/fileName/PlayerManager.cs: fa278fc629bee650391d87d1007e9d4f -> 
  custom:scripting/monoscript/fileName/CanvasLook.cs: 1b4a6b5ad45ce36be586c16f1c89aaf9 -> 5f05025472832989a1a9295fbe11df0e
  custom:container-demuxer-webm: 4f35f7cbe854078d1ac9338744f61a02 -> 
  custom:scripting/monoscript/fileName/EnemyController1FR.cs: 9f5be5fdcbd5460ddbde52baf72e1eb2 -> b32f367e1fe0322aa1ca71eeb2913799
  custom:scripting/monoscript/fileName/EnemyScriptableObject.cs: 1cd2bbbb21b7eb42f51eaff0124f6eb8 -> 
  custom:container-muxer-webm: aa71ff27fc2769a1b78a27578f13a17b -> 
  custom:scripting/monoscript/fileName/ObjectPool.cs: 98a870194297d9d23268cdd4786bec27 -> 
  custom:video-decoder-webm-vp8: 9c59270c3fd7afecdb556c50c9e8de78 -> 
  custom:SearchIndexIgnoredProperties: e643bd26f0fe6173181afceb89e7c659 -> 
  custom:AudioImporter_EditorPlatform: d09bf68614088b80899f8185d706f6e7 -> 
  custom:scripting/monoscript/fileName/EnemyController1_1.cs: cd8ac74080be9d7b03e37bb2644ea51a -> 1b4611598c74f766cb00ca9bf49cf8c8
  custom:scripting/monoscript/fileName/AttackRadius.cs: 89b11f4b49c65637d8df67d417a68c22 -> 
  custom:scripting/monoscript/fileName/EnemyController1_1FR.cs: 3713cfefa2cb9bdc62a853205039dc1e -> 7b5c47a0af34e6f025a0356c9b5d54fb
  custom:scripting/monoscript/fileName/Enemy.cs: 8448538d4f104f9acda18da16679c4ac -> 
  custom:video-encoder-webm-vp8: eb34c28f22e8b96e1ab97ce403110664 -> 
  custom:scripting/monoscript/fileName/IDamageable.cs: e64f76ace9702e1e0c6016368cb48d14 -> 
  custom:scripting/monoscript/fileName/RangedAttackRadius.cs: eebb1a67253819defcacf88fc2bdbcaf -> 
  custom:audio-decoder-ogg-vorbis: bf7c407c2cedff20999df2af8eb42d56 -> 
  custom:scripting/monoscript/fileName/Bullet.cs: a4f5918e799041ba1f6608f13912eb8b -> 
  custom:scripting/monoscript/fileName/EnemyMovement.cs: 412fe8bfc02b303367e86c00beafba4d -> 
  custom:scripting/monoscript/fileName/Ranged Attack Radius.cs: eebb1a67253819defcacf88fc2bdbcaf -> 
  custom:audio-encoder-webm-vorbis: bf7c407c2cedff20999df2af8eb42d56 -> 
  custom:scripting/monoscript/fileName/EnemySpawner.cs: a9fea330da2ea253142424fd9aa964ea -> 
  custom:scripting/monoscript/fileName/AttackScriptableObject.cs: f43c8252e58285381ecb3bea9e54192b -> 
========================================================================
Received Prepare
Begin MonoManager ReloadAssembly
- Loaded All Assemblies, in  0.382 seconds
Refreshing native plugins compatible for Editor in 2.27 ms, found 3 plugins.
Native extension for WindowsStandalone target not found
Native extension for WebGL target not found
[Package Manager] Server::EnsureServerProcessIsRunning -- launch failed, reason: Unity was launched with the -noUpm command-line argument
[Package Manager] UpmClient::Send -- Unable to send message (not connected to UPM process).
[Package Manager] Cannot connect to Unity Package Manager local server
Mono: successfully reloaded assembly
- Finished resetting the current domain, in  0.684 seconds
Domain Reload Profiling: 1064ms
	BeginReloadAssembly (142ms)
		ExecutionOrderSort (0ms)
		DisableScriptedObjects (6ms)
		BackupInstance (0ms)
		ReleaseScriptingObjects (0ms)
		CreateAndSetChildDomain (37ms)
	RebuildCommonClasses (30ms)
	RebuildNativeTypeToScriptingClass (14ms)
	initialDomainReloadingComplete (21ms)
	LoadAllAssembliesAndSetupDomain (171ms)
		LoadAssemblies (229ms)
		RebuildTransferFunctionScriptingTraits (0ms)
		AnalyzeDomain (12ms)
			TypeCache.Refresh (5ms)
				TypeCache.ScanAssembly (0ms)
			ScanForSourceGeneratedMonoScriptInfo (0ms)
			ResolveRequiredComponents (5ms)
	FinalizeReload (685ms)
		ReleaseScriptCaches (0ms)
		RebuildScriptCaches (0ms)
		SetupLoadedEditorAssemblies (354ms)
			LogAssemblyErrors (0ms)
			InitializePlatformSupportModulesInManaged (5ms)
			SetLoadedEditorAssemblies (3ms)
			RefreshPlugins (0ms)
			BeforeProcessingInitializeOnLoad (52ms)
			ProcessInitializeOnLoadAttributes (267ms)
			ProcessInitializeOnLoadMethodAttributes (22ms)
			AfterProcessingInitializeOnLoad (4ms)
			EditorAssembliesLoaded (0ms)
		ExecutionOrderSort2 (0ms)
		AwakeInstancesAfterBackupRestoration (5ms)
Refreshing native plugins compatible for Editor in 2.51 ms, found 3 plugins.
Preloading 0 native plugins for Editor in 0.00 ms.
Unloading 3390 Unused Serialized files (Serialized files now loaded: 0)
Unloading 40 unused Assets / (2.1 MB). Loaded Objects now: 4008.
Memory consumption went from 163.6 MB to 161.6 MB.
Total: 4.365700 ms (FindLiveObjects: 0.353500 ms CreateObjectMapping: 0.265500 ms MarkObjects: 3.040200 ms  DeleteObjects: 0.705100 ms)

Prepare: number of updated asset objects reloaded= 0
AssetImportParameters requested are different than current active one (requested -> active):
  custom:container-demuxer-ogg: 62fdf1f143b41e24485cea50d1cbac27 -> 
  custom:video-codec-MediaFoundation-h265: 746d11721c4dcdbdad8f713fa42b33f4 -> 
  custom:video-decoder-ogg-theora: a1e56fd34408186e4bbccfd4996cb3dc -> 
  custom:framework-win-MediaFoundation: 216162199b28c13a410421893ffa2e32 -> 
  custom:scripting/monoscript/fileName/MoveAndAttack.cs: 945907239a2c1aeadc587c8df8944964 -> 1d49073defc2f77683af04d48d98c8d8
  custom:scripting/monoscript/fileName/AgentLinkMover.cs: 78b08b75f617248e3019fe7c63db68ca -> 
  custom:scripting/monoscript/fileName/EnemyScript.cs: 3e60caf6fb62aa4558c8a6ed8fc6694f -> 99ea20e3aae7e4d6436777609d6ec091
  custom:scripting/monoscript/fileName/HomingBullet.cs: 864f7f5b651bb6d052536f1d7d72e58d -> 
  custom:scripting/monoscript/fileName/EnemyController.cs: 95cdb6bff3c5e80df3375de5026c231f -> 5b8537652ebdaba4b35050797ce3ce8d
  custom:scripting/monoscript/fileName/PoolableObject.cs: 8d092a881df5fcdfaf09232738ef1b42 -> 
  custom:CustomObjectIndexerAttribute: 6d391050e5a25f67b0a2c618074f2cd9 -> 
  custom:scripting/monoscript/fileName/PlayerManager.cs: fa278fc629bee650391d87d1007e9d4f -> 
  custom:scripting/monoscript/fileName/CanvasLook.cs: 1b4a6b5ad45ce36be586c16f1c89aaf9 -> 5f05025472832989a1a9295fbe11df0e
  custom:container-demuxer-webm: 4f35f7cbe854078d1ac9338744f61a02 -> 
  custom:scripting/monoscript/fileName/EnemyController1FR.cs: 9f5be5fdcbd5460ddbde52baf72e1eb2 -> b32f367e1fe0322aa1ca71eeb2913799
  custom:scripting/monoscript/fileName/EnemyScriptableObject.cs: 1cd2bbbb21b7eb42f51eaff0124f6eb8 -> 
  custom:container-muxer-webm: aa71ff27fc2769a1b78a27578f13a17b -> 
  custom:scripting/monoscript/fileName/ObjectPool.cs: 98a870194297d9d23268cdd4786bec27 -> 
  custom:video-decoder-webm-vp8: 9c59270c3fd7afecdb556c50c9e8de78 -> 
  custom:SearchIndexIgnoredProperties: e643bd26f0fe6173181afceb89e7c659 -> 
  custom:AudioImporter_EditorPlatform: d09bf68614088b80899f8185d706f6e7 -> 
  custom:scripting/monoscript/fileName/EnemyController1_1.cs: cd8ac74080be9d7b03e37bb2644ea51a -> 1b4611598c74f766cb00ca9bf49cf8c8
  custom:scripting/monoscript/fileName/AttackRadius.cs: 89b11f4b49c65637d8df67d417a68c22 -> 
  custom:scripting/monoscript/fileName/EnemyController1_1FR.cs: 3713cfefa2cb9bdc62a853205039dc1e -> 7b5c47a0af34e6f025a0356c9b5d54fb
  custom:scripting/monoscript/fileName/Enemy.cs: 8448538d4f104f9acda18da16679c4ac -> 
  custom:video-encoder-webm-vp8: eb34c28f22e8b96e1ab97ce403110664 -> 
  custom:scripting/monoscript/fileName/IDamageable.cs: e64f76ace9702e1e0c6016368cb48d14 -> 
  custom:scripting/monoscript/fileName/RangedAttackRadius.cs: eebb1a67253819defcacf88fc2bdbcaf -> 
  custom:audio-decoder-ogg-vorbis: bf7c407c2cedff20999df2af8eb42d56 -> 
  custom:scripting/monoscript/fileName/Bullet.cs: a4f5918e799041ba1f6608f13912eb8b -> 
  custom:scripting/monoscript/fileName/EnemyMovement.cs: 412fe8bfc02b303367e86c00beafba4d -> 
  custom:scripting/monoscript/fileName/Ranged Attack Radius.cs: eebb1a67253819defcacf88fc2bdbcaf -> 
  custom:audio-encoder-webm-vorbis: bf7c407c2cedff20999df2af8eb42d56 -> 
  custom:scripting/monoscript/fileName/EnemySpawner.cs: a9fea330da2ea253142424fd9aa964ea -> 
  custom:scripting/monoscript/fileName/AttackScriptableObject.cs: f43c8252e58285381ecb3bea9e54192b -> 
========================================================================
Received Import Request.
  Time since last request: 173.161829 seconds.
  path: Assets/LevelTransitions/2-3/FirstToSecond.cs
  artifactKey: Guid(2ffc247710dfab649adc821e7c045fdc) Importer(815301076,1909f56bfc062723c751e8b465ee728b)
Start importing Assets/LevelTransitions/2-3/FirstToSecond.cs using Guid(2ffc247710dfab649adc821e7c045fdc) Importer(815301076,1909f56bfc062723c751e8b465ee728b)  -> (artifact id: '04ab17d03068a7ef7ca210ed78065623') in 0.002124 seconds
Number of updated asset objects reloaded before import = 0
Number of asset objects unloaded after import = 0
========================================================================
Received Import Request.
  Time since last request: 8.846994 seconds.
  path: Assets/LevelTransitions/2-3/SecondToThird.cs
  artifactKey: Guid(2ffc247710dfab649adc821e7c045fdc) Importer(815301076,1909f56bfc062723c751e8b465ee728b)
Start importing Assets/LevelTransitions/2-3/SecondToThird.cs using Guid(2ffc247710dfab649adc821e7c045fdc) Importer(815301076,1909f56bfc062723c751e8b465ee728b)  -> (artifact id: '89fe75d4a20a0a362f03469868a6fe6e') in 0.000524 seconds
Number of updated asset objects reloaded before import = 0
Number of asset objects unloaded after import = 0
========================================================================
Received Import Request.
  Time since last request: 25.465520 seconds.
  path: Assets/LevelTransitions/2-3/SecondToThird.cs
  artifactKey: Guid(2ffc247710dfab649adc821e7c045fdc) Importer(815301076,1909f56bfc062723c751e8b465ee728b)
Start importing Assets/LevelTransitions/2-3/SecondToThird.cs using Guid(2ffc247710dfab649adc821e7c045fdc) Importer(815301076,1909f56bfc062723c751e8b465ee728b)  -> (artifact id: '1341a84d9dc6a5a7bd58695e13dbf192') in 0.000554 seconds
Number of updated asset objects reloaded before import = 0
Number of asset objects unloaded after import = 0
========================================================================
Received Prepare
Begin MonoManager ReloadAssembly
- Loaded All Assemblies, in  0.420 seconds
Refreshing native plugins compatible for Editor in 1.78 ms, found 3 plugins.
Native extension for WindowsStandalone target not found
Native extension for WebGL target not found
[Package Manager] Server::EnsureServerProcessIsRunning -- launch failed, reason: Unity was launched with the -noUpm command-line argument
[Package Manager] UpmClient::Send -- Unable to send message (not connected to UPM process).
[Package Manager] Cannot connect to Unity Package Manager local server
Mono: successfully reloaded assembly
- Finished resetting the current domain, in  0.813 seconds
Domain Reload Profiling: 1231ms
	BeginReloadAssembly (134ms)
		ExecutionOrderSort (0ms)
		DisableScriptedObjects (9ms)
		BackupInstance (0ms)
		ReleaseScriptingObjects (0ms)
		CreateAndSetChildDomain (30ms)
	RebuildCommonClasses (24ms)
	RebuildNativeTypeToScriptingClass (8ms)
	initialDomainReloadingComplete (27ms)
	LoadAllAssembliesAndSetupDomain (225ms)
		LoadAssemblies (269ms)
		RebuildTransferFunctionScriptingTraits (0ms)
		AnalyzeDomain (24ms)
			TypeCache.Refresh (11ms)
				TypeCache.ScanAssembly (2ms)
			ScanForSourceGeneratedMonoScriptInfo (8ms)
			ResolveRequiredComponents (4ms)
	FinalizeReload (813ms)
		ReleaseScriptCaches (0ms)
		RebuildScriptCaches (0ms)
		SetupLoadedEditorAssemblies (404ms)
			LogAssemblyErrors (0ms)
			InitializePlatformSupportModulesInManaged (6ms)
			SetLoadedEditorAssemblies (6ms)
			RefreshPlugins (0ms)
			BeforeProcessingInitializeOnLoad (73ms)
			ProcessInitializeOnLoadAttributes (295ms)
			ProcessInitializeOnLoadMethodAttributes (20ms)
			AfterProcessingInitializeOnLoad (4ms)
			EditorAssembliesLoaded (0ms)
		ExecutionOrderSort2 (0ms)
		AwakeInstancesAfterBackupRestoration (6ms)
Refreshing native plugins compatible for Editor in 1.94 ms, found 3 plugins.
Preloading 0 native plugins for Editor in 0.00 ms.
Unloading 3390 Unused Serialized files (Serialized files now loaded: 0)
Unloading 40 unused Assets / (2.1 MB). Loaded Objects now: 4012.
Memory consumption went from 165.3 MB to 163.3 MB.
Total: 2.836600 ms (FindLiveObjects: 0.213500 ms CreateObjectMapping: 0.123200 ms MarkObjects: 1.984700 ms  DeleteObjects: 0.513900 ms)

Prepare: number of updated asset objects reloaded= 0
AssetImportParameters requested are different than current active one (requested -> active):
  custom:container-demuxer-ogg: 62fdf1f143b41e24485cea50d1cbac27 -> 
  custom:video-codec-MediaFoundation-h265: 746d11721c4dcdbdad8f713fa42b33f4 -> 
  custom:video-decoder-ogg-theora: a1e56fd34408186e4bbccfd4996cb3dc -> 
  custom:framework-win-MediaFoundation: 216162199b28c13a410421893ffa2e32 -> 
  custom:scripting/monoscript/fileName/MoveAndAttack.cs: 945907239a2c1aeadc587c8df8944964 -> 1d49073defc2f77683af04d48d98c8d8
  custom:scripting/monoscript/fileName/AgentLinkMover.cs: 78b08b75f617248e3019fe7c63db68ca -> 
  custom:scripting/monoscript/fileName/EnemyScript.cs: 3e60caf6fb62aa4558c8a6ed8fc6694f -> 99ea20e3aae7e4d6436777609d6ec091
  custom:scripting/monoscript/fileName/HomingBullet.cs: 864f7f5b651bb6d052536f1d7d72e58d -> 
  custom:scripting/monoscript/fileName/EnemyController.cs: 95cdb6bff3c5e80df3375de5026c231f -> 5b8537652ebdaba4b35050797ce3ce8d
  custom:scripting/monoscript/fileName/PoolableObject.cs: 8d092a881df5fcdfaf09232738ef1b42 -> 
  custom:CustomObjectIndexerAttribute: 6d391050e5a25f67b0a2c618074f2cd9 -> 
  custom:scripting/monoscript/fileName/PlayerManager.cs: fa278fc629bee650391d87d1007e9d4f -> 
  custom:scripting/monoscript/fileName/CanvasLook.cs: 1b4a6b5ad45ce36be586c16f1c89aaf9 -> 5f05025472832989a1a9295fbe11df0e
  custom:container-demuxer-webm: 4f35f7cbe854078d1ac9338744f61a02 -> 
  custom:scripting/monoscript/fileName/EnemyController1FR.cs: 9f5be5fdcbd5460ddbde52baf72e1eb2 -> b32f367e1fe0322aa1ca71eeb2913799
  custom:scripting/monoscript/fileName/EnemyScriptableObject.cs: 1cd2bbbb21b7eb42f51eaff0124f6eb8 -> 
  custom:container-muxer-webm: aa71ff27fc2769a1b78a27578f13a17b -> 
  custom:scripting/monoscript/fileName/ObjectPool.cs: 98a870194297d9d23268cdd4786bec27 -> 
  custom:video-decoder-webm-vp8: 9c59270c3fd7afecdb556c50c9e8de78 -> 
  custom:SearchIndexIgnoredProperties: e643bd26f0fe6173181afceb89e7c659 -> 
  custom:AudioImporter_EditorPlatform: d09bf68614088b80899f8185d706f6e7 -> 
  custom:scripting/monoscript/fileName/EnemyController1_1.cs: cd8ac74080be9d7b03e37bb2644ea51a -> 1b4611598c74f766cb00ca9bf49cf8c8
  custom:scripting/monoscript/fileName/AttackRadius.cs: 89b11f4b49c65637d8df67d417a68c22 -> 
  custom:scripting/monoscript/fileName/EnemyController1_1FR.cs: 3713cfefa2cb9bdc62a853205039dc1e -> 7b5c47a0af34e6f025a0356c9b5d54fb
  custom:scripting/monoscript/fileName/Enemy.cs: 8448538d4f104f9acda18da16679c4ac -> 
  custom:video-encoder-webm-vp8: eb34c28f22e8b96e1ab97ce403110664 -> 
  custom:scripting/monoscript/fileName/IDamageable.cs: e64f76ace9702e1e0c6016368cb48d14 -> 
  custom:scripting/monoscript/fileName/RangedAttackRadius.cs: eebb1a67253819defcacf88fc2bdbcaf -> 
  custom:audio-decoder-ogg-vorbis: bf7c407c2cedff20999df2af8eb42d56 -> 
  custom:scripting/monoscript/fileName/Bullet.cs: a4f5918e799041ba1f6608f13912eb8b -> 
  custom:scripting/monoscript/fileName/EnemyMovement.cs: 412fe8bfc02b303367e86c00beafba4d -> 
  custom:scripting/monoscript/fileName/Ranged Attack Radius.cs: eebb1a67253819defcacf88fc2bdbcaf -> 
  custom:audio-encoder-webm-vorbis: bf7c407c2cedff20999df2af8eb42d56 -> 
  custom:scripting/monoscript/fileName/EnemySpawner.cs: a9fea330da2ea253142424fd9aa964ea -> 
  custom:scripting/monoscript/fileName/AttackScriptableObject.cs: f43c8252e58285381ecb3bea9e54192b -> 
========================================================================
Received Prepare
Begin MonoManager ReloadAssembly
- Loaded All Assemblies, in  0.373 seconds
Refreshing native plugins compatible for Editor in 1.60 ms, found 3 plugins.
Native extension for WindowsStandalone target not found
Native extension for WebGL target not found
[Package Manager] Server::EnsureServerProcessIsRunning -- launch failed, reason: Unity was launched with the -noUpm command-line argument
[Package Manager] UpmClient::Send -- Unable to send message (not connected to UPM process).
[Package Manager] Cannot connect to Unity Package Manager local server
Mono: successfully reloaded assembly
- Finished resetting the current domain, in  0.687 seconds
Domain Reload Profiling: 1058ms
	BeginReloadAssembly (134ms)
		ExecutionOrderSort (0ms)
		DisableScriptedObjects (4ms)
		BackupInstance (0ms)
		ReleaseScriptingObjects (0ms)
		CreateAndSetChildDomain (36ms)
	RebuildCommonClasses (26ms)
	RebuildNativeTypeToScriptingClass (8ms)
	initialDomainReloadingComplete (24ms)
	LoadAllAssembliesAndSetupDomain (179ms)
		LoadAssemblies (234ms)
		RebuildTransferFunctionScriptingTraits (0ms)
		AnalyzeDomain (11ms)
			TypeCache.Refresh (5ms)
				TypeCache.ScanAssembly (0ms)
			ScanForSourceGeneratedMonoScriptInfo (0ms)
			ResolveRequiredComponents (4ms)
	FinalizeReload (687ms)
		ReleaseScriptCaches (0ms)
		RebuildScriptCaches (0ms)
		SetupLoadedEditorAssemblies (373ms)
			LogAssemblyErrors (0ms)
			InitializePlatformSupportModulesInManaged (6ms)
			SetLoadedEditorAssemblies (4ms)
			RefreshPlugins (0ms)
			BeforeProcessingInitializeOnLoad (58ms)
			ProcessInitializeOnLoadAttributes (278ms)
			ProcessInitializeOnLoadMethodAttributes (22ms)
			AfterProcessingInitializeOnLoad (5ms)
			EditorAssembliesLoaded (0ms)
		ExecutionOrderSort2 (0ms)
		AwakeInstancesAfterBackupRestoration (6ms)
Refreshing native plugins compatible for Editor in 2.44 ms, found 3 plugins.
Preloading 0 native plugins for Editor in 0.00 ms.
Unloading 3391 Unused Serialized files (Serialized files now loaded: 0)
Unloading 40 unused Assets / (2.1 MB). Loaded Objects now: 4015.
Memory consumption went from 167.5 MB to 165.4 MB.
Total: 3.491800 ms (FindLiveObjects: 0.306400 ms CreateObjectMapping: 0.166000 ms MarkObjects: 2.552500 ms  DeleteObjects: 0.465900 ms)

Prepare: number of updated asset objects reloaded= 0
AssetImportParameters requested are different than current active one (requested -> active):
  custom:container-demuxer-ogg: 62fdf1f143b41e24485cea50d1cbac27 -> 
  custom:video-codec-MediaFoundation-h265: 746d11721c4dcdbdad8f713fa42b33f4 -> 
  custom:video-decoder-ogg-theora: a1e56fd34408186e4bbccfd4996cb3dc -> 
  custom:framework-win-MediaFoundation: 216162199b28c13a410421893ffa2e32 -> 
  custom:scripting/monoscript/fileName/MoveAndAttack.cs: 945907239a2c1aeadc587c8df8944964 -> 1d49073defc2f77683af04d48d98c8d8
  custom:scripting/monoscript/fileName/AgentLinkMover.cs: 78b08b75f617248e3019fe7c63db68ca -> 
  custom:scripting/monoscript/fileName/EnemyScript.cs: 3e60caf6fb62aa4558c8a6ed8fc6694f -> 99ea20e3aae7e4d6436777609d6ec091
  custom:scripting/monoscript/fileName/HomingBullet.cs: 864f7f5b651bb6d052536f1d7d72e58d -> 
  custom:scripting/monoscript/fileName/EnemyController.cs: 95cdb6bff3c5e80df3375de5026c231f -> 5b8537652ebdaba4b35050797ce3ce8d
  custom:scripting/monoscript/fileName/PoolableObject.cs: 8d092a881df5fcdfaf09232738ef1b42 -> 
  custom:CustomObjectIndexerAttribute: 6d391050e5a25f67b0a2c618074f2cd9 -> 
  custom:scripting/monoscript/fileName/PlayerManager.cs: fa278fc629bee650391d87d1007e9d4f -> 
  custom:scripting/monoscript/fileName/CanvasLook.cs: 1b4a6b5ad45ce36be586c16f1c89aaf9 -> 5f05025472832989a1a9295fbe11df0e
  custom:container-demuxer-webm: 4f35f7cbe854078d1ac9338744f61a02 -> 
  custom:scripting/monoscript/fileName/EnemyController1FR.cs: 9f5be5fdcbd5460ddbde52baf72e1eb2 -> b32f367e1fe0322aa1ca71eeb2913799
  custom:scripting/monoscript/fileName/EnemyScriptableObject.cs: 1cd2bbbb21b7eb42f51eaff0124f6eb8 -> 
  custom:container-muxer-webm: aa71ff27fc2769a1b78a27578f13a17b -> 
  custom:scripting/monoscript/fileName/ObjectPool.cs: 98a870194297d9d23268cdd4786bec27 -> 
  custom:video-decoder-webm-vp8: 9c59270c3fd7afecdb556c50c9e8de78 -> 
  custom:SearchIndexIgnoredProperties: e643bd26f0fe6173181afceb89e7c659 -> 
  custom:AudioImporter_EditorPlatform: d09bf68614088b80899f8185d706f6e7 -> 
  custom:scripting/monoscript/fileName/EnemyController1_1.cs: cd8ac74080be9d7b03e37bb2644ea51a -> 1b4611598c74f766cb00ca9bf49cf8c8
  custom:scripting/monoscript/fileName/AttackRadius.cs: 89b11f4b49c65637d8df67d417a68c22 -> 
  custom:scripting/monoscript/fileName/EnemyController1_1FR.cs: 3713cfefa2cb9bdc62a853205039dc1e -> 7b5c47a0af34e6f025a0356c9b5d54fb
  custom:scripting/monoscript/fileName/Enemy.cs: 8448538d4f104f9acda18da16679c4ac -> 
  custom:video-encoder-webm-vp8: eb34c28f22e8b96e1ab97ce403110664 -> 
  custom:scripting/monoscript/fileName/IDamageable.cs: e64f76ace9702e1e0c6016368cb48d14 -> 
  custom:scripting/monoscript/fileName/RangedAttackRadius.cs: eebb1a67253819defcacf88fc2bdbcaf -> 
  custom:audio-decoder-ogg-vorbis: bf7c407c2cedff20999df2af8eb42d56 -> 
  custom:scripting/monoscript/fileName/Bullet.cs: a4f5918e799041ba1f6608f13912eb8b -> 
  custom:scripting/monoscript/fileName/EnemyMovement.cs: 412fe8bfc02b303367e86c00beafba4d -> 
  custom:scripting/monoscript/fileName/Ranged Attack Radius.cs: eebb1a67253819defcacf88fc2bdbcaf -> 
  custom:audio-encoder-webm-vorbis: bf7c407c2cedff20999df2af8eb42d56 -> 
  custom:scripting/monoscript/fileName/EnemySpawner.cs: a9fea330da2ea253142424fd9aa964ea -> 
  custom:scripting/monoscript/fileName/AttackScriptableObject.cs: f43c8252e58285381ecb3bea9e54192b -> 
========================================================================
Received Import Request.
  Time since last request: 120.091777 seconds.
  path: Assets/Scenes/2Level.unity
  artifactKey: Guid(ad34cc71d391b204a9cac5544d2bfc02) Importer(815301076,1909f56bfc062723c751e8b465ee728b)
Start importing Assets/Scenes/2Level.unity using Guid(ad34cc71d391b204a9cac5544d2bfc02) Importer(815301076,1909f56bfc062723c751e8b465ee728b)  -> (artifact id: '70167e84105602cb71cb3053b2af7ea3') in 0.002678 seconds
Number of updated asset objects reloaded before import = 0
Number of asset objects unloaded after import = 0
========================================================================
Received Prepare
Begin MonoManager ReloadAssembly
- Loaded All Assemblies, in  0.357 seconds
Refreshing native plugins compatible for Editor in 1.65 ms, found 3 plugins.
Native extension for WindowsStandalone target not found
Native extension for WebGL target not found
[Package Manager] Server::EnsureServerProcessIsRunning -- launch failed, reason: Unity was launched with the -noUpm command-line argument
[Package Manager] UpmClient::Send -- Unable to send message (not connected to UPM process).
[Package Manager] Cannot connect to Unity Package Manager local server
Mono: successfully reloaded assembly
- Finished resetting the current domain, in  0.647 seconds
Domain Reload Profiling: 1004ms
	BeginReloadAssembly (135ms)
		ExecutionOrderSort (0ms)
		DisableScriptedObjects (4ms)
		BackupInstance (0ms)
		ReleaseScriptingObjects (0ms)
		CreateAndSetChildDomain (36ms)
	RebuildCommonClasses (23ms)
	RebuildNativeTypeToScriptingClass (8ms)
	initialDomainReloadingComplete (21ms)
	LoadAllAssembliesAndSetupDomain (168ms)
		LoadAssemblies (225ms)
		RebuildTransferFunctionScriptingTraits (0ms)
		AnalyzeDomain (13ms)
			TypeCache.Refresh (6ms)
				TypeCache.ScanAssembly (0ms)
			ScanForSourceGeneratedMonoScriptInfo (0ms)
			ResolveRequiredComponents (6ms)
	FinalizeReload (648ms)
		ReleaseScriptCaches (0ms)
		RebuildScriptCaches (0ms)
		SetupLoadedEditorAssemblies (337ms)
			LogAssemblyErrors (0ms)
			InitializePlatformSupportModulesInManaged (5ms)
			SetLoadedEditorAssemblies (3ms)
			RefreshPlugins (0ms)
			BeforeProcessingInitializeOnLoad (52ms)
			ProcessInitializeOnLoadAttributes (251ms)
			ProcessInitializeOnLoadMethodAttributes (21ms)
			AfterProcessingInitializeOnLoad (4ms)
			EditorAssembliesLoaded (0ms)
		ExecutionOrderSort2 (0ms)
		AwakeInstancesAfterBackupRestoration (7ms)
Refreshing native plugins compatible for Editor in 2.32 ms, found 3 plugins.
Preloading 0 native plugins for Editor in 0.00 ms.
Unloading 3390 Unused Serialized files (Serialized files now loaded: 0)
Unloading 40 unused Assets / (2.1 MB). Loaded Objects now: 4018.
Memory consumption went from 169.2 MB to 167.1 MB.
Total: 2.944100 ms (FindLiveObjects: 0.188800 ms CreateObjectMapping: 0.111900 ms MarkObjects: 2.224600 ms  DeleteObjects: 0.417900 ms)

Prepare: number of updated asset objects reloaded= 0
AssetImportParameters requested are different than current active one (requested -> active):
  custom:container-demuxer-ogg: 62fdf1f143b41e24485cea50d1cbac27 -> 
  custom:video-codec-MediaFoundation-h265: 746d11721c4dcdbdad8f713fa42b33f4 -> 
  custom:video-decoder-ogg-theora: a1e56fd34408186e4bbccfd4996cb3dc -> 
  custom:framework-win-MediaFoundation: 216162199b28c13a410421893ffa2e32 -> 
  custom:scripting/monoscript/fileName/MoveAndAttack.cs: 945907239a2c1aeadc587c8df8944964 -> 1d49073defc2f77683af04d48d98c8d8
  custom:scripting/monoscript/fileName/AgentLinkMover.cs: 78b08b75f617248e3019fe7c63db68ca -> 
  custom:scripting/monoscript/fileName/EnemyScript.cs: 3e60caf6fb62aa4558c8a6ed8fc6694f -> 99ea20e3aae7e4d6436777609d6ec091
  custom:scripting/monoscript/fileName/HomingBullet.cs: 864f7f5b651bb6d052536f1d7d72e58d -> 
  custom:scripting/monoscript/fileName/EnemyController.cs: 95cdb6bff3c5e80df3375de5026c231f -> 5b8537652ebdaba4b35050797ce3ce8d
  custom:scripting/monoscript/fileName/PoolableObject.cs: 8d092a881df5fcdfaf09232738ef1b42 -> 
  custom:CustomObjectIndexerAttribute: 6d391050e5a25f67b0a2c618074f2cd9 -> 
  custom:scripting/monoscript/fileName/PlayerManager.cs: fa278fc629bee650391d87d1007e9d4f -> 
  custom:scripting/monoscript/fileName/CanvasLook.cs: 1b4a6b5ad45ce36be586c16f1c89aaf9 -> 5f05025472832989a1a9295fbe11df0e
  custom:container-demuxer-webm: 4f35f7cbe854078d1ac9338744f61a02 -> 
  custom:scripting/monoscript/fileName/EnemyController1FR.cs: 9f5be5fdcbd5460ddbde52baf72e1eb2 -> b32f367e1fe0322aa1ca71eeb2913799
  custom:scripting/monoscript/fileName/EnemyScriptableObject.cs: 1cd2bbbb21b7eb42f51eaff0124f6eb8 -> 
  custom:container-muxer-webm: aa71ff27fc2769a1b78a27578f13a17b -> 
  custom:scripting/monoscript/fileName/ObjectPool.cs: 98a870194297d9d23268cdd4786bec27 -> 
  custom:video-decoder-webm-vp8: 9c59270c3fd7afecdb556c50c9e8de78 -> 
  custom:SearchIndexIgnoredProperties: e643bd26f0fe6173181afceb89e7c659 -> 
  custom:AudioImporter_EditorPlatform: d09bf68614088b80899f8185d706f6e7 -> 
  custom:scripting/monoscript/fileName/EnemyController1_1.cs: cd8ac74080be9d7b03e37bb2644ea51a -> 1b4611598c74f766cb00ca9bf49cf8c8
  custom:scripting/monoscript/fileName/AttackRadius.cs: 89b11f4b49c65637d8df67d417a68c22 -> 
  custom:scripting/monoscript/fileName/EnemyController1_1FR.cs: 3713cfefa2cb9bdc62a853205039dc1e -> 7b5c47a0af34e6f025a0356c9b5d54fb
  custom:scripting/monoscript/fileName/Enemy.cs: 8448538d4f104f9acda18da16679c4ac -> 
  custom:video-encoder-webm-vp8: eb34c28f22e8b96e1ab97ce403110664 -> 
  custom:scripting/monoscript/fileName/IDamageable.cs: e64f76ace9702e1e0c6016368cb48d14 -> 
  custom:scripting/monoscript/fileName/RangedAttackRadius.cs: eebb1a67253819defcacf88fc2bdbcaf -> 
  custom:audio-decoder-ogg-vorbis: bf7c407c2cedff20999df2af8eb42d56 -> 
  custom:scripting/monoscript/fileName/Bullet.cs: a4f5918e799041ba1f6608f13912eb8b -> 
  custom:scripting/monoscript/fileName/EnemyMovement.cs: 412fe8bfc02b303367e86c00beafba4d -> 
  custom:scripting/monoscript/fileName/Ranged Attack Radius.cs: eebb1a67253819defcacf88fc2bdbcaf -> 
  custom:audio-encoder-webm-vorbis: bf7c407c2cedff20999df2af8eb42d56 -> 
  custom:scripting/monoscript/fileName/EnemySpawner.cs: a9fea330da2ea253142424fd9aa964ea -> 
  custom:scripting/monoscript/fileName/AttackScriptableObject.cs: f43c8252e58285381ecb3bea9e54192b -> 
========================================================================
Received Prepare
Begin MonoManager ReloadAssembly
- Loaded All Assemblies, in  0.365 seconds
Refreshing native plugins compatible for Editor in 2.06 ms, found 3 plugins.
Native extension for WindowsStandalone target not found
Native extension for WebGL target not found
[Package Manager] Server::EnsureServerProcessIsRunning -- launch failed, reason: Unity was launched with the -noUpm command-line argument
[Package Manager] UpmClient::Send -- Unable to send message (not connected to UPM process).
[Package Manager] Cannot connect to Unity Package Manager local server
Mono: successfully reloaded assembly
- Finished resetting the current domain, in  0.659 seconds
Domain Reload Profiling: 1022ms
	BeginReloadAssembly (135ms)
		ExecutionOrderSort (0ms)
		DisableScriptedObjects (5ms)
		BackupInstance (0ms)
		ReleaseScriptingObjects (0ms)
		CreateAndSetChildDomain (38ms)
	RebuildCommonClasses (30ms)
	RebuildNativeTypeToScriptingClass (8ms)
	initialDomainReloadingComplete (21ms)
	LoadAllAssembliesAndSetupDomain (169ms)
		LoadAssemblies (224ms)
		RebuildTransferFunctionScriptingTraits (0ms)
		AnalyzeDomain (11ms)
			TypeCache.Refresh (5ms)
				TypeCache.ScanAssembly (0ms)
			ScanForSourceGeneratedMonoScriptInfo (0ms)
			ResolveRequiredComponents (5ms)
	FinalizeReload (659ms)
		ReleaseScriptCaches (0ms)
		RebuildScriptCaches (0ms)
		SetupLoadedEditorAssemblies (352ms)
			LogAssemblyErrors (0ms)
			InitializePlatformSupportModulesInManaged (5ms)
			SetLoadedEditorAssemblies (4ms)
			RefreshPlugins (0ms)
			BeforeProcessingInitializeOnLoad (51ms)
			ProcessInitializeOnLoadAttributes (264ms)
			ProcessInitializeOnLoadMethodAttributes (23ms)
			AfterProcessingInitializeOnLoad (5ms)
			EditorAssembliesLoaded (0ms)
		ExecutionOrderSort2 (0ms)
		AwakeInstancesAfterBackupRestoration (7ms)
Refreshing native plugins compatible for Editor in 2.01 ms, found 3 plugins.
Preloading 0 native plugins for Editor in 0.00 ms.
Unloading 3391 Unused Serialized files (Serialized files now loaded: 0)
Unloading 40 unused Assets / (2.1 MB). Loaded Objects now: 4021.
Memory consumption went from 171.4 MB to 169.3 MB.
Total: 2.776100 ms (FindLiveObjects: 0.239100 ms CreateObjectMapping: 0.115500 ms MarkObjects: 1.983800 ms  DeleteObjects: 0.436400 ms)

Prepare: number of updated asset objects reloaded= 0
AssetImportParameters requested are different than current active one (requested -> active):
  custom:container-demuxer-ogg: 62fdf1f143b41e24485cea50d1cbac27 -> 
  custom:video-codec-MediaFoundation-h265: 746d11721c4dcdbdad8f713fa42b33f4 -> 
  custom:video-decoder-ogg-theora: a1e56fd34408186e4bbccfd4996cb3dc -> 
  custom:framework-win-MediaFoundation: 216162199b28c13a410421893ffa2e32 -> 
  custom:scripting/monoscript/fileName/MoveAndAttack.cs: 945907239a2c1aeadc587c8df8944964 -> 1d49073defc2f77683af04d48d98c8d8
  custom:scripting/monoscript/fileName/AgentLinkMover.cs: 78b08b75f617248e3019fe7c63db68ca -> 
  custom:scripting/monoscript/fileName/EnemyScript.cs: 3e60caf6fb62aa4558c8a6ed8fc6694f -> 99ea20e3aae7e4d6436777609d6ec091
  custom:scripting/monoscript/fileName/HomingBullet.cs: 864f7f5b651bb6d052536f1d7d72e58d -> 
  custom:scripting/monoscript/fileName/EnemyController.cs: 95cdb6bff3c5e80df3375de5026c231f -> 5b8537652ebdaba4b35050797ce3ce8d
  custom:scripting/monoscript/fileName/PoolableObject.cs: 8d092a881df5fcdfaf09232738ef1b42 -> 
  custom:CustomObjectIndexerAttribute: 6d391050e5a25f67b0a2c618074f2cd9 -> 
  custom:scripting/monoscript/fileName/PlayerManager.cs: fa278fc629bee650391d87d1007e9d4f -> 
  custom:scripting/monoscript/fileName/CanvasLook.cs: 1b4a6b5ad45ce36be586c16f1c89aaf9 -> 5f05025472832989a1a9295fbe11df0e
  custom:container-demuxer-webm: 4f35f7cbe854078d1ac9338744f61a02 -> 
  custom:scripting/monoscript/fileName/EnemyController1FR.cs: 9f5be5fdcbd5460ddbde52baf72e1eb2 -> b32f367e1fe0322aa1ca71eeb2913799
  custom:scripting/monoscript/fileName/EnemyScriptableObject.cs: 1cd2bbbb21b7eb42f51eaff0124f6eb8 -> 
  custom:container-muxer-webm: aa71ff27fc2769a1b78a27578f13a17b -> 
  custom:scripting/monoscript/fileName/ObjectPool.cs: 98a870194297d9d23268cdd4786bec27 -> 
  custom:video-decoder-webm-vp8: 9c59270c3fd7afecdb556c50c9e8de78 -> 
  custom:SearchIndexIgnoredProperties: e643bd26f0fe6173181afceb89e7c659 -> 
  custom:AudioImporter_EditorPlatform: d09bf68614088b80899f8185d706f6e7 -> 
  custom:scripting/monoscript/fileName/EnemyController1_1.cs: cd8ac74080be9d7b03e37bb2644ea51a -> 1b4611598c74f766cb00ca9bf49cf8c8
  custom:scripting/monoscript/fileName/AttackRadius.cs: 89b11f4b49c65637d8df67d417a68c22 -> 
  custom:scripting/monoscript/fileName/EnemyController1_1FR.cs: 3713cfefa2cb9bdc62a853205039dc1e -> 7b5c47a0af34e6f025a0356c9b5d54fb
  custom:scripting/monoscript/fileName/Enemy.cs: 8448538d4f104f9acda18da16679c4ac -> 
  custom:video-encoder-webm-vp8: eb34c28f22e8b96e1ab97ce403110664 -> 
  custom:scripting/monoscript/fileName/IDamageable.cs: e64f76ace9702e1e0c6016368cb48d14 -> 
  custom:scripting/monoscript/fileName/RangedAttackRadius.cs: eebb1a67253819defcacf88fc2bdbcaf -> 
  custom:audio-decoder-ogg-vorbis: bf7c407c2cedff20999df2af8eb42d56 -> 
  custom:scripting/monoscript/fileName/Bullet.cs: a4f5918e799041ba1f6608f13912eb8b -> 
  custom:scripting/monoscript/fileName/EnemyMovement.cs: 412fe8bfc02b303367e86c00beafba4d -> 
  custom:scripting/monoscript/fileName/Ranged Attack Radius.cs: eebb1a67253819defcacf88fc2bdbcaf -> 
  custom:audio-encoder-webm-vorbis: bf7c407c2cedff20999df2af8eb42d56 -> 
  custom:scripting/monoscript/fileName/EnemySpawner.cs: a9fea330da2ea253142424fd9aa964ea -> 
  custom:scripting/monoscript/fileName/AttackScriptableObject.cs: f43c8252e58285381ecb3bea9e54192b -> 
========================================================================
Received Prepare
Begin MonoManager ReloadAssembly
- Loaded All Assemblies, in  0.378 seconds
Refreshing native plugins compatible for Editor in 1.68 ms, found 3 plugins.
Native extension for WindowsStandalone target not found
Native extension for WebGL target not found
[Package Manager] Server::EnsureServerProcessIsRunning -- launch failed, reason: Unity was launched with the -noUpm command-line argument
[Package Manager] UpmClient::Send -- Unable to send message (not connected to UPM process).
[Package Manager] Cannot connect to Unity Package Manager local server
Mono: successfully reloaded assembly
- Finished resetting the current domain, in  0.633 seconds
Domain Reload Profiling: 1009ms
	BeginReloadAssembly (131ms)
		ExecutionOrderSort (0ms)
		DisableScriptedObjects (4ms)
		BackupInstance (0ms)
		ReleaseScriptingObjects (0ms)
		CreateAndSetChildDomain (27ms)
	RebuildCommonClasses (35ms)
	RebuildNativeTypeToScriptingClass (8ms)
	initialDomainReloadingComplete (21ms)
	LoadAllAssembliesAndSetupDomain (182ms)
		LoadAssemblies (227ms)
		RebuildTransferFunctionScriptingTraits (0ms)
		AnalyzeDomain (24ms)
			TypeCache.Refresh (11ms)
				TypeCache.ScanAssembly (2ms)
			ScanForSourceGeneratedMonoScriptInfo (8ms)
			ResolveRequiredComponents (5ms)
	FinalizeReload (633ms)
		ReleaseScriptCaches (0ms)
		RebuildScriptCaches (0ms)
		SetupLoadedEditorAssemblies (339ms)
			LogAssemblyErrors (0ms)
			InitializePlatformSupportModulesInManaged (5ms)
			SetLoadedEditorAssemblies (4ms)
			RefreshPlugins (0ms)
			BeforeProcessingInitializeOnLoad (51ms)
			ProcessInitializeOnLoadAttributes (261ms)
			ProcessInitializeOnLoadMethodAttributes (15ms)
			AfterProcessingInitializeOnLoad (3ms)
			EditorAssembliesLoaded (0ms)
		ExecutionOrderSort2 (0ms)
		AwakeInstancesAfterBackupRestoration (5ms)
Refreshing native plugins compatible for Editor in 2.54 ms, found 3 plugins.
Preloading 0 native plugins for Editor in 0.00 ms.
Unloading 3391 Unused Serialized files (Serialized files now loaded: 0)
Unloading 40 unused Assets / (2.1 MB). Loaded Objects now: 4024.
Memory consumption went from 173.3 MB to 171.2 MB.
Total: 3.164300 ms (FindLiveObjects: 0.205800 ms CreateObjectMapping: 0.091500 ms MarkObjects: 2.424000 ms  DeleteObjects: 0.441900 ms)

Prepare: number of updated asset objects reloaded= 0
AssetImportParameters requested are different than current active one (requested -> active):
  custom:container-demuxer-ogg: 62fdf1f143b41e24485cea50d1cbac27 -> 
  custom:video-codec-MediaFoundation-h265: 746d11721c4dcdbdad8f713fa42b33f4 -> 
  custom:video-decoder-ogg-theora: a1e56fd34408186e4bbccfd4996cb3dc -> 
  custom:framework-win-MediaFoundation: 216162199b28c13a410421893ffa2e32 -> 
  custom:scripting/monoscript/fileName/MoveAndAttack.cs: 945907239a2c1aeadc587c8df8944964 -> 1d49073defc2f77683af04d48d98c8d8
  custom:scripting/monoscript/fileName/AgentLinkMover.cs: 78b08b75f617248e3019fe7c63db68ca -> 
  custom:scripting/monoscript/fileName/EnemyScript.cs: 3e60caf6fb62aa4558c8a6ed8fc6694f -> 99ea20e3aae7e4d6436777609d6ec091
  custom:scripting/monoscript/fileName/HomingBullet.cs: 864f7f5b651bb6d052536f1d7d72e58d -> 
  custom:scripting/monoscript/fileName/EnemyController.cs: 95cdb6bff3c5e80df3375de5026c231f -> 5b8537652ebdaba4b35050797ce3ce8d
  custom:scripting/monoscript/fileName/PoolableObject.cs: 8d092a881df5fcdfaf09232738ef1b42 -> 
  custom:CustomObjectIndexerAttribute: 6d391050e5a25f67b0a2c618074f2cd9 -> 
  custom:scripting/monoscript/fileName/PlayerManager.cs: fa278fc629bee650391d87d1007e9d4f -> 
  custom:scripting/monoscript/fileName/CanvasLook.cs: 1b4a6b5ad45ce36be586c16f1c89aaf9 -> 5f05025472832989a1a9295fbe11df0e
  custom:container-demuxer-webm: 4f35f7cbe854078d1ac9338744f61a02 -> 
  custom:scripting/monoscript/fileName/EnemyController1FR.cs: 9f5be5fdcbd5460ddbde52baf72e1eb2 -> b32f367e1fe0322aa1ca71eeb2913799
  custom:scripting/monoscript/fileName/EnemyScriptableObject.cs: 1cd2bbbb21b7eb42f51eaff0124f6eb8 -> 
  custom:container-muxer-webm: aa71ff27fc2769a1b78a27578f13a17b -> 
  custom:scripting/monoscript/fileName/ObjectPool.cs: 98a870194297d9d23268cdd4786bec27 -> 
  custom:video-decoder-webm-vp8: 9c59270c3fd7afecdb556c50c9e8de78 -> 
  custom:SearchIndexIgnoredProperties: e643bd26f0fe6173181afceb89e7c659 -> 
  custom:AudioImporter_EditorPlatform: d09bf68614088b80899f8185d706f6e7 -> 
  custom:scripting/monoscript/fileName/EnemyController1_1.cs: cd8ac74080be9d7b03e37bb2644ea51a -> 1b4611598c74f766cb00ca9bf49cf8c8
  custom:scripting/monoscript/fileName/AttackRadius.cs: 89b11f4b49c65637d8df67d417a68c22 -> 
  custom:scripting/monoscript/fileName/EnemyController1_1FR.cs: 3713cfefa2cb9bdc62a853205039dc1e -> 7b5c47a0af34e6f025a0356c9b5d54fb
  custom:scripting/monoscript/fileName/Enemy.cs: 8448538d4f104f9acda18da16679c4ac -> 
  custom:video-encoder-webm-vp8: eb34c28f22e8b96e1ab97ce403110664 -> 
  custom:scripting/monoscript/fileName/IDamageable.cs: e64f76ace9702e1e0c6016368cb48d14 -> 
  custom:scripting/monoscript/fileName/RangedAttackRadius.cs: eebb1a67253819defcacf88fc2bdbcaf -> 
  custom:audio-decoder-ogg-vorbis: bf7c407c2cedff20999df2af8eb42d56 -> 
  custom:scripting/monoscript/fileName/Bullet.cs: a4f5918e799041ba1f6608f13912eb8b -> 
  custom:scripting/monoscript/fileName/EnemyMovement.cs: 412fe8bfc02b303367e86c00beafba4d -> 
  custom:scripting/monoscript/fileName/Ranged Attack Radius.cs: eebb1a67253819defcacf88fc2bdbcaf -> 
  custom:audio-encoder-webm-vorbis: bf7c407c2cedff20999df2af8eb42d56 -> 
  custom:scripting/monoscript/fileName/EnemySpawner.cs: a9fea330da2ea253142424fd9aa964ea -> 
  custom:scripting/monoscript/fileName/AttackScriptableObject.cs: f43c8252e58285381ecb3bea9e54192b -> 
========================================================================
Received Prepare
Begin MonoManager ReloadAssembly
- Loaded All Assemblies, in  0.365 seconds
Refreshing native plugins compatible for Editor in 1.63 ms, found 3 plugins.
Native extension for WindowsStandalone target not found
Native extension for WebGL target not found
[Package Manager] Server::EnsureServerProcessIsRunning -- launch failed, reason: Unity was launched with the -noUpm command-line argument
[Package Manager] UpmClient::Send -- Unable to send message (not connected to UPM process).
[Package Manager] Cannot connect to Unity Package Manager local server
Mono: successfully reloaded assembly
- Finished resetting the current domain, in  0.675 seconds
Domain Reload Profiling: 1039ms
	BeginReloadAssembly (139ms)
		ExecutionOrderSort (0ms)
		DisableScriptedObjects (4ms)
		BackupInstance (0ms)
		ReleaseScriptingObjects (0ms)
		CreateAndSetChildDomain (37ms)
	RebuildCommonClasses (31ms)
	RebuildNativeTypeToScriptingClass (10ms)
	initialDomainReloadingComplete (19ms)
	LoadAllAssembliesAndSetupDomain (163ms)
		LoadAssemblies (223ms)
		RebuildTransferFunctionScriptingTraits (0ms)
		AnalyzeDomain (12ms)
			TypeCache.Refresh (5ms)
				TypeCache.ScanAssembly (0ms)
			ScanForSourceGeneratedMonoScriptInfo (0ms)
			ResolveRequiredComponents (5ms)
	FinalizeReload (676ms)
		ReleaseScriptCaches (0ms)
		RebuildScriptCaches (0ms)
		SetupLoadedEditorAssemblies (349ms)
			LogAssemblyErrors (0ms)
			InitializePlatformSupportModulesInManaged (5ms)
			SetLoadedEditorAssemblies (3ms)
			RefreshPlugins (0ms)
			BeforeProcessingInitializeOnLoad (50ms)
			ProcessInitializeOnLoadAttributes (264ms)
			ProcessInitializeOnLoadMethodAttributes (22ms)
			AfterProcessingInitializeOnLoad (4ms)
			EditorAssembliesLoaded (0ms)
		ExecutionOrderSort2 (0ms)
		AwakeInstancesAfterBackupRestoration (7ms)
Refreshing native plugins compatible for Editor in 2.34 ms, found 3 plugins.
Preloading 0 native plugins for Editor in 0.00 ms.
Unloading 3391 Unused Serialized files (Serialized files now loaded: 0)
Unloading 40 unused Assets / (2.1 MB). Loaded Objects now: 4027.
Memory consumption went from 175.2 MB to 173.1 MB.
Total: 3.153900 ms (FindLiveObjects: 0.401200 ms CreateObjectMapping: 0.215700 ms MarkObjects: 2.024300 ms  DeleteObjects: 0.511900 ms)

Prepare: number of updated asset objects reloaded= 0
AssetImportParameters requested are different than current active one (requested -> active):
  custom:container-demuxer-ogg: 62fdf1f143b41e24485cea50d1cbac27 -> 
  custom:video-codec-MediaFoundation-h265: 746d11721c4dcdbdad8f713fa42b33f4 -> 
  custom:video-decoder-ogg-theora: a1e56fd34408186e4bbccfd4996cb3dc -> 
  custom:framework-win-MediaFoundation: 216162199b28c13a410421893ffa2e32 -> 
  custom:scripting/monoscript/fileName/MoveAndAttack.cs: 945907239a2c1aeadc587c8df8944964 -> 1d49073defc2f77683af04d48d98c8d8
  custom:scripting/monoscript/fileName/AgentLinkMover.cs: 78b08b75f617248e3019fe7c63db68ca -> 
  custom:scripting/monoscript/fileName/EnemyScript.cs: 3e60caf6fb62aa4558c8a6ed8fc6694f -> 99ea20e3aae7e4d6436777609d6ec091
  custom:scripting/monoscript/fileName/HomingBullet.cs: 864f7f5b651bb6d052536f1d7d72e58d -> 
  custom:scripting/monoscript/fileName/EnemyController.cs: 95cdb6bff3c5e80df3375de5026c231f -> 5b8537652ebdaba4b35050797ce3ce8d
  custom:scripting/monoscript/fileName/PoolableObject.cs: 8d092a881df5fcdfaf09232738ef1b42 -> 
  custom:CustomObjectIndexerAttribute: 6d391050e5a25f67b0a2c618074f2cd9 -> 
  custom:scripting/monoscript/fileName/PlayerManager.cs: fa278fc629bee650391d87d1007e9d4f -> 
  custom:scripting/monoscript/fileName/CanvasLook.cs: 1b4a6b5ad45ce36be586c16f1c89aaf9 -> 5f05025472832989a1a9295fbe11df0e
  custom:container-demuxer-webm: 4f35f7cbe854078d1ac9338744f61a02 -> 
  custom:scripting/monoscript/fileName/EnemyController1FR.cs: 9f5be5fdcbd5460ddbde52baf72e1eb2 -> b32f367e1fe0322aa1ca71eeb2913799
  custom:scripting/monoscript/fileName/EnemyScriptableObject.cs: 1cd2bbbb21b7eb42f51eaff0124f6eb8 -> 
  custom:container-muxer-webm: aa71ff27fc2769a1b78a27578f13a17b -> 
  custom:scripting/monoscript/fileName/ObjectPool.cs: 98a870194297d9d23268cdd4786bec27 -> 
  custom:video-decoder-webm-vp8: 9c59270c3fd7afecdb556c50c9e8de78 -> 
  custom:SearchIndexIgnoredProperties: e643bd26f0fe6173181afceb89e7c659 -> 
  custom:AudioImporter_EditorPlatform: d09bf68614088b80899f8185d706f6e7 -> 
  custom:scripting/monoscript/fileName/EnemyController1_1.cs: cd8ac74080be9d7b03e37bb2644ea51a -> 1b4611598c74f766cb00ca9bf49cf8c8
  custom:scripting/monoscript/fileName/AttackRadius.cs: 89b11f4b49c65637d8df67d417a68c22 -> 
  custom:scripting/monoscript/fileName/EnemyController1_1FR.cs: 3713cfefa2cb9bdc62a853205039dc1e -> 7b5c47a0af34e6f025a0356c9b5d54fb
  custom:scripting/monoscript/fileName/Enemy.cs: 8448538d4f104f9acda18da16679c4ac -> 
  custom:video-encoder-webm-vp8: eb34c28f22e8b96e1ab97ce403110664 -> 
  custom:scripting/monoscript/fileName/IDamageable.cs: e64f76ace9702e1e0c6016368cb48d14 -> 
  custom:scripting/monoscript/fileName/RangedAttackRadius.cs: eebb1a67253819defcacf88fc2bdbcaf -> 
  custom:audio-decoder-ogg-vorbis: bf7c407c2cedff20999df2af8eb42d56 -> 
  custom:scripting/monoscript/fileName/Bullet.cs: a4f5918e799041ba1f6608f13912eb8b -> 
  custom:scripting/monoscript/fileName/EnemyMovement.cs: 412fe8bfc02b303367e86c00beafba4d -> 
  custom:scripting/monoscript/fileName/Ranged Attack Radius.cs: eebb1a67253819defcacf88fc2bdbcaf -> 
  custom:audio-encoder-webm-vorbis: bf7c407c2cedff20999df2af8eb42d56 -> 
  custom:scripting/monoscript/fileName/EnemySpawner.cs: a9fea330da2ea253142424fd9aa964ea -> 
  custom:scripting/monoscript/fileName/AttackScriptableObject.cs: f43c8252e58285381ecb3bea9e54192b -> 
