Using pre-set license
Built from '2022.3/release' branch; Version is '2022.3.18f1 (d29bea25151d) revision 13802474'; Using compiler version '192829333'; Build Type 'Release'
OS: 'Windows 11  (10.0.22631) 64bit CoreSingleLanguage' Language: 'ru' Physical Memory: 16121 MB
BatchMode: 1, IsHumanControllingUs: 0, StartBugReporterOnCrash: 0, Is64bit: 1, IsPro: 1

COMMAND LINE ARGUMENTS:
C:\Program Files\Unity\Hub\Editor\2022.3.18f1\Editor\Unity.exe
-adb2
-batchMode
-noUpm
-name
AssetImportWorker1
-projectPath
C:/GD_project/Delta-game/Delta game
-logFile
Logs/AssetImportWorker1.log
-srvPort
63096
Successfully changed project path to: C:/GD_project/Delta-game/Delta game
C:/GD_project/Delta-game/Delta game
[UnityMemory] Configuration Parameters - Can be set up in boot.config
    "memorysetup-bucket-allocator-granularity=16"
    "memorysetup-bucket-allocator-bucket-count=8"
    "memorysetup-bucket-allocator-block-size=33554432"
    "memorysetup-bucket-allocator-block-count=8"
    "memorysetup-main-allocator-block-size=16777216"
    "memorysetup-thread-allocator-block-size=16777216"
    "memorysetup-gfx-main-allocator-block-size=16777216"
    "memorysetup-gfx-thread-allocator-block-size=16777216"
    "memorysetup-cache-allocator-block-size=4194304"
    "memorysetup-typetree-allocator-block-size=2097152"
    "memorysetup-profiler-bucket-allocator-granularity=16"
    "memorysetup-profiler-bucket-allocator-bucket-count=8"
    "memorysetup-profiler-bucket-allocator-block-size=33554432"
    "memorysetup-profiler-bucket-allocator-block-count=8"
    "memorysetup-profiler-allocator-block-size=16777216"
    "memorysetup-profiler-editor-allocator-block-size=1048576"
    "memorysetup-temp-allocator-size-main=16777216"
    "memorysetup-job-temp-allocator-block-size=2097152"
    "memorysetup-job-temp-allocator-block-size-background=1048576"
    "memorysetup-job-temp-allocator-reduction-small-platforms=262144"
    "memorysetup-allocator-temp-initial-block-size-main=262144"
    "memorysetup-allocator-temp-initial-block-size-worker=262144"
    "memorysetup-temp-allocator-size-background-worker=32768"
    "memorysetup-temp-allocator-size-job-worker=262144"
    "memorysetup-temp-allocator-size-preload-manager=33554432"
    "memorysetup-temp-allocator-size-nav-mesh-worker=65536"
    "memorysetup-temp-allocator-size-audio-worker=65536"
    "memorysetup-temp-allocator-size-cloud-worker=32768"
    "memorysetup-temp-allocator-size-gi-baking-worker=262144"
    "memorysetup-temp-allocator-size-gfx=262144"
Player connection [11672] Host "[IP] 10.248.1.40 [Port] 0 [Flags] 2 [Guid] 182652212 [EditorId] 182652212 [Version] 1048832 [Id] WindowsEditor(7,LAPTOP-LK7ADK1S) [Debug] 1 [PackageName] WindowsEditor [ProjectName] Editor" joined multi-casting on [225.0.0.222:54997]...

Player connection [11672] Host "[IP] 10.248.1.40 [Port] 0 [Flags] 2 [Guid] 182652212 [EditorId] 182652212 [Version] 1048832 [Id] WindowsEditor(7,LAPTOP-LK7ADK1S) [Debug] 1 [PackageName] WindowsEditor [ProjectName] Editor" joined alternative multi-casting on [225.0.0.222:34997]...

[Physics::Module] Initialized MultithreadedJobDispatcher with 11 workers.
Refreshing native plugins compatible for Editor in 6.97 ms, found 3 plugins.
Preloading 0 native plugins for Editor in 0.00 ms.
Initialize engine version: 2022.3.18f1 (d29bea25151d)
[Subsystems] Discovering subsystems at path C:/Program Files/Unity/Hub/Editor/2022.3.18f1/Editor/Data/Resources/UnitySubsystems
[Subsystems] Discovering subsystems at path C:/GD_project/Delta-game/Delta game/Assets
GfxDevice: creating device client; threaded=0; jobified=0
Direct3D:
    Version:  Direct3D 11.0 [level 11.1]
    Renderer: NVIDIA GeForce RTX 3050 Laptop GPU (ID=0x25a2)
    Vendor:   NVIDIA
    VRAM:     3964 MB
    Driver:   31.0.15.5152
Initialize mono
Mono path[0] = 'C:/Program Files/Unity/Hub/Editor/2022.3.18f1/Editor/Data/Managed'
Mono path[1] = 'C:/Program Files/Unity/Hub/Editor/2022.3.18f1/Editor/Data/MonoBleedingEdge/lib/mono/unityjit-win32'
Mono config path = 'C:/Program Files/Unity/Hub/Editor/2022.3.18f1/Editor/Data/MonoBleedingEdge/etc'
Using monoOptions --debugger-agent=transport=dt_socket,embedding=1,server=y,suspend=n,address=127.0.0.1:56184
Begin MonoManager ReloadAssembly
Registering precompiled unity dll's ...
Register platform support module: C:/Program Files/Unity/Hub/Editor/2022.3.18f1/Editor/Data/PlaybackEngines/WebGLSupport/UnityEditor.WebGL.Extensions.dll
Register platform support module: C:/Program Files/Unity/Hub/Editor/2022.3.18f1/Editor/Data/PlaybackEngines/WindowsStandaloneSupport/UnityEditor.WindowsStandalone.Extensions.dll
Registered in 0.007774 seconds.
- Loaded All Assemblies, in  0.369 seconds
Native extension for WindowsStandalone target not found
Native extension for WebGL target not found
Mono: successfully reloaded assembly
- Finished resetting the current domain, in  0.269 seconds
Domain Reload Profiling: 637ms
	BeginReloadAssembly (114ms)
		ExecutionOrderSort (0ms)
		DisableScriptedObjects (0ms)
		BackupInstance (0ms)
		ReleaseScriptingObjects (0ms)
		CreateAndSetChildDomain (1ms)
	RebuildCommonClasses (34ms)
	RebuildNativeTypeToScriptingClass (12ms)
	initialDomainReloadingComplete (58ms)
	LoadAllAssembliesAndSetupDomain (149ms)
		LoadAssemblies (112ms)
		RebuildTransferFunctionScriptingTraits (0ms)
		AnalyzeDomain (147ms)
			TypeCache.Refresh (146ms)
				TypeCache.ScanAssembly (132ms)
			ScanForSourceGeneratedMonoScriptInfo (0ms)
			ResolveRequiredComponents (1ms)
	FinalizeReload (269ms)
		ReleaseScriptCaches (0ms)
		RebuildScriptCaches (0ms)
		SetupLoadedEditorAssemblies (212ms)
			LogAssemblyErrors (0ms)
			InitializePlatformSupportModulesInManaged (11ms)
			SetLoadedEditorAssemblies (5ms)
			RefreshPlugins (0ms)
			BeforeProcessingInitializeOnLoad (2ms)
			ProcessInitializeOnLoadAttributes (147ms)
			ProcessInitializeOnLoadMethodAttributes (47ms)
			AfterProcessingInitializeOnLoad (0ms)
			EditorAssembliesLoaded (0ms)
		ExecutionOrderSort2 (0ms)
		AwakeInstancesAfterBackupRestoration (0ms)
========================================================================
Worker process is ready to serve import requests
Begin MonoManager ReloadAssembly
- Loaded All Assemblies, in  0.705 seconds
Refreshing native plugins compatible for Editor in 3.14 ms, found 3 plugins.
Native extension for WindowsStandalone target not found
Native extension for WebGL target not found
Package Manager log level set to [2]
[Package Manager] Server::EnsureServerProcessIsRunning -- launch failed, reason: Unity was launched with the -noUpm command-line argument
[Package Manager] UpmClient::Send -- Unable to send message (not connected to UPM process).
[Package Manager] Cannot connect to Unity Package Manager local server
Mono: successfully reloaded assembly
- Finished resetting the current domain, in  0.642 seconds
Domain Reload Profiling: 1344ms
	BeginReloadAssembly (155ms)
		ExecutionOrderSort (0ms)
		DisableScriptedObjects (6ms)
		BackupInstance (0ms)
		ReleaseScriptingObjects (0ms)
		CreateAndSetChildDomain (27ms)
	RebuildCommonClasses (33ms)
	RebuildNativeTypeToScriptingClass (10ms)
	initialDomainReloadingComplete (41ms)
	LoadAllAssembliesAndSetupDomain (462ms)
		LoadAssemblies (331ms)
		RebuildTransferFunctionScriptingTraits (0ms)
		AnalyzeDomain (219ms)
			TypeCache.Refresh (194ms)
				TypeCache.ScanAssembly (172ms)
			ScanForSourceGeneratedMonoScriptInfo (19ms)
			ResolveRequiredComponents (5ms)
	FinalizeReload (643ms)
		ReleaseScriptCaches (0ms)
		RebuildScriptCaches (0ms)
		SetupLoadedEditorAssemblies (479ms)
			LogAssemblyErrors (0ms)
			InitializePlatformSupportModulesInManaged (7ms)
			SetLoadedEditorAssemblies (4ms)
			RefreshPlugins (0ms)
			BeforeProcessingInitializeOnLoad (64ms)
			ProcessInitializeOnLoadAttributes (373ms)
			ProcessInitializeOnLoadMethodAttributes (24ms)
			AfterProcessingInitializeOnLoad (7ms)
			EditorAssembliesLoaded (0ms)
		ExecutionOrderSort2 (0ms)
		AwakeInstancesAfterBackupRestoration (7ms)
Launched and connected shader compiler UnityShaderCompiler.exe after 0.06 seconds
Refreshing native plugins compatible for Editor in 3.49 ms, found 3 plugins.
Preloading 0 native plugins for Editor in 0.00 ms.
Unloading 3281 Unused Serialized files (Serialized files now loaded: 0)
Unloading 44 unused Assets / (1.8 MB). Loaded Objects now: 3746.
Memory consumption went from 143.1 MB to 141.3 MB.
Total: 4.538700 ms (FindLiveObjects: 0.393100 ms CreateObjectMapping: 0.138300 ms MarkObjects: 3.516700 ms  DeleteObjects: 0.488400 ms)

AssetImportParameters requested are different than current active one (requested -> active):
  custom:container-demuxer-ogg: 62fdf1f143b41e24485cea50d1cbac27 -> 
  custom:video-codec-MediaFoundation-h265: 746d11721c4dcdbdad8f713fa42b33f4 -> 
  custom:video-decoder-ogg-theora: a1e56fd34408186e4bbccfd4996cb3dc -> 
  custom:framework-win-MediaFoundation: 216162199b28c13a410421893ffa2e32 -> 
  custom:CustomObjectIndexerAttribute: 6d391050e5a25f67b0a2c618074f2cd9 -> 
  custom:container-demuxer-webm: 4f35f7cbe854078d1ac9338744f61a02 -> 
  custom:container-muxer-webm: aa71ff27fc2769a1b78a27578f13a17b -> 
  custom:video-decoder-webm-vp8: 9c59270c3fd7afecdb556c50c9e8de78 -> 
  custom:SearchIndexIgnoredProperties: e643bd26f0fe6173181afceb89e7c659 -> 
  custom:AudioImporter_EditorPlatform: d09bf68614088b80899f8185d706f6e7 -> 
  custom:video-encoder-webm-vp8: eb34c28f22e8b96e1ab97ce403110664 -> 
  custom:audio-decoder-ogg-vorbis: bf7c407c2cedff20999df2af8eb42d56 -> 
  custom:audio-encoder-webm-vorbis: bf7c407c2cedff20999df2af8eb42d56 -> 
========================================================================
Received Import Request.
  Time since last request: 2460223.028885 seconds.
  path: Assets/Reversed Interactive/The Portal Collection
  artifactKey: Guid(6bb9ec8a685dc5e4492ceae25e38a602) Importer(815301076,1909f56bfc062723c751e8b465ee728b)
Start importing Assets/Reversed Interactive/The Portal Collection using Guid(6bb9ec8a685dc5e4492ceae25e38a602) Importer(815301076,1909f56bfc062723c751e8b465ee728b)  -> (artifact id: 'cd928e3b6b4aa71cf3e018478650e0f1') in 0.007659 seconds
Number of updated asset objects reloaded before import = 0
Number of asset objects unloaded after import = 0
========================================================================
Received Import Request.
  Time since last request: 1.635416 seconds.
  path: Assets/Reversed Interactive/The Portal Collection/Prefabs/PortalFive.prefab
  artifactKey: Guid(f546e48c3995d33479c34ed605db241c) Importer(815301076,1909f56bfc062723c751e8b465ee728b)
Start importing Assets/Reversed Interactive/The Portal Collection/Prefabs/PortalFive.prefab using Guid(f546e48c3995d33479c34ed605db241c) Importer(815301076,1909f56bfc062723c751e8b465ee728b)  -> (artifact id: '4af83d0a33641585831794c577bf52cf') in 0.200690 seconds
Number of updated asset objects reloaded before import = 0
Number of asset objects unloaded after import = 23
========================================================================
Received Import Request.
  Time since last request: 0.000031 seconds.
  path: Assets/Reversed Interactive/The Portal Collection/Prefabs/PortalOne.prefab
  artifactKey: Guid(ab1ff9d9fd78cbd439f4aa6f36cb662d) Importer(815301076,1909f56bfc062723c751e8b465ee728b)
Start importing Assets/Reversed Interactive/The Portal Collection/Prefabs/PortalOne.prefab using Guid(ab1ff9d9fd78cbd439f4aa6f36cb662d) Importer(815301076,1909f56bfc062723c751e8b465ee728b)  -> (artifact id: '8e2205f661dfe9f93164f462abfa953c') in 0.023834 seconds
Number of updated asset objects reloaded before import = 0
Number of asset objects unloaded after import = 22
========================================================================
Received Import Request.
  Time since last request: 0.000024 seconds.
  path: Assets/Reversed Interactive/The Portal Collection/Prefabs/PortalNine.prefab
  artifactKey: Guid(21fdb9a07f682fc48891775718f94227) Importer(815301076,1909f56bfc062723c751e8b465ee728b)
Start importing Assets/Reversed Interactive/The Portal Collection/Prefabs/PortalNine.prefab using Guid(21fdb9a07f682fc48891775718f94227) Importer(815301076,1909f56bfc062723c751e8b465ee728b)  -> (artifact id: '870d276fc738704104971d8fe4c20ffd') in 0.119789 seconds
Number of updated asset objects reloaded before import = 0
Number of asset objects unloaded after import = 23
========================================================================
Received Import Request.
  Time since last request: 0.000044 seconds.
  path: Assets/Reversed Interactive/The Portal Collection/Prefabs/PortalFour.prefab
  artifactKey: Guid(7babc7f190d5bc3438611fc3ba4af654) Importer(815301076,1909f56bfc062723c751e8b465ee728b)
Start importing Assets/Reversed Interactive/The Portal Collection/Prefabs/PortalFour.prefab using Guid(7babc7f190d5bc3438611fc3ba4af654) Importer(815301076,1909f56bfc062723c751e8b465ee728b)  -> (artifact id: '312c9b3f1f2621c279efafe4368c5326') in 0.043118 seconds
Number of updated asset objects reloaded before import = 0
Number of asset objects unloaded after import = 22
========================================================================
Received Import Request.
  Time since last request: 29.147238 seconds.
  path: Assets/Reversed Interactive/The Portal Collection/Materials/PortalBlue.mat
  artifactKey: Guid(262698dcc29e1204894452225a97414b) Importer(815301076,1909f56bfc062723c751e8b465ee728b)
Start importing Assets/Reversed Interactive/The Portal Collection/Materials/PortalBlue.mat using Guid(262698dcc29e1204894452225a97414b) Importer(815301076,1909f56bfc062723c751e8b465ee728b)  -> (artifact id: '41e5d1aa388eee3a2c64072f92e108a0') in 0.031883 seconds
Number of updated asset objects reloaded before import = 0
Number of asset objects unloaded after import = 3
========================================================================
Received Import Request.
  Time since last request: 0.000022 seconds.
  path: Assets/Reversed Interactive/The Portal Collection/Materials/PortalEight_Albedo.mat
  artifactKey: Guid(8127d4b97d0285747ad035c705092b63) Importer(815301076,1909f56bfc062723c751e8b465ee728b)
Start importing Assets/Reversed Interactive/The Portal Collection/Materials/PortalEight_Albedo.mat using Guid(8127d4b97d0285747ad035c705092b63) Importer(815301076,1909f56bfc062723c751e8b465ee728b)  -> (artifact id: '118d311f3a316d2ebc2692d978776fea') in 0.018783 seconds
Number of updated asset objects reloaded before import = 0
Number of asset objects unloaded after import = 4
========================================================================
Received Import Request.
  Time since last request: 0.000020 seconds.
  path: Assets/Reversed Interactive/The Portal Collection/Materials/PortalThree_Albedo.mat
  artifactKey: Guid(35318d5501954074dbfe0121c7254570) Importer(815301076,1909f56bfc062723c751e8b465ee728b)
Start importing Assets/Reversed Interactive/The Portal Collection/Materials/PortalThree_Albedo.mat using Guid(35318d5501954074dbfe0121c7254570) Importer(815301076,1909f56bfc062723c751e8b465ee728b)  -> (artifact id: '6e96e1fe2e99d76e662332cfdf92fb04') in 0.036725 seconds
Number of updated asset objects reloaded before import = 0
Number of asset objects unloaded after import = 7
========================================================================
Received Import Request.
  Time since last request: 0.000025 seconds.
  path: Assets/Reversed Interactive/The Portal Collection/Materials/PortalTwo_Albedo.mat
  artifactKey: Guid(1d4658bbc87d95e4091015dec3406367) Importer(815301076,1909f56bfc062723c751e8b465ee728b)
Start importing Assets/Reversed Interactive/The Portal Collection/Materials/PortalTwo_Albedo.mat using Guid(1d4658bbc87d95e4091015dec3406367) Importer(815301076,1909f56bfc062723c751e8b465ee728b)  -> (artifact id: '08718bdb318e2d38179978dedf08a560') in 0.127531 seconds
Number of updated asset objects reloaded before import = 0
Number of asset objects unloaded after import = 4
========================================================================
Received Import Request.
  Time since last request: 0.000046 seconds.
  path: Assets/Reversed Interactive/The Portal Collection/Materials/PortalSix_Albedo.mat
  artifactKey: Guid(22c387dc6ba4ced40ab9324833522291) Importer(815301076,1909f56bfc062723c751e8b465ee728b)
Start importing Assets/Reversed Interactive/The Portal Collection/Materials/PortalSix_Albedo.mat using Guid(22c387dc6ba4ced40ab9324833522291) Importer(815301076,1909f56bfc062723c751e8b465ee728b)  -> (artifact id: 'e770bfabbe86e3b400c52116b0fcc573') in 0.054125 seconds
Number of updated asset objects reloaded before import = 0
Number of asset objects unloaded after import = 4
========================================================================
Received Import Request.
  Time since last request: 0.000065 seconds.
  path: Assets/Reversed Interactive/The Portal Collection/Materials/PortalViolet.mat
  artifactKey: Guid(555e9c432feb31a4d8f69bc071838b11) Importer(815301076,1909f56bfc062723c751e8b465ee728b)
Start importing Assets/Reversed Interactive/The Portal Collection/Materials/PortalViolet.mat using Guid(555e9c432feb31a4d8f69bc071838b11) Importer(815301076,1909f56bfc062723c751e8b465ee728b)  -> (artifact id: 'a9923ca62a6077474c217149a54aa969') in 0.028158 seconds
Number of updated asset objects reloaded before import = 0
Number of asset objects unloaded after import = 3
========================================================================
Received Import Request.
  Time since last request: 0.000019 seconds.
  path: Assets/Reversed Interactive/The Portal Collection/Materials/PortalSix_2_Albedo.mat
  artifactKey: Guid(f0d8d8a61229b794ea2429896978a02b) Importer(815301076,1909f56bfc062723c751e8b465ee728b)
Start importing Assets/Reversed Interactive/The Portal Collection/Materials/PortalSix_2_Albedo.mat using Guid(f0d8d8a61229b794ea2429896978a02b) Importer(815301076,1909f56bfc062723c751e8b465ee728b)  -> (artifact id: '4a27ec3259936c0d7bc201e6882f3f72') in 0.025346 seconds
Number of updated asset objects reloaded before import = 0
Number of asset objects unloaded after import = 5
========================================================================
Received Import Request.
  Time since last request: 42.074090 seconds.
  path: Assets/Reversed Interactive/The Portal Collection/Textures/FallOffOne3.png
  artifactKey: Guid(1d52bc6a9ebf7154092d9d367bceea04) Importer(815301076,1909f56bfc062723c751e8b465ee728b)
Start importing Assets/Reversed Interactive/The Portal Collection/Textures/FallOffOne3.png using Guid(1d52bc6a9ebf7154092d9d367bceea04) Importer(815301076,1909f56bfc062723c751e8b465ee728b)  -> (artifact id: 'a1acbf64fdbccafc94d9b8f402af1ad3') in 0.031857 seconds
Number of updated asset objects reloaded before import = 0
Number of asset objects unloaded after import = 2
========================================================================
Received Import Request.
  Time since last request: 0.000033 seconds.
  path: Assets/Reversed Interactive/The Portal Collection/Textures/PortalEight_Normal.png
  artifactKey: Guid(59590a5f17460cb409ac535d3712eac3) Importer(815301076,1909f56bfc062723c751e8b465ee728b)
Start importing Assets/Reversed Interactive/The Portal Collection/Textures/PortalEight_Normal.png using Guid(59590a5f17460cb409ac535d3712eac3) Importer(815301076,1909f56bfc062723c751e8b465ee728b)  -> (artifact id: 'c70b597ec1aca46f5c3d6da2090ca2fa') in 0.041963 seconds
Number of updated asset objects reloaded before import = 0
Number of asset objects unloaded after import = 2
========================================================================
Received Import Request.
  Time since last request: 0.000022 seconds.
  path: Assets/Reversed Interactive/The Portal Collection/Textures/PortalFive_Emissive.png
  artifactKey: Guid(d46a6c5b5ac8bc04db17c4154dd0f89f) Importer(815301076,1909f56bfc062723c751e8b465ee728b)
Start importing Assets/Reversed Interactive/The Portal Collection/Textures/PortalFive_Emissive.png using Guid(d46a6c5b5ac8bc04db17c4154dd0f89f) Importer(815301076,1909f56bfc062723c751e8b465ee728b)  -> (artifact id: '83417e0d500f40044eec2e1598c663e3') in 0.027989 seconds
Number of updated asset objects reloaded before import = 0
Number of asset objects unloaded after import = 2
========================================================================
Received Import Request.
  Time since last request: 0.000037 seconds.
  path: Assets/Reversed Interactive/The Portal Collection/Textures/PortalFive_Normal.png
  artifactKey: Guid(e75322bd4011bfe4e995d81adc10dc9d) Importer(815301076,1909f56bfc062723c751e8b465ee728b)
Start importing Assets/Reversed Interactive/The Portal Collection/Textures/PortalFive_Normal.png using Guid(e75322bd4011bfe4e995d81adc10dc9d) Importer(815301076,1909f56bfc062723c751e8b465ee728b)  -> (artifact id: '3e032cd6be99171bbc60319f9a1c1b4c') in 0.028906 seconds
Number of updated asset objects reloaded before import = 0
Number of asset objects unloaded after import = 2
========================================================================
Received Import Request.
  Time since last request: 0.000020 seconds.
  path: Assets/Reversed Interactive/The Portal Collection/Textures/PortalNine_Mask.png
  artifactKey: Guid(e217582fcf9592441ba29ed402195ec6) Importer(815301076,1909f56bfc062723c751e8b465ee728b)
Start importing Assets/Reversed Interactive/The Portal Collection/Textures/PortalNine_Mask.png using Guid(e217582fcf9592441ba29ed402195ec6) Importer(815301076,1909f56bfc062723c751e8b465ee728b)  -> (artifact id: 'caabe9c7b8f6872df414ace351e99267') in 0.044994 seconds
Number of updated asset objects reloaded before import = 0
Number of asset objects unloaded after import = 2
========================================================================
Received Import Request.
  Time since last request: 0.000045 seconds.
  path: Assets/Reversed Interactive/The Portal Collection/Textures/PortalThree_Albedo.tga
  artifactKey: Guid(d6806d6697920c2478fa3fb3870d9996) Importer(815301076,1909f56bfc062723c751e8b465ee728b)
Start importing Assets/Reversed Interactive/The Portal Collection/Textures/PortalThree_Albedo.tga using Guid(d6806d6697920c2478fa3fb3870d9996) Importer(815301076,1909f56bfc062723c751e8b465ee728b)  -> (artifact id: '1e8f66783810230fd63c9f5a0e042482') in 0.028204 seconds
Number of updated asset objects reloaded before import = 0
Number of asset objects unloaded after import = 2
========================================================================
Received Import Request.
  Time since last request: 0.000069 seconds.
  path: Assets/Reversed Interactive/The Portal Collection/Textures/PortalFour_Normal.png
  artifactKey: Guid(cb6707f19404eeb40b687d959fa9a231) Importer(815301076,1909f56bfc062723c751e8b465ee728b)
Start importing Assets/Reversed Interactive/The Portal Collection/Textures/PortalFour_Normal.png using Guid(cb6707f19404eeb40b687d959fa9a231) Importer(815301076,1909f56bfc062723c751e8b465ee728b)  -> (artifact id: '5ac96f9335a6cdf07d72753aa38323f5') in 0.031768 seconds
Number of updated asset objects reloaded before import = 0
Number of asset objects unloaded after import = 2
========================================================================
Received Import Request.
  Time since last request: 0.000029 seconds.
  path: Assets/Reversed Interactive/The Portal Collection/Textures/PortalSeven_Albedo.png
  artifactKey: Guid(9a73837df3ba16c4890bdfa6912e6203) Importer(815301076,1909f56bfc062723c751e8b465ee728b)
Start importing Assets/Reversed Interactive/The Portal Collection/Textures/PortalSeven_Albedo.png using Guid(9a73837df3ba16c4890bdfa6912e6203) Importer(815301076,1909f56bfc062723c751e8b465ee728b)  -> (artifact id: '97017d3d97b9ec32e293d990b7a09e6f') in 0.041319 seconds
Number of updated asset objects reloaded before import = 0
Number of asset objects unloaded after import = 2
========================================================================
Received Import Request.
  Time since last request: 0.000067 seconds.
  path: Assets/Reversed Interactive/The Portal Collection/Textures/PortalFour_Mask.png
  artifactKey: Guid(1548276d7981a49488517b7e60ca3601) Importer(815301076,1909f56bfc062723c751e8b465ee728b)
Start importing Assets/Reversed Interactive/The Portal Collection/Textures/PortalFour_Mask.png using Guid(1548276d7981a49488517b7e60ca3601) Importer(815301076,1909f56bfc062723c751e8b465ee728b)  -> (artifact id: '1e832f60a88d70e7b2e2e554d8d98895') in 0.028595 seconds
Number of updated asset objects reloaded before import = 0
Number of asset objects unloaded after import = 2
========================================================================
Received Import Request.
  Time since last request: 0.000025 seconds.
  path: Assets/Reversed Interactive/The Portal Collection/Textures/Noise2.png
  artifactKey: Guid(2bf14503c35a6e94dbd52405f234574a) Importer(815301076,1909f56bfc062723c751e8b465ee728b)
Start importing Assets/Reversed Interactive/The Portal Collection/Textures/Noise2.png using Guid(2bf14503c35a6e94dbd52405f234574a) Importer(815301076,1909f56bfc062723c751e8b465ee728b)  -> (artifact id: '29a33cf6a9186f475a8fded039895f58') in 0.020758 seconds
Number of updated asset objects reloaded before import = 0
Number of asset objects unloaded after import = 2
========================================================================
Received Import Request.
  Time since last request: 0.000038 seconds.
  path: Assets/Reversed Interactive/The Portal Collection/Textures/Noise3.png
  artifactKey: Guid(38a3e5748fa28934bbf0ae9d4d8feb0f) Importer(815301076,1909f56bfc062723c751e8b465ee728b)
Start importing Assets/Reversed Interactive/The Portal Collection/Textures/Noise3.png using Guid(38a3e5748fa28934bbf0ae9d4d8feb0f) Importer(815301076,1909f56bfc062723c751e8b465ee728b)  -> (artifact id: '317bf22381eebf666db2ad548e01cd15') in 0.024413 seconds
Number of updated asset objects reloaded before import = 0
Number of asset objects unloaded after import = 2
========================================================================
Received Import Request.
  Time since last request: 0.000020 seconds.
  path: Assets/Reversed Interactive/The Portal Collection/Textures/PortalSix_2_Mask.png
  artifactKey: Guid(82e2a32bb55539342a226f48850c3659) Importer(815301076,1909f56bfc062723c751e8b465ee728b)
Start importing Assets/Reversed Interactive/The Portal Collection/Textures/PortalSix_2_Mask.png using Guid(82e2a32bb55539342a226f48850c3659) Importer(815301076,1909f56bfc062723c751e8b465ee728b)  -> (artifact id: 'ee29d6af74474a0f29cf1fa688af3c91') in 0.023354 seconds
Number of updated asset objects reloaded before import = 0
Number of asset objects unloaded after import = 2
========================================================================
Received Import Request.
  Time since last request: 0.000039 seconds.
  path: Assets/Reversed Interactive/The Portal Collection/Textures/wuze85y.png
  artifactKey: Guid(eb861e91cec07b546a5bea8f6b4b3df0) Importer(815301076,1909f56bfc062723c751e8b465ee728b)
Start importing Assets/Reversed Interactive/The Portal Collection/Textures/wuze85y.png using Guid(eb861e91cec07b546a5bea8f6b4b3df0) Importer(815301076,1909f56bfc062723c751e8b465ee728b)  -> (artifact id: '5b17a3542844761a8385f6480b70cf86') in 0.022128 seconds
Number of updated asset objects reloaded before import = 0
Number of asset objects unloaded after import = 2
========================================================================
Received Import Request.
  Time since last request: 0.000026 seconds.
  path: Assets/Reversed Interactive/The Portal Collection/Textures/PortalFive_Albedo.png
  artifactKey: Guid(1d7776e169a4f60479e9d41f44dba3c1) Importer(815301076,1909f56bfc062723c751e8b465ee728b)
Start importing Assets/Reversed Interactive/The Portal Collection/Textures/PortalFive_Albedo.png using Guid(1d7776e169a4f60479e9d41f44dba3c1) Importer(815301076,1909f56bfc062723c751e8b465ee728b)  -> (artifact id: '369e6a61885cddca98d608e0ab32b74f') in 0.021112 seconds
Number of updated asset objects reloaded before import = 0
Number of asset objects unloaded after import = 2
========================================================================
Received Import Request.
  Time since last request: 0.000062 seconds.
  path: Assets/Reversed Interactive/The Portal Collection/Textures/PortalOne_Albedo.png
  artifactKey: Guid(58c8f57c2a85b254faca6e413eea9b59) Importer(815301076,1909f56bfc062723c751e8b465ee728b)
Start importing Assets/Reversed Interactive/The Portal Collection/Textures/PortalOne_Albedo.png using Guid(58c8f57c2a85b254faca6e413eea9b59) Importer(815301076,1909f56bfc062723c751e8b465ee728b)  -> (artifact id: 'c7231140859ab8f97eafde4bdbcd23a3') in 0.023797 seconds
Number of updated asset objects reloaded before import = 0
Number of asset objects unloaded after import = 2
========================================================================
Received Import Request.
  Time since last request: 0.000022 seconds.
  path: Assets/Reversed Interactive/The Portal Collection/Textures/flowmapH 1.png
  artifactKey: Guid(6985d83f4b8b43a4890b642fd54c36c7) Importer(815301076,1909f56bfc062723c751e8b465ee728b)
Start importing Assets/Reversed Interactive/The Portal Collection/Textures/flowmapH 1.png using Guid(6985d83f4b8b43a4890b642fd54c36c7) Importer(815301076,1909f56bfc062723c751e8b465ee728b)  -> (artifact id: 'be2b841fe9e54096714080d217bc49b0') in 0.023151 seconds
Number of updated asset objects reloaded before import = 0
Number of asset objects unloaded after import = 2
========================================================================
Received Import Request.
  Time since last request: 0.000024 seconds.
  path: Assets/Reversed Interactive/The Portal Collection/Textures/PortalNine_Albedo.png
  artifactKey: Guid(e6d1ede72ab399347ad9a04e0f09899b) Importer(815301076,1909f56bfc062723c751e8b465ee728b)
Start importing Assets/Reversed Interactive/The Portal Collection/Textures/PortalNine_Albedo.png using Guid(e6d1ede72ab399347ad9a04e0f09899b) Importer(815301076,1909f56bfc062723c751e8b465ee728b)  -> (artifact id: '9121e77122b72a0a0db6a2add95f2997') in 0.048753 seconds
Number of updated asset objects reloaded before import = 0
Number of asset objects unloaded after import = 2
========================================================================
Received Import Request.
  Time since last request: 2.505823 seconds.
  path: Assets/Reversed Interactive/The Portal Collection/FBX/PortalFour.fbx
  artifactKey: Guid(dc158e837d114774794d6aed53db9698) Importer(815301076,1909f56bfc062723c751e8b465ee728b)
Start importing Assets/Reversed Interactive/The Portal Collection/FBX/PortalFour.fbx using Guid(dc158e837d114774794d6aed53db9698) Importer(815301076,1909f56bfc062723c751e8b465ee728b)  -> (artifact id: 'eb85003502f21d5dbf70b56576b3ac03') in 0.063382 seconds
Number of updated asset objects reloaded before import = 0
Number of asset objects unloaded after import = 15
========================================================================
Received Import Request.
  Time since last request: 0.000026 seconds.
  path: Assets/Reversed Interactive/The Portal Collection/FBX/PortalThree.fbx
  artifactKey: Guid(d3c303e2718ceb849a53d39eab94c4ad) Importer(815301076,1909f56bfc062723c751e8b465ee728b)
Start importing Assets/Reversed Interactive/The Portal Collection/FBX/PortalThree.fbx using Guid(d3c303e2718ceb849a53d39eab94c4ad) Importer(815301076,1909f56bfc062723c751e8b465ee728b)  -> (artifact id: 'd4fe8852e954d98cce136458e39eae61') in 0.076013 seconds
Number of updated asset objects reloaded before import = 0
Number of asset objects unloaded after import = 17
========================================================================
Received Import Request.
  Time since last request: 0.000032 seconds.
  path: Assets/Reversed Interactive/The Portal Collection/FBX/PortalOne.fbx
  artifactKey: Guid(da0f300430d891c4fa7ccbaf96825421) Importer(815301076,1909f56bfc062723c751e8b465ee728b)
Start importing Assets/Reversed Interactive/The Portal Collection/FBX/PortalOne.fbx using Guid(da0f300430d891c4fa7ccbaf96825421) Importer(815301076,1909f56bfc062723c751e8b465ee728b)  -> (artifact id: 'fb6118f7a37e351d64f54f14d7350c15') in 0.052093 seconds
Number of updated asset objects reloaded before import = 0
Number of asset objects unloaded after import = 15
========================================================================
Received Import Request.
  Time since last request: 4.830673 seconds.
  path: Assets/Reversed Interactive/The Portal Collection/Settings/SampleScenePostProcessingSettings.asset
  artifactKey: Guid(183cbd347d25080429f42b520742bbd8) Importer(815301076,1909f56bfc062723c751e8b465ee728b)
Start importing Assets/Reversed Interactive/The Portal Collection/Settings/SampleScenePostProcessingSettings.asset using Guid(183cbd347d25080429f42b520742bbd8) Importer(815301076,1909f56bfc062723c751e8b465ee728b)  -> (artifact id: '17c192b0f8641ebf8ef5fe22f9650419') in 0.001398 seconds
Number of updated asset objects reloaded before import = 0
Number of asset objects unloaded after import = 1
Editor requested this worker to shutdown with reason: Scaling down because of idle timeout
TcpMessagingSession - receive error: operation aborted. errorcode: 995, details: ќпераци€ ввода/вывода была прервана из-за завершени€ потока команд или по запросу приложени€.
AssetImportWorker is now disconnected from the server
Process exiting
Exiting without the bug reporter. Application will terminate with return code 0