Using pre-set license
Built from '2022.3/release' branch; Version is '2022.3.18f1 (d29bea25151d) revision 13802474'; Using compiler version '192829333'; Build Type 'Release'
OS: 'Windows 11  (10.0.22631) 64bit CoreSingleLanguage' Language: 'ru' Physical Memory: 16121 MB
BatchMode: 1, IsHumanControllingUs: 0, StartBugReporterOnCrash: 0, Is64bit: 1, IsPro: 1

COMMAND LINE ARGUMENTS:
C:\Program Files\Unity\Hub\Editor\2022.3.18f1\Editor\Unity.exe
-adb2
-batchMode
-noUpm
-name
AssetImportWorker2
-projectPath
C:/GD_project/Delta-game/Delta game
-logFile
Logs/AssetImportWorker2.log
-srvPort
61579
Successfully changed project path to: C:/GD_project/Delta-game/Delta game
C:/GD_project/Delta-game/Delta game
[UnityMemory] Configuration Parameters - Can be set up in boot.config
    "memorysetup-bucket-allocator-granularity=16"
    "memorysetup-bucket-allocator-bucket-count=8"
    "memorysetup-bucket-allocator-block-size=33554432"
    "memorysetup-bucket-allocator-block-count=8"
    "memorysetup-main-allocator-block-size=16777216"
    "memorysetup-thread-allocator-block-size=16777216"
    "memorysetup-gfx-main-allocator-block-size=16777216"
    "memorysetup-gfx-thread-allocator-block-size=16777216"
    "memorysetup-cache-allocator-block-size=4194304"
    "memorysetup-typetree-allocator-block-size=2097152"
    "memorysetup-profiler-bucket-allocator-granularity=16"
    "memorysetup-profiler-bucket-allocator-bucket-count=8"
    "memorysetup-profiler-bucket-allocator-block-size=33554432"
    "memorysetup-profiler-bucket-allocator-block-count=8"
    "memorysetup-profiler-allocator-block-size=16777216"
    "memorysetup-profiler-editor-allocator-block-size=1048576"
    "memorysetup-temp-allocator-size-main=16777216"
    "memorysetup-job-temp-allocator-block-size=2097152"
    "memorysetup-job-temp-allocator-block-size-background=1048576"
    "memorysetup-job-temp-allocator-reduction-small-platforms=262144"
    "memorysetup-allocator-temp-initial-block-size-main=262144"
    "memorysetup-allocator-temp-initial-block-size-worker=262144"
    "memorysetup-temp-allocator-size-background-worker=32768"
    "memorysetup-temp-allocator-size-job-worker=262144"
    "memorysetup-temp-allocator-size-preload-manager=33554432"
    "memorysetup-temp-allocator-size-nav-mesh-worker=65536"
    "memorysetup-temp-allocator-size-audio-worker=65536"
    "memorysetup-temp-allocator-size-cloud-worker=32768"
    "memorysetup-temp-allocator-size-gi-baking-worker=262144"
    "memorysetup-temp-allocator-size-gfx=262144"
Player connection [24688] Host "[IP] 10.91.53.218 [Port] 0 [Flags] 2 [Guid] 3822404425 [EditorId] 3822404425 [Version] 1048832 [Id] WindowsEditor(7,LAPTOP-LK7ADK1S) [Debug] 1 [PackageName] WindowsEditor [ProjectName] Editor" joined multi-casting on [225.0.0.222:54997]...

Player connection [24688] Host "[IP] 10.91.53.218 [Port] 0 [Flags] 2 [Guid] 3822404425 [EditorId] 3822404425 [Version] 1048832 [Id] WindowsEditor(7,LAPTOP-LK7ADK1S) [Debug] 1 [PackageName] WindowsEditor [ProjectName] Editor" joined alternative multi-casting on [225.0.0.222:34997]...

[Physics::Module] Initialized MultithreadedJobDispatcher with 11 workers.
Refreshing native plugins compatible for Editor in 9.40 ms, found 3 plugins.
Preloading 0 native plugins for Editor in 0.00 ms.
Initialize engine version: 2022.3.18f1 (d29bea25151d)
[Subsystems] Discovering subsystems at path C:/Program Files/Unity/Hub/Editor/2022.3.18f1/Editor/Data/Resources/UnitySubsystems
[Subsystems] Discovering subsystems at path C:/GD_project/Delta-game/Delta game/Assets
GfxDevice: creating device client; threaded=0; jobified=0
Direct3D:
    Version:  Direct3D 11.0 [level 11.1]
    Renderer: NVIDIA GeForce RTX 3050 Laptop GPU (ID=0x25a2)
    Vendor:   NVIDIA
    VRAM:     3964 MB
    Driver:   31.0.15.5152
Initialize mono
Mono path[0] = 'C:/Program Files/Unity/Hub/Editor/2022.3.18f1/Editor/Data/Managed'
Mono path[1] = 'C:/Program Files/Unity/Hub/Editor/2022.3.18f1/Editor/Data/MonoBleedingEdge/lib/mono/unityjit-win32'
Mono config path = 'C:/Program Files/Unity/Hub/Editor/2022.3.18f1/Editor/Data/MonoBleedingEdge/etc'
Using monoOptions --debugger-agent=transport=dt_socket,embedding=1,server=y,suspend=n,address=127.0.0.1:56564
Begin MonoManager ReloadAssembly
Registering precompiled unity dll's ...
Register platform support module: C:/Program Files/Unity/Hub/Editor/2022.3.18f1/Editor/Data/PlaybackEngines/WebGLSupport/UnityEditor.WebGL.Extensions.dll
Register platform support module: C:/Program Files/Unity/Hub/Editor/2022.3.18f1/Editor/Data/PlaybackEngines/WindowsStandaloneSupport/UnityEditor.WindowsStandalone.Extensions.dll
Registered in 0.008207 seconds.
- Loaded All Assemblies, in  0.408 seconds
Native extension for WindowsStandalone target not found
Native extension for WebGL target not found
Mono: successfully reloaded assembly
- Finished resetting the current domain, in  0.303 seconds
Domain Reload Profiling: 709ms
	BeginReloadAssembly (128ms)
		ExecutionOrderSort (0ms)
		DisableScriptedObjects (0ms)
		BackupInstance (0ms)
		ReleaseScriptingObjects (0ms)
		CreateAndSetChildDomain (1ms)
	RebuildCommonClasses (37ms)
	RebuildNativeTypeToScriptingClass (17ms)
	initialDomainReloadingComplete (69ms)
	LoadAllAssembliesAndSetupDomain (155ms)
		LoadAssemblies (126ms)
		RebuildTransferFunctionScriptingTraits (0ms)
		AnalyzeDomain (153ms)
			TypeCache.Refresh (151ms)
				TypeCache.ScanAssembly (136ms)
			ScanForSourceGeneratedMonoScriptInfo (0ms)
			ResolveRequiredComponents (1ms)
	FinalizeReload (303ms)
		ReleaseScriptCaches (0ms)
		RebuildScriptCaches (0ms)
		SetupLoadedEditorAssemblies (239ms)
			LogAssemblyErrors (0ms)
			InitializePlatformSupportModulesInManaged (10ms)
			SetLoadedEditorAssemblies (6ms)
			RefreshPlugins (0ms)
			BeforeProcessingInitializeOnLoad (2ms)
			ProcessInitializeOnLoadAttributes (165ms)
			ProcessInitializeOnLoadMethodAttributes (56ms)
			AfterProcessingInitializeOnLoad (0ms)
			EditorAssembliesLoaded (0ms)
		ExecutionOrderSort2 (0ms)
		AwakeInstancesAfterBackupRestoration (0ms)
========================================================================
Worker process is ready to serve import requests
Begin MonoManager ReloadAssembly
- Loaded All Assemblies, in  0.747 seconds
Refreshing native plugins compatible for Editor in 2.68 ms, found 3 plugins.
Native extension for WindowsStandalone target not found
Native extension for WebGL target not found
Package Manager log level set to [2]
[Package Manager] Server::EnsureServerProcessIsRunning -- launch failed, reason: Unity was launched with the -noUpm command-line argument
[Package Manager] UpmClient::Send -- Unable to send message (not connected to UPM process).
[Package Manager] Cannot connect to Unity Package Manager local server
Mono: successfully reloaded assembly
- Finished resetting the current domain, in  0.596 seconds
Domain Reload Profiling: 1340ms
	BeginReloadAssembly (173ms)
		ExecutionOrderSort (0ms)
		DisableScriptedObjects (7ms)
		BackupInstance (0ms)
		ReleaseScriptingObjects (0ms)
		CreateAndSetChildDomain (24ms)
	RebuildCommonClasses (37ms)
	RebuildNativeTypeToScriptingClass (15ms)
	initialDomainReloadingComplete (49ms)
	LoadAllAssembliesAndSetupDomain (471ms)
		LoadAssemblies (366ms)
		RebuildTransferFunctionScriptingTraits (0ms)
		AnalyzeDomain (206ms)
			TypeCache.Refresh (182ms)
				TypeCache.ScanAssembly (161ms)
			ScanForSourceGeneratedMonoScriptInfo (16ms)
			ResolveRequiredComponents (7ms)
	FinalizeReload (596ms)
		ReleaseScriptCaches (0ms)
		RebuildScriptCaches (0ms)
		SetupLoadedEditorAssemblies (413ms)
			LogAssemblyErrors (0ms)
			InitializePlatformSupportModulesInManaged (7ms)
			SetLoadedEditorAssemblies (5ms)
			RefreshPlugins (0ms)
			BeforeProcessingInitializeOnLoad (57ms)
			ProcessInitializeOnLoadAttributes (321ms)
			ProcessInitializeOnLoadMethodAttributes (17ms)
			AfterProcessingInitializeOnLoad (6ms)
			EditorAssembliesLoaded (0ms)
		ExecutionOrderSort2 (0ms)
		AwakeInstancesAfterBackupRestoration (8ms)
Launched and connected shader compiler UnityShaderCompiler.exe after 0.05 seconds
Refreshing native plugins compatible for Editor in 4.47 ms, found 3 plugins.
Preloading 0 native plugins for Editor in 0.00 ms.
Unloading 3494 Unused Serialized files (Serialized files now loaded: 0)
Unloading 49 unused Assets / (2.1 MB). Loaded Objects now: 3973.
Memory consumption went from 179.2 MB to 177.1 MB.
Total: 8.805500 ms (FindLiveObjects: 0.448200 ms CreateObjectMapping: 0.308300 ms MarkObjects: 7.099800 ms  DeleteObjects: 0.946900 ms)

AssetImportParameters requested are different than current active one (requested -> active):
  custom:container-demuxer-ogg: 62fdf1f143b41e24485cea50d1cbac27 -> 
  custom:video-codec-MediaFoundation-h265: 746d11721c4dcdbdad8f713fa42b33f4 -> 
  custom:video-decoder-ogg-theora: a1e56fd34408186e4bbccfd4996cb3dc -> 
  custom:framework-win-MediaFoundation: 216162199b28c13a410421893ffa2e32 -> 
  custom:CustomObjectIndexerAttribute: 6d391050e5a25f67b0a2c618074f2cd9 -> 
  custom:container-demuxer-webm: 4f35f7cbe854078d1ac9338744f61a02 -> 
  custom:container-muxer-webm: aa71ff27fc2769a1b78a27578f13a17b -> 
  custom:video-decoder-webm-vp8: 9c59270c3fd7afecdb556c50c9e8de78 -> 
  custom:SearchIndexIgnoredProperties: e643bd26f0fe6173181afceb89e7c659 -> 
  custom:AudioImporter_EditorPlatform: d09bf68614088b80899f8185d706f6e7 -> 
  custom:video-encoder-webm-vp8: eb34c28f22e8b96e1ab97ce403110664 -> 
  custom:audio-decoder-ogg-vorbis: bf7c407c2cedff20999df2af8eb42d56 -> 
  custom:audio-encoder-webm-vorbis: bf7c407c2cedff20999df2af8eb42d56 -> 
========================================================================
Received Import Request.
  Time since last request: 697627.868367 seconds.
  path: Assets/Santuary/Scenes/Sanctuary/Lightmap-24_comp_light.exr
  artifactKey: Guid(7aa50bdf427c4fd448bd5cc818e25e55) Importer(815301076,1909f56bfc062723c751e8b465ee728b)
Start importing Assets/Santuary/Scenes/Sanctuary/Lightmap-24_comp_light.exr using Guid(7aa50bdf427c4fd448bd5cc818e25e55) Importer(815301076,1909f56bfc062723c751e8b465ee728b)  -> (artifact id: '01ec2f139a37cb0b0679e32cc4aa1071') in 0.123029 seconds
Number of updated asset objects reloaded before import = 0
Number of asset objects unloaded after import = 2
========================================================================
Received Import Request.
  Time since last request: 0.000044 seconds.
  path: Assets/Santuary/Scenes/Sanctuary/Lightmap-23_comp_dir.exr
  artifactKey: Guid(f01f7c5d753f5f8459e827c1f6a7500d) Importer(815301076,1909f56bfc062723c751e8b465ee728b)
Start importing Assets/Santuary/Scenes/Sanctuary/Lightmap-23_comp_dir.exr using Guid(f01f7c5d753f5f8459e827c1f6a7500d) Importer(815301076,1909f56bfc062723c751e8b465ee728b)  -> (artifact id: '04c09d2561aceb60e4de503ffb685c5d') in 0.018057 seconds
Number of updated asset objects reloaded before import = 0
Number of asset objects unloaded after import = 2
========================================================================
Received Import Request.
  Time since last request: 0.000022 seconds.
  path: Assets/Santuary/Scenes/Sanctuary/Lightmap-21_comp_dir.exr
  artifactKey: Guid(ca274d7d9bdafc5438ec67ea80cbb37e) Importer(815301076,1909f56bfc062723c751e8b465ee728b)
Start importing Assets/Santuary/Scenes/Sanctuary/Lightmap-21_comp_dir.exr using Guid(ca274d7d9bdafc5438ec67ea80cbb37e) Importer(815301076,1909f56bfc062723c751e8b465ee728b)  -> (artifact id: 'cec19cb53ac06bbf3f712d698bb0bc04') in 0.028022 seconds
Number of updated asset objects reloaded before import = 0
Number of asset objects unloaded after import = 2
========================================================================
Received Import Request.
  Time since last request: 0.000019 seconds.
  path: Assets/Santuary/Scenes/Sanctuary/Lightmap-0_comp_dir.exr
  artifactKey: Guid(ca6f13020c402b64b828e6125b40bd9b) Importer(815301076,1909f56bfc062723c751e8b465ee728b)
Start importing Assets/Santuary/Scenes/Sanctuary/Lightmap-0_comp_dir.exr using Guid(ca6f13020c402b64b828e6125b40bd9b) Importer(815301076,1909f56bfc062723c751e8b465ee728b)  -> (artifact id: '2958aa509b452e4ee408004a4a2257b5') in 0.016077 seconds
Number of updated asset objects reloaded before import = 0
Number of asset objects unloaded after import = 2
========================================================================
Received Import Request.
  Time since last request: 0.000019 seconds.
  path: Assets/Santuary/Scenes/Sanctuary/Lightmap-9_comp_dir.exr
  artifactKey: Guid(1bef6c30391f2e94ebf9c043516d3077) Importer(815301076,1909f56bfc062723c751e8b465ee728b)
Start importing Assets/Santuary/Scenes/Sanctuary/Lightmap-9_comp_dir.exr using Guid(1bef6c30391f2e94ebf9c043516d3077) Importer(815301076,1909f56bfc062723c751e8b465ee728b)  -> (artifact id: '4b77f307eb909818f02a3340fba2c278') in 0.016720 seconds
Number of updated asset objects reloaded before import = 0
Number of asset objects unloaded after import = 2
========================================================================
Received Import Request.
  Time since last request: 0.000019 seconds.
  path: Assets/Santuary/Scenes/Sanctuary/Lightmap-28_comp_light.exr
  artifactKey: Guid(5139f375c39764b41b621a9ee69a1b03) Importer(815301076,1909f56bfc062723c751e8b465ee728b)
Start importing Assets/Santuary/Scenes/Sanctuary/Lightmap-28_comp_light.exr using Guid(5139f375c39764b41b621a9ee69a1b03) Importer(815301076,1909f56bfc062723c751e8b465ee728b)  -> (artifact id: '64e008de7dd6447656781f81f29cb080') in 0.019522 seconds
Number of updated asset objects reloaded before import = 0
Number of asset objects unloaded after import = 2
========================================================================
Received Import Request.
  Time since last request: 0.000048 seconds.
  path: Assets/Santuary/Scenes/Sanctuary/Lightmap-25_comp_light.exr
  artifactKey: Guid(61ac4559934cebd4db67ac0f2a7e0885) Importer(815301076,1909f56bfc062723c751e8b465ee728b)
Start importing Assets/Santuary/Scenes/Sanctuary/Lightmap-25_comp_light.exr using Guid(61ac4559934cebd4db67ac0f2a7e0885) Importer(815301076,1909f56bfc062723c751e8b465ee728b)  -> (artifact id: '6eb0d4051d68911b57e0b09b22587818') in 0.019212 seconds
Number of updated asset objects reloaded before import = 0
Number of asset objects unloaded after import = 2
========================================================================
Received Import Request.
  Time since last request: 0.000019 seconds.
  path: Assets/Santuary/Scenes/Sanctuary/Lightmap-1_comp_light.exr
  artifactKey: Guid(17c0fb884df6c3c4a83a68855159dcdc) Importer(815301076,1909f56bfc062723c751e8b465ee728b)
Start importing Assets/Santuary/Scenes/Sanctuary/Lightmap-1_comp_light.exr using Guid(17c0fb884df6c3c4a83a68855159dcdc) Importer(815301076,1909f56bfc062723c751e8b465ee728b)  -> (artifact id: 'a56accbdc544fa8715f799bc01f43ca1') in 0.018348 seconds
Number of updated asset objects reloaded before import = 0
Number of asset objects unloaded after import = 2
========================================================================
Received Import Request.
  Time since last request: 0.000018 seconds.
  path: Assets/Santuary/Scenes/Sanctuary/Lightmap-37_comp_light.exr
  artifactKey: Guid(1cba687fa1ab4d342ba8be1cc1c5594d) Importer(815301076,1909f56bfc062723c751e8b465ee728b)
Start importing Assets/Santuary/Scenes/Sanctuary/Lightmap-37_comp_light.exr using Guid(1cba687fa1ab4d342ba8be1cc1c5594d) Importer(815301076,1909f56bfc062723c751e8b465ee728b)  -> (artifact id: 'b58c792e7319132690c1baef6f5fc9c0') in 0.017798 seconds
Number of updated asset objects reloaded before import = 0
Number of asset objects unloaded after import = 2
========================================================================
Received Import Request.
  Time since last request: 0.000104 seconds.
  path: Assets/Santuary/Scenes/Sanctuary/Lightmap-2_comp_light.exr
  artifactKey: Guid(1e3e1d14babcfaf40b650b611157e738) Importer(815301076,1909f56bfc062723c751e8b465ee728b)
Start importing Assets/Santuary/Scenes/Sanctuary/Lightmap-2_comp_light.exr using Guid(1e3e1d14babcfaf40b650b611157e738) Importer(815301076,1909f56bfc062723c751e8b465ee728b)  -> (artifact id: '4ac73c82eb52c3608c68675e2dc5f193') in 0.017916 seconds
Number of updated asset objects reloaded before import = 0
Number of asset objects unloaded after import = 2
========================================================================
Received Import Request.
  Time since last request: 0.000016 seconds.
  path: Assets/Santuary/Scenes/Sanctuary/Lightmap-29_comp_dir.exr
  artifactKey: Guid(9f50f7fd01e13e64d91d7722b2179491) Importer(815301076,1909f56bfc062723c751e8b465ee728b)
Start importing Assets/Santuary/Scenes/Sanctuary/Lightmap-29_comp_dir.exr using Guid(9f50f7fd01e13e64d91d7722b2179491) Importer(815301076,1909f56bfc062723c751e8b465ee728b)  -> (artifact id: '028ebf2d6679d16e82ceb6197bf9be14') in 0.016145 seconds
Number of updated asset objects reloaded before import = 0
Number of asset objects unloaded after import = 2
========================================================================
Received Import Request.
  Time since last request: 0.000018 seconds.
  path: Assets/Santuary/Scenes/Sanctuary/Lightmap-32_comp_light.exr
  artifactKey: Guid(7f27da623c3e1ba4383d4cbe408a8d33) Importer(815301076,1909f56bfc062723c751e8b465ee728b)
Start importing Assets/Santuary/Scenes/Sanctuary/Lightmap-32_comp_light.exr using Guid(7f27da623c3e1ba4383d4cbe408a8d33) Importer(815301076,1909f56bfc062723c751e8b465ee728b)  -> (artifact id: '94377fba58c508dc875c1dca8e093b02') in 0.017511 seconds
Number of updated asset objects reloaded before import = 0
Number of asset objects unloaded after import = 2
========================================================================
Received Import Request.
  Time since last request: 0.000028 seconds.
  path: Assets/Santuary/Scenes/Sanctuary/Lightmap-35_comp_light.exr
  artifactKey: Guid(0a4a8b9b0cd4d3345b7d4016826a6bf0) Importer(815301076,1909f56bfc062723c751e8b465ee728b)
Start importing Assets/Santuary/Scenes/Sanctuary/Lightmap-35_comp_light.exr using Guid(0a4a8b9b0cd4d3345b7d4016826a6bf0) Importer(815301076,1909f56bfc062723c751e8b465ee728b)  -> (artifact id: '1c7ea3d51a2da755bb9d86deac083d89') in 0.016945 seconds
Number of updated asset objects reloaded before import = 0
Number of asset objects unloaded after import = 2
========================================================================
Received Import Request.
  Time since last request: 0.000037 seconds.
  path: Assets/Santuary/Scenes/Sanctuary/Lightmap-47_comp_light.exr
  artifactKey: Guid(72c98c291f2ad36488241918af734727) Importer(815301076,1909f56bfc062723c751e8b465ee728b)
Start importing Assets/Santuary/Scenes/Sanctuary/Lightmap-47_comp_light.exr using Guid(72c98c291f2ad36488241918af734727) Importer(815301076,1909f56bfc062723c751e8b465ee728b)  -> (artifact id: '07291da3cf43c3c1f74eacd1b25ff8d3') in 0.016099 seconds
Number of updated asset objects reloaded before import = 0
Number of asset objects unloaded after import = 2
========================================================================
Received Import Request.
  Time since last request: 0.000018 seconds.
  path: Assets/Santuary/Scenes/Sanctuary/Lightmap-52_comp_dir.exr
  artifactKey: Guid(6bbb29b74a5bf0e489c67ad2ccad4e7e) Importer(815301076,1909f56bfc062723c751e8b465ee728b)
Start importing Assets/Santuary/Scenes/Sanctuary/Lightmap-52_comp_dir.exr using Guid(6bbb29b74a5bf0e489c67ad2ccad4e7e) Importer(815301076,1909f56bfc062723c751e8b465ee728b)  -> (artifact id: 'eb0e42dd5dfcb23c1761a3553c4bb24d') in 0.016614 seconds
Number of updated asset objects reloaded before import = 0
Number of asset objects unloaded after import = 2
========================================================================
Received Import Request.
  Time since last request: 0.000021 seconds.
  path: Assets/Santuary/Scenes/Sanctuary/Lightmap-54_comp_dir.exr
  artifactKey: Guid(d078668e1882fa04dae11e513e72255f) Importer(815301076,1909f56bfc062723c751e8b465ee728b)
Start importing Assets/Santuary/Scenes/Sanctuary/Lightmap-54_comp_dir.exr using Guid(d078668e1882fa04dae11e513e72255f) Importer(815301076,1909f56bfc062723c751e8b465ee728b)  -> (artifact id: '712dd2261bd9bf141ef6ebb1fb73448c') in 0.015503 seconds
Number of updated asset objects reloaded before import = 0
Number of asset objects unloaded after import = 2
========================================================================
Received Import Request.
  Time since last request: 0.000029 seconds.
  path: Assets/Santuary/Scenes/Sanctuary/Lightmap-12_comp_dir.exr
  artifactKey: Guid(357637ae426c8d74b899deab67060287) Importer(815301076,1909f56bfc062723c751e8b465ee728b)
Start importing Assets/Santuary/Scenes/Sanctuary/Lightmap-12_comp_dir.exr using Guid(357637ae426c8d74b899deab67060287) Importer(815301076,1909f56bfc062723c751e8b465ee728b)  -> (artifact id: '3b049ece26dde657660e04e3ca01f29f') in 0.016999 seconds
Number of updated asset objects reloaded before import = 0
Number of asset objects unloaded after import = 2
========================================================================
Received Import Request.
  Time since last request: 0.000056 seconds.
  path: Assets/Santuary/Scenes/Sanctuary/Lightmap-16_comp_dir.exr
  artifactKey: Guid(fe0ad30e61d4cf14abeba1cdfdee2131) Importer(815301076,1909f56bfc062723c751e8b465ee728b)
Start importing Assets/Santuary/Scenes/Sanctuary/Lightmap-16_comp_dir.exr using Guid(fe0ad30e61d4cf14abeba1cdfdee2131) Importer(815301076,1909f56bfc062723c751e8b465ee728b)  -> (artifact id: 'c95a9eb24e67eb8c80c4473a3d622a47') in 0.017721 seconds
Number of updated asset objects reloaded before import = 0
Number of asset objects unloaded after import = 2
========================================================================
Received Import Request.
  Time since last request: 0.000017 seconds.
  path: Assets/Santuary/Scenes/Sanctuary/Lightmap-45_comp_light.exr
  artifactKey: Guid(9f0d700895201664d8e45c4eb62eca69) Importer(815301076,1909f56bfc062723c751e8b465ee728b)
Start importing Assets/Santuary/Scenes/Sanctuary/Lightmap-45_comp_light.exr using Guid(9f0d700895201664d8e45c4eb62eca69) Importer(815301076,1909f56bfc062723c751e8b465ee728b)  -> (artifact id: '7c7457118560875ba2df8711739456e4') in 0.017899 seconds
Number of updated asset objects reloaded before import = 0
Number of asset objects unloaded after import = 2
========================================================================
Received Import Request.
  Time since last request: 0.000021 seconds.
  path: Assets/Santuary/Scenes/Sanctuary/Lightmap-63_comp_light.exr
  artifactKey: Guid(bfd3c750a43232048bda44b79dbd6fa1) Importer(815301076,1909f56bfc062723c751e8b465ee728b)
Start importing Assets/Santuary/Scenes/Sanctuary/Lightmap-63_comp_light.exr using Guid(bfd3c750a43232048bda44b79dbd6fa1) Importer(815301076,1909f56bfc062723c751e8b465ee728b)  -> (artifact id: '528288ca9d3500f089f2cca2bf667bfa') in 0.017518 seconds
Number of updated asset objects reloaded before import = 0
Number of asset objects unloaded after import = 2
========================================================================
Received Import Request.
  Time since last request: 0.000017 seconds.
  path: Assets/Santuary/Scenes/Sanctuary/Lightmap-70_comp_dir.exr
  artifactKey: Guid(66fe2df062f1f39448fbbeb82a8de26f) Importer(815301076,1909f56bfc062723c751e8b465ee728b)
Start importing Assets/Santuary/Scenes/Sanctuary/Lightmap-70_comp_dir.exr using Guid(66fe2df062f1f39448fbbeb82a8de26f) Importer(815301076,1909f56bfc062723c751e8b465ee728b)  -> (artifact id: '07bad0126603e54f72bc6dee4f35ec7e') in 0.012972 seconds
Number of updated asset objects reloaded before import = 0
Number of asset objects unloaded after import = 2
========================================================================
Received Import Request.
  Time since last request: 0.000016 seconds.
  path: Assets/Santuary/Scenes/Sanctuary/Lightmap-59_comp_light.exr
  artifactKey: Guid(5bbfefd2a81477d4abd6a29625418d23) Importer(815301076,1909f56bfc062723c751e8b465ee728b)
Start importing Assets/Santuary/Scenes/Sanctuary/Lightmap-59_comp_light.exr using Guid(5bbfefd2a81477d4abd6a29625418d23) Importer(815301076,1909f56bfc062723c751e8b465ee728b)  -> (artifact id: 'd8f7997c49e3940db4dbaa91a92690e0') in 0.015045 seconds
Number of updated asset objects reloaded before import = 0
Number of asset objects unloaded after import = 2
========================================================================
Received Import Request.
  Time since last request: 0.000021 seconds.
  path: Assets/Santuary/Scenes/Sanctuary/Lightmap-60_comp_dir.exr
  artifactKey: Guid(23fc3260e0860fe4cbe6f12060452db7) Importer(815301076,1909f56bfc062723c751e8b465ee728b)
Start importing Assets/Santuary/Scenes/Sanctuary/Lightmap-60_comp_dir.exr using Guid(23fc3260e0860fe4cbe6f12060452db7) Importer(815301076,1909f56bfc062723c751e8b465ee728b)  -> (artifact id: '7fbc4b597189f9e7000675c04932d0b1') in 0.018354 seconds
Number of updated asset objects reloaded before import = 0
Number of asset objects unloaded after import = 2
========================================================================
Received Import Request.
  Time since last request: 0.000025 seconds.
  path: Assets/Santuary/Scenes/Sanctuary/Lightmap-71_comp_dir.exr
  artifactKey: Guid(936f8971bb103b04faa5d881284c6510) Importer(815301076,1909f56bfc062723c751e8b465ee728b)
Start importing Assets/Santuary/Scenes/Sanctuary/Lightmap-71_comp_dir.exr using Guid(936f8971bb103b04faa5d881284c6510) Importer(815301076,1909f56bfc062723c751e8b465ee728b)  -> (artifact id: '953d4ca8a463e45ce7dafde4a1b70e1d') in 0.018000 seconds
Number of updated asset objects reloaded before import = 0
Number of asset objects unloaded after import = 2
========================================================================
Received Import Request.
  Time since last request: 0.000029 seconds.
  path: Assets/Santuary/Scenes/Sanctuary/Lightmap-3_comp_light.exr
  artifactKey: Guid(ac866576d7af36648928316b62e83074) Importer(815301076,1909f56bfc062723c751e8b465ee728b)
Start importing Assets/Santuary/Scenes/Sanctuary/Lightmap-3_comp_light.exr using Guid(ac866576d7af36648928316b62e83074) Importer(815301076,1909f56bfc062723c751e8b465ee728b)  -> (artifact id: 'ae8ca27c7958d31206fd5fa0378619ec') in 0.017984 seconds
Number of updated asset objects reloaded before import = 0
Number of asset objects unloaded after import = 2
========================================================================
Received Import Request.
  Time since last request: 0.000024 seconds.
  path: Assets/Santuary/Scenes/Sanctuary/Lightmap-31_comp_dir.exr
  artifactKey: Guid(d4fb409a51ea45641a66cb53a169373c) Importer(815301076,1909f56bfc062723c751e8b465ee728b)
Start importing Assets/Santuary/Scenes/Sanctuary/Lightmap-31_comp_dir.exr using Guid(d4fb409a51ea45641a66cb53a169373c) Importer(815301076,1909f56bfc062723c751e8b465ee728b)  -> (artifact id: 'ba38688a61ab229e2ad1ea9bf8887e61') in 0.017565 seconds
Number of updated asset objects reloaded before import = 0
Number of asset objects unloaded after import = 2
========================================================================
Received Import Request.
  Time since last request: 0.000018 seconds.
  path: Assets/Santuary/Scenes/Sanctuary/Lightmap-20_comp_dir.exr
  artifactKey: Guid(649f70d101c29d74f9d3bcb6922a41cf) Importer(815301076,1909f56bfc062723c751e8b465ee728b)
Start importing Assets/Santuary/Scenes/Sanctuary/Lightmap-20_comp_dir.exr using Guid(649f70d101c29d74f9d3bcb6922a41cf) Importer(815301076,1909f56bfc062723c751e8b465ee728b)  -> (artifact id: '0562e70453ff7834e983883c726c82ef') in 0.016546 seconds
Number of updated asset objects reloaded before import = 0
Number of asset objects unloaded after import = 2
========================================================================
Received Import Request.
  Time since last request: 0.000018 seconds.
  path: Assets/Santuary/Scenes/Sanctuary/Lightmap-69_comp_light.exr
  artifactKey: Guid(3a4a4c7a11fc9e24dbff6fc9103fe54d) Importer(815301076,1909f56bfc062723c751e8b465ee728b)
Start importing Assets/Santuary/Scenes/Sanctuary/Lightmap-69_comp_light.exr using Guid(3a4a4c7a11fc9e24dbff6fc9103fe54d) Importer(815301076,1909f56bfc062723c751e8b465ee728b)  -> (artifact id: '4bf6ab45e04b8a6a1019da8d41c295eb') in 0.016108 seconds
Number of updated asset objects reloaded before import = 0
Number of asset objects unloaded after import = 2
========================================================================
Received Import Request.
  Time since last request: 0.000024 seconds.
  path: Assets/Santuary/Scenes/Sanctuary
  artifactKey: Guid(c04fe3e1aceb6e24fad9987cdbf95192) Importer(815301076,1909f56bfc062723c751e8b465ee728b)
Start importing Assets/Santuary/Scenes/Sanctuary using Guid(c04fe3e1aceb6e24fad9987cdbf95192) Importer(815301076,1909f56bfc062723c751e8b465ee728b)  -> (artifact id: '9caf17e12804e55c314946b04a4eb22d') in 0.000684 seconds
Number of updated asset objects reloaded before import = 0
Number of asset objects unloaded after import = 0
========================================================================
Received Import Request.
  Time since last request: 0.000020 seconds.
  path: Assets/Santuary/Scenes/Sanctuary/Lightmap-48_comp_light.exr
  artifactKey: Guid(935ff240678dd2042b7905f2e904db1e) Importer(815301076,1909f56bfc062723c751e8b465ee728b)
Start importing Assets/Santuary/Scenes/Sanctuary/Lightmap-48_comp_light.exr using Guid(935ff240678dd2042b7905f2e904db1e) Importer(815301076,1909f56bfc062723c751e8b465ee728b)  -> (artifact id: '3c5ac40497f63680040bb4aa26b8afca') in 0.017198 seconds
Number of updated asset objects reloaded before import = 0
Number of asset objects unloaded after import = 2
========================================================================
Received Import Request.
  Time since last request: 0.000030 seconds.
  path: Assets/Santuary/Scenes/Sanctuary/Lightmap-27_comp_light.exr
  artifactKey: Guid(6d310e1f4c5d46248b3abf6ee1325635) Importer(815301076,1909f56bfc062723c751e8b465ee728b)
Start importing Assets/Santuary/Scenes/Sanctuary/Lightmap-27_comp_light.exr using Guid(6d310e1f4c5d46248b3abf6ee1325635) Importer(815301076,1909f56bfc062723c751e8b465ee728b)  -> (artifact id: '7ad7291ec27635331605b2d752e5ec95') in 0.016966 seconds
Number of updated asset objects reloaded before import = 0
Number of asset objects unloaded after import = 2
========================================================================
Received Import Request.
  Time since last request: 0.000019 seconds.
  path: Assets/Santuary/Scenes/Sanctuary/Lightmap-69_comp_dir.exr
  artifactKey: Guid(5297750088757d14ea07fbb03a8efb2d) Importer(815301076,1909f56bfc062723c751e8b465ee728b)
Start importing Assets/Santuary/Scenes/Sanctuary/Lightmap-69_comp_dir.exr using Guid(5297750088757d14ea07fbb03a8efb2d) Importer(815301076,1909f56bfc062723c751e8b465ee728b)  -> (artifact id: '2994b13f63ec26d7c69fb519fb170715') in 0.016693 seconds
Number of updated asset objects reloaded before import = 0
Number of asset objects unloaded after import = 2
========================================================================
Received Import Request.
  Time since last request: 0.000018 seconds.
  path: Assets/Santuary/Scenes/Sanctuary/Lightmap-43_comp_dir.exr
  artifactKey: Guid(fa2bf76f9e36d5a4ebe3d359faa57463) Importer(815301076,1909f56bfc062723c751e8b465ee728b)
Start importing Assets/Santuary/Scenes/Sanctuary/Lightmap-43_comp_dir.exr using Guid(fa2bf76f9e36d5a4ebe3d359faa57463) Importer(815301076,1909f56bfc062723c751e8b465ee728b)  -> (artifact id: '452ffa0d54a93a1f2dbfa5c3ec023560') in 0.015585 seconds
Number of updated asset objects reloaded before import = 0
Number of asset objects unloaded after import = 2
========================================================================
Received Import Request.
  Time since last request: 0.000018 seconds.
  path: Assets/Santuary/Scenes/Sanctuary/Lightmap-62_comp_light.exr
  artifactKey: Guid(faea7dcfb58f8dd4584a34aa0eafe90b) Importer(815301076,1909f56bfc062723c751e8b465ee728b)
Start importing Assets/Santuary/Scenes/Sanctuary/Lightmap-62_comp_light.exr using Guid(faea7dcfb58f8dd4584a34aa0eafe90b) Importer(815301076,1909f56bfc062723c751e8b465ee728b)  -> (artifact id: 'd94f7ac2abf9dbb5f5464ee8c42d2bc4') in 0.023030 seconds
Number of updated asset objects reloaded before import = 0
Number of asset objects unloaded after import = 2
========================================================================
Received Import Request.
  Time since last request: 0.000016 seconds.
  path: Assets/Santuary/Scenes/Sanctuary/Lightmap-46_comp_dir.exr
  artifactKey: Guid(8ba0d4f115184a64e8001b62865c17f3) Importer(815301076,1909f56bfc062723c751e8b465ee728b)
Start importing Assets/Santuary/Scenes/Sanctuary/Lightmap-46_comp_dir.exr using Guid(8ba0d4f115184a64e8001b62865c17f3) Importer(815301076,1909f56bfc062723c751e8b465ee728b)  -> (artifact id: 'e7803b0a525e9acceb152207ef7c03fe') in 0.016594 seconds
Number of updated asset objects reloaded before import = 0
Number of asset objects unloaded after import = 2
========================================================================
Received Import Request.
  Time since last request: 0.000062 seconds.
  path: Assets/Santuary/Scenes/Sanctuary/Lightmap-68_comp_light.exr
  artifactKey: Guid(eb46378d3f1f0724d896ef7974df6b06) Importer(815301076,1909f56bfc062723c751e8b465ee728b)
Start importing Assets/Santuary/Scenes/Sanctuary/Lightmap-68_comp_light.exr using Guid(eb46378d3f1f0724d896ef7974df6b06) Importer(815301076,1909f56bfc062723c751e8b465ee728b)  -> (artifact id: '1dc319b5c9f4aa51cbca6e0caa22ea88') in 0.017253 seconds
Number of updated asset objects reloaded before import = 0
Number of asset objects unloaded after import = 2
========================================================================
Received Import Request.
  Time since last request: 0.000036 seconds.
  path: Assets/Santuary/Scenes/Sanctuary/Lightmap-67_comp_dir.exr
  artifactKey: Guid(30be956f63c505248b1696366982fb7f) Importer(815301076,1909f56bfc062723c751e8b465ee728b)
Start importing Assets/Santuary/Scenes/Sanctuary/Lightmap-67_comp_dir.exr using Guid(30be956f63c505248b1696366982fb7f) Importer(815301076,1909f56bfc062723c751e8b465ee728b)  -> (artifact id: '762cc04c89e9a3e67ce00a8e5bee65d5') in 0.016566 seconds
Number of updated asset objects reloaded before import = 0
Number of asset objects unloaded after import = 2
========================================================================
Received Import Request.
  Time since last request: 0.000024 seconds.
  path: Assets/Santuary/Scenes/Sanctuary/Lightmap-7_comp_light.exr
  artifactKey: Guid(03f8ace19d95420428e6086a002d5db1) Importer(815301076,1909f56bfc062723c751e8b465ee728b)
Start importing Assets/Santuary/Scenes/Sanctuary/Lightmap-7_comp_light.exr using Guid(03f8ace19d95420428e6086a002d5db1) Importer(815301076,1909f56bfc062723c751e8b465ee728b)  -> (artifact id: 'f2567287ff27a132eee9d1b46ae201bc') in 0.015918 seconds
Number of updated asset objects reloaded before import = 0
Number of asset objects unloaded after import = 2
========================================================================
Received Import Request.
  Time since last request: 0.000020 seconds.
  path: Assets/Santuary/Scenes/Sanctuary/Lightmap-13_comp_dir.exr
  artifactKey: Guid(7fad13ec1444b464d82e616a7bfe193e) Importer(815301076,1909f56bfc062723c751e8b465ee728b)
Start importing Assets/Santuary/Scenes/Sanctuary/Lightmap-13_comp_dir.exr using Guid(7fad13ec1444b464d82e616a7bfe193e) Importer(815301076,1909f56bfc062723c751e8b465ee728b)  -> (artifact id: 'c99e851a55ab0d1b376ce59e6cf7ab6e') in 0.016224 seconds
Number of updated asset objects reloaded before import = 0
Number of asset objects unloaded after import = 2
========================================================================
Received Import Request.
  Time since last request: 0.000037 seconds.
  path: Assets/Santuary/Scenes/Sanctuary/Lightmap-56_comp_dir.exr
  artifactKey: Guid(6926887e554d56940ba9b048c4470af9) Importer(815301076,1909f56bfc062723c751e8b465ee728b)
Start importing Assets/Santuary/Scenes/Sanctuary/Lightmap-56_comp_dir.exr using Guid(6926887e554d56940ba9b048c4470af9) Importer(815301076,1909f56bfc062723c751e8b465ee728b)  -> (artifact id: '6ce30ff477226238ad4df3bb163ea4f1') in 0.016658 seconds
Number of updated asset objects reloaded before import = 0
Number of asset objects unloaded after import = 2
========================================================================
Received Import Request.
  Time since last request: 0.000017 seconds.
  path: Assets/Santuary/Scenes/Sanctuary/Lightmap-50_comp_dir.exr
  artifactKey: Guid(c1e57bd8af38b5a489279fa807888a9c) Importer(815301076,1909f56bfc062723c751e8b465ee728b)
Start importing Assets/Santuary/Scenes/Sanctuary/Lightmap-50_comp_dir.exr using Guid(c1e57bd8af38b5a489279fa807888a9c) Importer(815301076,1909f56bfc062723c751e8b465ee728b)  -> (artifact id: 'a1a9b4498980bdc71759deca9c5b5728') in 0.016369 seconds
Number of updated asset objects reloaded before import = 0
Number of asset objects unloaded after import = 2
========================================================================
Received Import Request.
  Time since last request: 0.000017 seconds.
  path: Assets/Santuary/Scenes/Sanctuary/Lightmap-32_comp_dir.exr
  artifactKey: Guid(5d749276379c1d64ba95cca40863bfec) Importer(815301076,1909f56bfc062723c751e8b465ee728b)
Start importing Assets/Santuary/Scenes/Sanctuary/Lightmap-32_comp_dir.exr using Guid(5d749276379c1d64ba95cca40863bfec) Importer(815301076,1909f56bfc062723c751e8b465ee728b)  -> (artifact id: '33aac310ed22bb5dda3f02951620e438') in 0.015813 seconds
Number of updated asset objects reloaded before import = 0
Number of asset objects unloaded after import = 2
========================================================================
Received Import Request.
  Time since last request: 0.000033 seconds.
  path: Assets/Santuary/Scenes/Sanctuary/Lightmap-34_comp_dir.exr
  artifactKey: Guid(e746152c267e073408085b8f54ecc3ef) Importer(815301076,1909f56bfc062723c751e8b465ee728b)
Start importing Assets/Santuary/Scenes/Sanctuary/Lightmap-34_comp_dir.exr using Guid(e746152c267e073408085b8f54ecc3ef) Importer(815301076,1909f56bfc062723c751e8b465ee728b)  -> (artifact id: '69ae98f45f8dde3400e77e84d9bab8b7') in 0.016909 seconds
Number of updated asset objects reloaded before import = 0
Number of asset objects unloaded after import = 2
========================================================================
Received Import Request.
  Time since last request: 0.000025 seconds.
  path: Assets/Santuary/Scenes/Sanctuary/Lightmap-65_comp_dir.exr
  artifactKey: Guid(aa6a8572dbaf83e4e91428142edcd87b) Importer(815301076,1909f56bfc062723c751e8b465ee728b)
Start importing Assets/Santuary/Scenes/Sanctuary/Lightmap-65_comp_dir.exr using Guid(aa6a8572dbaf83e4e91428142edcd87b) Importer(815301076,1909f56bfc062723c751e8b465ee728b)  -> (artifact id: 'f8c291e50674e74e9cf6489ebb13b56a') in 0.017618 seconds
Number of updated asset objects reloaded before import = 0
Number of asset objects unloaded after import = 2
========================================================================
Received Import Request.
  Time since last request: 0.000015 seconds.
  path: Assets/Santuary/Scenes/Sanctuary/Lightmap-49_comp_light.exr
  artifactKey: Guid(53c149206dbc07c468458a8001ecf367) Importer(815301076,1909f56bfc062723c751e8b465ee728b)
Start importing Assets/Santuary/Scenes/Sanctuary/Lightmap-49_comp_light.exr using Guid(53c149206dbc07c468458a8001ecf367) Importer(815301076,1909f56bfc062723c751e8b465ee728b)  -> (artifact id: '80dc0c73ccfee3449b9c4b73c77fcbf8') in 0.020053 seconds
Number of updated asset objects reloaded before import = 0
Number of asset objects unloaded after import = 2
========================================================================
Received Import Request.
  Time since last request: 0.000026 seconds.
  path: Assets/Santuary/Scenes/Sanctuary/Lightmap-33_comp_light.exr
  artifactKey: Guid(1b58b9f0290e7e34e977d624248b7b90) Importer(815301076,1909f56bfc062723c751e8b465ee728b)
Start importing Assets/Santuary/Scenes/Sanctuary/Lightmap-33_comp_light.exr using Guid(1b58b9f0290e7e34e977d624248b7b90) Importer(815301076,1909f56bfc062723c751e8b465ee728b)  -> (artifact id: 'de8ef0c2609b43d77fe576697f38382e') in 0.020321 seconds
Number of updated asset objects reloaded before import = 0
Number of asset objects unloaded after import = 2
========================================================================
Received Import Request.
  Time since last request: 0.000019 seconds.
  path: Assets/Santuary/Scenes/Sanctuary/Lightmap-36_comp_light.exr
  artifactKey: Guid(e1c62131c6e7fe44093cb9c4641abf3d) Importer(815301076,1909f56bfc062723c751e8b465ee728b)
Start importing Assets/Santuary/Scenes/Sanctuary/Lightmap-36_comp_light.exr using Guid(e1c62131c6e7fe44093cb9c4641abf3d) Importer(815301076,1909f56bfc062723c751e8b465ee728b)  -> (artifact id: '00838023537acc0c73936966eaa50564') in 0.017573 seconds
Number of updated asset objects reloaded before import = 0
Number of asset objects unloaded after import = 2
========================================================================
Received Import Request.
  Time since last request: 0.000024 seconds.
  path: Assets/Santuary/Scenes/Sanctuary/Lightmap-58_comp_dir.exr
  artifactKey: Guid(a53bbecba520d2f43bb04343acceda70) Importer(815301076,1909f56bfc062723c751e8b465ee728b)
Start importing Assets/Santuary/Scenes/Sanctuary/Lightmap-58_comp_dir.exr using Guid(a53bbecba520d2f43bb04343acceda70) Importer(815301076,1909f56bfc062723c751e8b465ee728b)  -> (artifact id: 'e879b5cb206f7aa61d1a5b567c045156') in 0.015816 seconds
Number of updated asset objects reloaded before import = 0
Number of asset objects unloaded after import = 2
========================================================================
Received Import Request.
  Time since last request: 0.000022 seconds.
  path: Assets/Santuary/Scenes/Sanctuary/Lightmap-0_comp_light.exr
  artifactKey: Guid(12f127755d9b9114fa4351bc5981f839) Importer(815301076,1909f56bfc062723c751e8b465ee728b)
Start importing Assets/Santuary/Scenes/Sanctuary/Lightmap-0_comp_light.exr using Guid(12f127755d9b9114fa4351bc5981f839) Importer(815301076,1909f56bfc062723c751e8b465ee728b)  -> (artifact id: '65bb9122b33924a61cb4e16e37c2538e') in 0.014981 seconds
Number of updated asset objects reloaded before import = 0
Number of asset objects unloaded after import = 2
========================================================================
Received Import Request.
  Time since last request: 1.752454 seconds.
  path: Assets/Santuary/Scenes/Sanctuary/Lightmap-72_comp_light.exr
  artifactKey: Guid(c590107c07226be429e9760fa5bc2d49) Importer(815301076,1909f56bfc062723c751e8b465ee728b)
Start importing Assets/Santuary/Scenes/Sanctuary/Lightmap-72_comp_light.exr using Guid(c590107c07226be429e9760fa5bc2d49) Importer(815301076,1909f56bfc062723c751e8b465ee728b)  -> (artifact id: '728b725be1cb0fa3319df6e8d8fb67d9') in 0.020092 seconds
Number of updated asset objects reloaded before import = 0
Number of asset objects unloaded after import = 2
========================================================================
Received Import Request.
  Time since last request: 0.000015 seconds.
  path: Assets/Santuary/Scenes/Sanctuary/LightmapSnapshot.asset
  artifactKey: Guid(02b6f832148f4284bbcbb7f284f7c537) Importer(815301076,1909f56bfc062723c751e8b465ee728b)
Start importing Assets/Santuary/Scenes/Sanctuary/LightmapSnapshot.asset using Guid(02b6f832148f4284bbcbb7f284f7c537) Importer(815301076,1909f56bfc062723c751e8b465ee728b) Lighting data asset ‘LightmapSnapshot’ is inconsistent because 238 files out of 1190 are missing. Please use Generate Lighting to rebuild the lighting data.
Lighting data asset ‘LightmapSnapshot’ is incompatible with the current Unity version. Please use Generate Lighting to rebuild the lighting data. Realtime Global Illumination cannot be used until the lighting data is rebuilt.
Lighting data asset ‘LightmapSnapshot’ is incompatible with the current Unity version because the scene it was baked for was not serialized. Please use Generate Lighting to rebuild the lighting data, or assign the target scene to the Lighting Data Asset in the inspector.
 -> (artifact id: '2ec1096458e1f50b9c593ab54521cc99') in 0.848531 seconds
Number of updated asset objects reloaded before import = 0
Number of asset objects unloaded after import = 1
========================================================================
Received Prepare
Begin MonoManager ReloadAssembly
- Loaded All Assemblies, in  0.522 seconds
Refreshing native plugins compatible for Editor in 3.98 ms, found 3 plugins.
Native extension for WindowsStandalone target not found
Native extension for WebGL target not found
[Package Manager] Server::EnsureServerProcessIsRunning -- launch failed, reason: Unity was launched with the -noUpm command-line argument
[Package Manager] UpmClient::Send -- Unable to send message (not connected to UPM process).
[Package Manager] Cannot connect to Unity Package Manager local server
Mono: successfully reloaded assembly
- Finished resetting the current domain, in  0.918 seconds
Domain Reload Profiling: 1437ms
	BeginReloadAssembly (176ms)
		ExecutionOrderSort (0ms)
		DisableScriptedObjects (5ms)
		BackupInstance (0ms)
		ReleaseScriptingObjects (0ms)
		CreateAndSetChildDomain (41ms)
	RebuildCommonClasses (29ms)
	RebuildNativeTypeToScriptingClass (17ms)
	initialDomainReloadingComplete (30ms)
	LoadAllAssembliesAndSetupDomain (267ms)
		LoadAssemblies (330ms)
		RebuildTransferFunctionScriptingTraits (0ms)
		AnalyzeDomain (19ms)
			TypeCache.Refresh (10ms)
				TypeCache.ScanAssembly (0ms)
			ScanForSourceGeneratedMonoScriptInfo (0ms)
			ResolveRequiredComponents (7ms)
	FinalizeReload (919ms)
		ReleaseScriptCaches (0ms)
		RebuildScriptCaches (0ms)
		SetupLoadedEditorAssemblies (423ms)
			LogAssemblyErrors (0ms)
			InitializePlatformSupportModulesInManaged (7ms)
			SetLoadedEditorAssemblies (4ms)
			RefreshPlugins (0ms)
			BeforeProcessingInitializeOnLoad (65ms)
			ProcessInitializeOnLoadAttributes (318ms)
			ProcessInitializeOnLoadMethodAttributes (21ms)
			AfterProcessingInitializeOnLoad (8ms)
			EditorAssembliesLoaded (0ms)
		ExecutionOrderSort2 (0ms)
		AwakeInstancesAfterBackupRestoration (8ms)
Refreshing native plugins compatible for Editor in 2.88 ms, found 3 plugins.
Preloading 0 native plugins for Editor in 0.00 ms.
Unloading 3374 Unused Serialized files (Serialized files now loaded: 0)
Unloading 40 unused Assets / (2.1 MB). Loaded Objects now: 3982.
Memory consumption went from 157.8 MB to 155.7 MB.
Total: 4.150500 ms (FindLiveObjects: 0.347100 ms CreateObjectMapping: 0.127100 ms MarkObjects: 2.966900 ms  DeleteObjects: 0.707900 ms)

Prepare: number of updated asset objects reloaded= 0
AssetImportParameters requested are different than current active one (requested -> active):
  custom:container-demuxer-ogg: 62fdf1f143b41e24485cea50d1cbac27 -> 
  custom:video-codec-MediaFoundation-h265: 746d11721c4dcdbdad8f713fa42b33f4 -> 
  custom:video-decoder-ogg-theora: a1e56fd34408186e4bbccfd4996cb3dc -> 
  custom:framework-win-MediaFoundation: 216162199b28c13a410421893ffa2e32 -> 
  custom:CustomObjectIndexerAttribute: 6d391050e5a25f67b0a2c618074f2cd9 -> 
  custom:container-demuxer-webm: 4f35f7cbe854078d1ac9338744f61a02 -> 
  custom:container-muxer-webm: aa71ff27fc2769a1b78a27578f13a17b -> 
  custom:video-decoder-webm-vp8: 9c59270c3fd7afecdb556c50c9e8de78 -> 
  custom:SearchIndexIgnoredProperties: e643bd26f0fe6173181afceb89e7c659 -> 
  custom:AudioImporter_EditorPlatform: d09bf68614088b80899f8185d706f6e7 -> 
  custom:video-encoder-webm-vp8: eb34c28f22e8b96e1ab97ce403110664 -> 
  custom:audio-decoder-ogg-vorbis: bf7c407c2cedff20999df2af8eb42d56 -> 
  custom:audio-encoder-webm-vorbis: bf7c407c2cedff20999df2af8eb42d56 -> 
========================================================================
Received Import Request.
  Time since last request: 56.413812 seconds.
  path: Assets/Santuary/Scenes/SanctuarySettings.lighting
  artifactKey: Guid(14ce23c6350205047a6448db7cc9eb0e) Importer(815301076,1909f56bfc062723c751e8b465ee728b)
Start importing Assets/Santuary/Scenes/SanctuarySettings.lighting using Guid(14ce23c6350205047a6448db7cc9eb0e) Importer(815301076,1909f56bfc062723c751e8b465ee728b) LightingSettings: switching bake backend from 1 to 0.
 -> (artifact id: '42ff5dedaf72d6d448607df3f74463f4') in 0.016002 seconds
Number of updated asset objects reloaded before import = 0
Number of asset objects unloaded after import = 1
